<?xml version="1.0" encoding="UTF-8"?>
<coverage generated="1551178901539" clover="3.2.0">
  <project timestamp="1551178901540" name="All files">
    <metrics statements="163" coveredstatements="161" conditionals="46" coveredconditionals="39" methods="76" coveredmethods="75" elements="285" coveredelements="275" complexity="0" loc="163" ncloc="163" packages="19" files="30" classes="30"/>
    <package name="action.actionCreator.login">
      <metrics statements="8" coveredstatements="8" conditionals="0" coveredconditionals="0" methods="6" coveredmethods="6"/>
      <file name="loginCreator.js" path="/Users/opioemmanuelomona/Documents/Github/Ah-frontend-guardians/src/action/actionCreator/login/loginCreator.js">
        <metrics statements="8" coveredstatements="8" conditionals="0" coveredconditionals="0" methods="6" coveredmethods="6"/>
        <line num="4" count="3" type="stmt"/>
        <line num="8" count="3" type="stmt"/>
        <line num="13" count="3" type="stmt"/>
        <line num="18" count="3" type="stmt"/>
        <line num="19" count="2" type="stmt"/>
        <line num="21" count="1" type="stmt"/>
        <line num="22" count="1" type="stmt"/>
        <line num="25" count="1" type="stmt"/>
      </file>
    </package>
    <package name="action.actionType.loginType">
      <metrics statements="2" coveredstatements="2" conditionals="0" coveredconditionals="0" methods="0" coveredmethods="0"/>
      <file name="loginType.js" path="/Users/opioemmanuelomona/Documents/Github/Ah-frontend-guardians/src/action/actionType/loginType/loginType.js">
        <metrics statements="2" coveredstatements="2" conditionals="0" coveredconditionals="0" methods="0" coveredmethods="0"/>
        <line num="1" count="7" type="stmt"/>
        <line num="2" count="7" type="stmt"/>
      </file>
    </package>
    <package name="actions">
      <metrics statements="2" coveredstatements="2" conditionals="0" coveredconditionals="0" methods="0" coveredmethods="0"/>
      <file name="index.js" path="/Users/opioemmanuelomona/Documents/Github/Ah-frontend-guardians/src/actions/index.js">
        <metrics statements="2" coveredstatements="2" conditionals="0" coveredconditionals="0" methods="0" coveredmethods="0"/>
        <line num="1" count="7" type="stmt"/>
        <line num="2" count="7" type="stmt"/>
      </file>
    </package>
    <package name="actions.articleActions">
      <metrics statements="25" coveredstatements="25" conditionals="4" coveredconditionals="2" methods="12" coveredmethods="12"/>
      <file name="ArticleActions.js" path="/Users/opioemmanuelomona/Documents/Github/Ah-frontend-guardians/src/actions/articleActions/ArticleActions.js">
        <metrics statements="19" coveredstatements="19" conditionals="4" coveredconditionals="2" methods="12" coveredmethods="12"/>
        <line num="11" count="7" type="stmt"/>
        <line num="16" count="7" type="stmt"/>
        <line num="17" count="2" type="stmt"/>
        <line num="20" count="1" type="stmt"/>
        <line num="25" count="1" type="stmt"/>
        <line num="27" count="7" type="stmt"/>
        <line num="28" count="2" type="stmt"/>
        <line num="31" count="1" type="stmt"/>
        <line num="36" count="1" type="stmt"/>
        <line num="38" count="1" type="stmt"/>
        <line num="40" count="7" type="stmt"/>
        <line num="41" count="2" type="stmt"/>
        <line num="44" count="1" type="stmt"/>
        <line num="49" count="1" type="stmt"/>
        <line num="52" count="1" type="stmt"/>
        <line num="53" count="1" type="stmt"/>
        <line num="54" count="1" type="cond" truecount="1" falsecount="1"/>
        <line num="57" count="1" type="cond" truecount="1" falsecount="1"/>
        <line num="60" count="1" type="stmt"/>
      </file>
      <file name="types.js" path="/Users/opioemmanuelomona/Documents/Github/Ah-frontend-guardians/src/actions/articleActions/types.js">
        <metrics statements="6" coveredstatements="6" conditionals="0" coveredconditionals="0" methods="0" coveredmethods="0"/>
        <line num="1" count="11" type="stmt"/>
        <line num="2" count="11" type="stmt"/>
        <line num="3" count="11" type="stmt"/>
        <line num="4" count="11" type="stmt"/>
        <line num="5" count="11" type="stmt"/>
        <line num="6" count="11" type="stmt"/>
      </file>
    </package>
    <package name="actions.signup">
      <metrics statements="8" coveredstatements="8" conditionals="0" coveredconditionals="0" methods="4" coveredmethods="4"/>
      <file name="actionTypes.js" path="/Users/opioemmanuelomona/Documents/Github/Ah-frontend-guardians/src/actions/signup/actionTypes.js">
        <metrics statements="3" coveredstatements="3" conditionals="0" coveredconditionals="0" methods="0" coveredmethods="0"/>
        <line num="1" count="9" type="stmt"/>
        <line num="2" count="9" type="stmt"/>
        <line num="3" count="9" type="stmt"/>
      </file>
      <file name="signUpAction.js" path="/Users/opioemmanuelomona/Documents/Github/Ah-frontend-guardians/src/actions/signup/signUpAction.js">
        <metrics statements="5" coveredstatements="5" conditionals="0" coveredconditionals="0" methods="4" coveredmethods="4"/>
        <line num="5" count="3" type="stmt"/>
        <line num="6" count="2" type="stmt"/>
        <line num="8" count="1" type="stmt"/>
        <line num="9" count="1" type="stmt"/>
        <line num="14" count="1" type="stmt"/>
      </file>
    </package>
    <package name="components">
      <metrics statements="1" coveredstatements="1" conditionals="0" coveredconditionals="0" methods="1" coveredmethods="1"/>
      <file name="App.js" path="/Users/opioemmanuelomona/Documents/Github/Ah-frontend-guardians/src/components/App.js">
        <metrics statements="1" coveredstatements="1" conditionals="0" coveredconditionals="0" methods="1" coveredmethods="1"/>
        <line num="8" count="1" type="stmt"/>
      </file>
    </package>
    <package name="components.Footer">
      <metrics statements="2" coveredstatements="2" conditionals="0" coveredconditionals="0" methods="1" coveredmethods="1"/>
      <file name="Footer.js" path="/Users/opioemmanuelomona/Documents/Github/Ah-frontend-guardians/src/components/Footer/Footer.js">
        <metrics statements="2" coveredstatements="2" conditionals="0" coveredconditionals="0" methods="1" coveredmethods="1"/>
        <line num="3" count="4" type="stmt"/>
        <line num="4" count="1" type="stmt"/>
      </file>
    </package>
    <package name="components.MyArticles">
      <metrics statements="37" coveredstatements="35" conditionals="6" coveredconditionals="2" methods="22" coveredmethods="21"/>
      <file name="DeleteButton.js" path="/Users/opioemmanuelomona/Documents/Github/Ah-frontend-guardians/src/components/MyArticles/DeleteButton.js">
        <metrics statements="8" coveredstatements="6" conditionals="2" coveredconditionals="0" methods="5" coveredmethods="4"/>
        <line num="8" count="1" type="stmt"/>
        <line num="9" count="1" type="stmt"/>
        <line num="13" count="1" type="stmt"/>
        <line num="14" count="1" type="stmt"/>
        <line num="21" count="0" type="cond" truecount="0" falsecount="2"/>
        <line num="22" count="0" type="stmt"/>
        <line num="28" count="1" type="stmt"/>
        <line num="42" count="5" type="stmt"/>
      </file>
      <file name="Edit Article.js" path="/Users/opioemmanuelomona/Documents/Github/Ah-frontend-guardians/src/components/MyArticles/Edit Article.js">
        <metrics statements="19" coveredstatements="19" conditionals="2" coveredconditionals="1" methods="10" coveredmethods="10"/>
        <line num="12" count="2" type="stmt"/>
        <line num="14" count="2" type="stmt"/>
        <line num="24" count="2" type="stmt"/>
        <line num="25" count="2" type="stmt"/>
        <line num="26" count="2" type="stmt"/>
        <line num="30" count="1" type="cond" truecount="1" falsecount="1"/>
        <line num="31" count="1" type="stmt"/>
        <line num="36" count="2" type="stmt"/>
        <line num="38" count="2" type="stmt"/>
        <line num="40" count="2" type="stmt"/>
        <line num="51" count="1" type="stmt"/>
        <line num="52" count="1" type="stmt"/>
        <line num="54" count="1" type="stmt"/>
        <line num="58" count="1" type="stmt"/>
        <line num="60" count="1" type="stmt"/>
        <line num="66" count="1" type="stmt"/>
        <line num="72" count="1" type="stmt"/>
        <line num="78" count="6" type="stmt"/>
        <line num="128" count="1" type="stmt"/>
      </file>
      <file name="EditButton.js" path="/Users/opioemmanuelomona/Documents/Github/Ah-frontend-guardians/src/components/MyArticles/EditButton.js">
        <metrics statements="5" coveredstatements="5" conditionals="0" coveredconditionals="0" methods="3" coveredmethods="3"/>
        <line num="7" count="1" type="stmt"/>
        <line num="11" count="1" type="stmt"/>
        <line num="12" count="1" type="stmt"/>
        <line num="27" count="5" type="stmt"/>
        <line num="28" count="1" type="stmt"/>
      </file>
      <file name="MyArticles.js" path="/Users/opioemmanuelomona/Documents/Github/Ah-frontend-guardians/src/components/MyArticles/MyArticles.js">
        <metrics statements="5" coveredstatements="5" conditionals="2" coveredconditionals="1" methods="4" coveredmethods="4"/>
        <line num="11" count="1" type="stmt"/>
        <line num="15" count="1" type="stmt"/>
        <line num="16" count="1" type="stmt"/>
        <line num="45" count="1" type="stmt"/>
        <line num="53" count="4" type="stmt"/>
      </file>
    </package>
    <package name="components.ProfileBanner">
      <metrics statements="5" coveredstatements="5" conditionals="0" coveredconditionals="0" methods="3" coveredmethods="3"/>
      <file name="ProfileBanner.js" path="/Users/opioemmanuelomona/Documents/Github/Ah-frontend-guardians/src/components/ProfileBanner/ProfileBanner.js">
        <metrics statements="5" coveredstatements="5" conditionals="0" coveredconditionals="0" methods="3" coveredmethods="3"/>
        <line num="6" count="1" type="stmt"/>
        <line num="7" count="1" type="stmt"/>
        <line num="15" count="1" type="stmt"/>
        <line num="20" count="1" type="stmt"/>
        <line num="26" count="3" type="stmt"/>
      </file>
    </package>
    <package name="components.SignUp">
      <metrics statements="10" coveredstatements="10" conditionals="6" coveredconditionals="6" methods="3" coveredmethods="3"/>
      <file name="Input.js" path="/Users/opioemmanuelomona/Documents/Github/Ah-frontend-guardians/src/components/SignUp/Input.js">
        <metrics statements="3" coveredstatements="3" conditionals="0" coveredconditionals="0" methods="1" coveredmethods="1"/>
        <line num="4" count="4" type="stmt"/>
        <line num="5" count="2" type="stmt"/>
        <line num="22" count="4" type="stmt"/>
      </file>
      <file name="SignUpForm.js" path="/Users/opioemmanuelomona/Documents/Github/Ah-frontend-guardians/src/components/SignUp/SignUpForm.js">
        <metrics statements="5" coveredstatements="5" conditionals="6" coveredconditionals="6" methods="1" coveredmethods="1"/>
        <line num="7" count="3" type="stmt"/>
        <line num="8" count="5" type="stmt"/>
        <line num="9" count="5" type="stmt"/>
        <line num="11" count="5" type="stmt"/>
        <line num="30" count="3" type="stmt"/>
      </file>
      <file name="SocialLinks.js" path="/Users/opioemmanuelomona/Documents/Github/Ah-frontend-guardians/src/components/SignUp/SocialLinks.js">
        <metrics statements="2" coveredstatements="2" conditionals="0" coveredconditionals="0" methods="1" coveredmethods="1"/>
        <line num="4" count="4" type="stmt"/>
        <line num="5" count="1" type="stmt"/>
      </file>
    </package>
    <package name="components.navBar">
      <metrics statements="3" coveredstatements="3" conditionals="2" coveredconditionals="1" methods="2" coveredmethods="2"/>
      <file name="NavBar.js" path="/Users/opioemmanuelomona/Documents/Github/Ah-frontend-guardians/src/components/navBar/NavBar.js">
        <metrics statements="3" coveredstatements="3" conditionals="2" coveredconditionals="1" methods="2" coveredmethods="2"/>
        <line num="8" count="1" type="stmt"/>
        <line num="35" count="4" type="stmt"/>
        <line num="36" count="1" type="stmt"/>
      </file>
    </package>
    <package name="components.presentational.login">
      <metrics statements="5" coveredstatements="5" conditionals="6" coveredconditionals="6" methods="2" coveredmethods="2"/>
      <file name="login.js" path="/Users/opioemmanuelomona/Documents/Github/Ah-frontend-guardians/src/components/presentational/login/login.js">
        <metrics statements="3" coveredstatements="3" conditionals="6" coveredconditionals="6" methods="1" coveredmethods="1"/>
        <line num="4" count="2" type="stmt"/>
        <line num="5" count="9" type="stmt"/>
        <line num="7" count="9" type="stmt"/>
      </file>
      <file name="social_media_links.js" path="/Users/opioemmanuelomona/Documents/Github/Ah-frontend-guardians/src/components/presentational/login/social_media_links.js">
        <metrics statements="2" coveredstatements="2" conditionals="0" coveredconditionals="0" methods="1" coveredmethods="1"/>
        <line num="3" count="3" type="stmt"/>
        <line num="4" count="1" type="stmt"/>
      </file>
    </package>
    <package name="components.views.loginView">
      <metrics statements="13" coveredstatements="13" conditionals="4" coveredconditionals="4" methods="6" coveredmethods="6"/>
      <file name="loginView.js" path="/Users/opioemmanuelomona/Documents/Github/Ah-frontend-guardians/src/components/views/loginView/loginView.js">
        <metrics statements="13" coveredstatements="13" conditionals="4" coveredconditionals="4" methods="6" coveredmethods="6"/>
        <line num="16" count="2" type="stmt"/>
        <line num="22" count="3" type="stmt"/>
        <line num="23" count="3" type="cond" truecount="2" falsecount="0"/>
        <line num="24" count="1" type="stmt"/>
        <line num="25" count="2" type="cond" truecount="2" falsecount="0"/>
        <line num="26" count="1" type="stmt"/>
        <line num="27" count="1" type="stmt"/>
        <line num="32" count="2" type="stmt"/>
        <line num="33" count="2" type="stmt"/>
        <line num="37" count="2" type="stmt"/>
        <line num="41" count="12" type="stmt"/>
        <line num="55" count="1" type="stmt"/>
        <line num="57" count="1" type="stmt"/>
      </file>
    </package>
    <package name="components.views.signup">
      <metrics statements="15" coveredstatements="15" conditionals="4" coveredconditionals="4" methods="6" coveredmethods="6"/>
      <file name="SignUpView.js" path="/Users/opioemmanuelomona/Documents/Github/Ah-frontend-guardians/src/components/views/signup/SignUpView.js">
        <metrics statements="15" coveredstatements="15" conditionals="4" coveredconditionals="4" methods="6" coveredmethods="6"/>
        <line num="13" count="3" type="stmt"/>
        <line num="14" count="3" type="stmt"/>
        <line num="27" count="2" type="stmt"/>
        <line num="28" count="2" type="cond" truecount="2" falsecount="0"/>
        <line num="29" count="1" type="stmt"/>
        <line num="31" count="2" type="cond" truecount="2" falsecount="0"/>
        <line num="32" count="1" type="stmt"/>
        <line num="33" count="1" type="stmt"/>
        <line num="34" count="1" type="stmt"/>
        <line num="39" count="3" type="stmt"/>
        <line num="45" count="1" type="stmt"/>
        <line num="46" count="1" type="stmt"/>
        <line num="52" count="1" type="stmt"/>
        <line num="57" count="8" type="stmt"/>
        <line num="78" count="2" type="stmt"/>
      </file>
    </package>
    <package name="reducers">
      <metrics statements="8" coveredstatements="8" conditionals="5" coveredconditionals="5" methods="2" coveredmethods="2"/>
      <file name="loginReducer.js" path="/Users/opioemmanuelomona/Documents/Github/Ah-frontend-guardians/src/reducers/loginReducer.js">
        <metrics statements="5" coveredstatements="5" conditionals="4" coveredconditionals="4" methods="1" coveredmethods="1"/>
        <line num="3" count="5" type="stmt"/>
        <line num="10" count="18" type="cond" truecount="3" falsecount="0"/>
        <line num="12" count="1" type="stmt"/>
        <line num="19" count="1" type="stmt"/>
        <line num="26" count="16" type="stmt"/>
      </file>
      <file name="mainReducer.js" path="/Users/opioemmanuelomona/Documents/Github/Ah-frontend-guardians/src/reducers/mainReducer.js">
        <metrics statements="1" coveredstatements="1" conditionals="0" coveredconditionals="0" methods="0" coveredmethods="0"/>
        <line num="7" count="5" type="stmt"/>
      </file>
      <file name="navBarReducer.js" path="/Users/opioemmanuelomona/Documents/Github/Ah-frontend-guardians/src/reducers/navBarReducer.js">
        <metrics statements="2" coveredstatements="2" conditionals="1" coveredconditionals="1" methods="1" coveredmethods="1"/>
        <line num="3" count="5" type="cond" truecount="1" falsecount="0"/>
        <line num="4" count="15" type="stmt"/>
      </file>
    </package>
    <package name="reducers.articleReducers">
      <metrics statements="8" coveredstatements="8" conditionals="5" coveredconditionals="5" methods="2" coveredmethods="2"/>
      <file name="articleReducer.js" path="/Users/opioemmanuelomona/Documents/Github/Ah-frontend-guardians/src/reducers/articleReducers/articleReducer.js">
        <metrics statements="8" coveredstatements="8" conditionals="5" coveredconditionals="5" methods="2" coveredmethods="2"/>
        <line num="7" count="6" type="stmt"/>
        <line num="14" count="19" type="cond" truecount="4" falsecount="0"/>
        <line num="16" count="1" type="stmt"/>
        <line num="21" count="1" type="stmt"/>
        <line num="22" count="2" type="stmt"/>
        <line num="24" count="1" type="stmt"/>
        <line num="30" count="1" type="stmt"/>
        <line num="35" count="16" type="stmt"/>
      </file>
    </package>
    <package name="reducers.signup">
      <metrics statements="5" coveredstatements="5" conditionals="4" coveredconditionals="4" methods="1" coveredmethods="1"/>
      <file name="signUpReducer.js" path="/Users/opioemmanuelomona/Documents/Github/Ah-frontend-guardians/src/reducers/signup/signUpReducer.js">
        <metrics statements="5" coveredstatements="5" conditionals="4" coveredconditionals="4" methods="1" coveredmethods="1"/>
        <line num="5" count="6" type="stmt"/>
        <line num="12" count="18" type="cond" truecount="3" falsecount="0"/>
        <line num="14" count="1" type="stmt"/>
        <line num="21" count="1" type="stmt"/>
        <line num="29" count="16" type="stmt"/>
      </file>
    </package>
    <package name="store">
      <metrics statements="3" coveredstatements="3" conditionals="0" coveredconditionals="0" methods="0" coveredmethods="0"/>
      <file name="combineStore.js" path="/Users/opioemmanuelomona/Documents/Github/Ah-frontend-guardians/src/store/combineStore.js">
        <metrics statements="3" coveredstatements="3" conditionals="0" coveredconditionals="0" methods="0" coveredmethods="0"/>
        <line num="6" count="4" type="stmt"/>
        <line num="7" count="4" type="stmt"/>
        <line num="15" count="4" type="stmt"/>
      </file>
    </package>
    <package name="views.Profile">
      <metrics statements="3" coveredstatements="3" conditionals="0" coveredconditionals="0" methods="3" coveredmethods="3"/>
      <file name="ProfileBannerView.js" path="/Users/opioemmanuelomona/Documents/Github/Ah-frontend-guardians/src/views/Profile/ProfileBannerView.js">
        <metrics statements="1" coveredstatements="1" conditionals="0" coveredconditionals="0" methods="1" coveredmethods="1"/>
        <line num="7" count="1" type="stmt"/>
      </file>
      <file name="ProfileView.js" path="/Users/opioemmanuelomona/Documents/Github/Ah-frontend-guardians/src/views/Profile/ProfileView.js">
        <metrics statements="2" coveredstatements="2" conditionals="0" coveredconditionals="0" methods="2" coveredmethods="2"/>
        <line num="10" count="1" type="stmt"/>
        <line num="18" count="1" type="stmt"/>
      </file>
    </package>
  </project>
</coverage>
