{"/Users/barna/Documents/AH-frontend-guardians/Ah-frontend-guardians/src/action/actionCreator/login/loginCreator.js": {"path":"/Users/barna/Documents/AH-frontend-guardians/Ah-frontend-guardians/src/action/actionCreator/login/loginCreator.js","statementMap":{"0":{"start":{"line":4,"column":14},"end":{"line":6,"column":1}},"1":{"start":{"line":8,"column":33},"end":{"line":11,"column":2}},"2":{"start":{"line":8,"column":45},"end":{"line":11,"column":1}},"3":{"start":{"line":13,"column":33},"end":{"line":16,"column":2}},"4":{"start":{"line":13,"column":43},"end":{"line":16,"column":1}},"5":{"start":{"line":18,"column":28},"end":{"line":28,"column":5}},"6":{"start":{"line":18,"column":40},"end":{"line":28,"column":5}},"7":{"start":{"line":19,"column":2},"end":{"line":27,"column":9}},"8":{"start":{"line":21,"column":8},"end":{"line":21,"column":50}},"9":{"start":{"line":22,"column":8},"end":{"line":22,"column":73}},"10":{"start":{"line":23,"column":8},"end":{"line":23,"column":79}},"11":{"start":{"line":26,"column":10},"end":{"line":26,"column":53}}},"fnMap":{"0":{"name":"(anonymous_0)","decl":{"start":{"line":8,"column":33},"end":{"line":8,"column":34}},"loc":{"start":{"line":8,"column":45},"end":{"line":11,"column":1}},"line":8},"1":{"name":"(anonymous_1)","decl":{"start":{"line":13,"column":33},"end":{"line":13,"column":34}},"loc":{"start":{"line":13,"column":43},"end":{"line":16,"column":1}},"line":13},"2":{"name":"(anonymous_2)","decl":{"start":{"line":18,"column":28},"end":{"line":18,"column":29}},"loc":{"start":{"line":18,"column":40},"end":{"line":28,"column":5}},"line":18},"3":{"name":"(anonymous_3)","decl":{"start":{"line":18,"column":40},"end":{"line":18,"column":41}},"loc":{"start":{"line":18,"column":54},"end":{"line":28,"column":5}},"line":18},"4":{"name":"(anonymous_4)","decl":{"start":{"line":20,"column":12},"end":{"line":20,"column":13}},"loc":{"start":{"line":20,"column":26},"end":{"line":24,"column":7}},"line":20},"5":{"name":"(anonymous_5)","decl":{"start":{"line":25,"column":13},"end":{"line":25,"column":14}},"loc":{"start":{"line":25,"column":24},"end":{"line":27,"column":7}},"line":25}},"branchMap":{},"s":{"0":4,"1":4,"2":2,"3":4,"4":2,"5":4,"6":2,"7":2,"8":1,"9":1,"10":1,"11":1},"f":{"0":2,"1":2,"2":2,"3":2,"4":1,"5":1},"b":{},"_coverageSchema":"43e27e138ebf9cfc5966b082cf9a028302ed4184","hash":"5fd22badff51e05b137ad37825ad2be59198c277"}
,"/Users/barna/Documents/AH-frontend-guardians/Ah-frontend-guardians/src/action/actionType/loginType/loginType.js": {"path":"/Users/barna/Documents/AH-frontend-guardians/Ah-frontend-guardians/src/action/actionType/loginType/loginType.js","statementMap":{"0":{"start":{"line":1,"column":29},"end":{"line":1,"column":44}},"1":{"start":{"line":2,"column":26},"end":{"line":2,"column":38}}},"fnMap":{},"branchMap":{},"s":{"0":19,"1":19},"f":{},"b":{},"_coverageSchema":"43e27e138ebf9cfc5966b082cf9a028302ed4184","hash":"38e23d1bbced9d169659bc6427f73923f3879781"}
,"/Users/barna/Documents/AH-frontend-guardians/Ah-frontend-guardians/src/actions/ArticleActionCreator.js": {"path":"/Users/barna/Documents/AH-frontend-guardians/Ah-frontend-guardians/src/actions/ArticleActionCreator.js","statementMap":{"0":{"start":{"line":3,"column":32},"end":{"line":3,"column":50}},"1":{"start":{"line":4,"column":30},"end":{"line":4,"column":46}},"2":{"start":{"line":5,"column":30},"end":{"line":5,"column":46}},"3":{"start":{"line":6,"column":27},"end":{"line":6,"column":40}},"4":{"start":{"line":8,"column":16},"end":{"line":10,"column":1}},"5":{"start":{"line":12,"column":21},"end":{"line":26,"column":3}},"6":{"start":{"line":12,"column":27},"end":{"line":26,"column":3}},"7":{"start":{"line":13,"column":2},"end":{"line":25,"column":7}},"8":{"start":{"line":18,"column":6},"end":{"line":21,"column":9}},"9":{"start":{"line":24,"column":6},"end":{"line":24,"column":37}},"10":{"start":{"line":27,"column":27},"end":{"line":43,"column":1}},"11":{"start":{"line":27,"column":35},"end":{"line":43,"column":1}},"12":{"start":{"line":28,"column":2},"end":{"line":42,"column":7}},"13":{"start":{"line":34,"column":6},"end":{"line":34,"column":59}},"14":{"start":{"line":35,"column":6},"end":{"line":38,"column":9}},"15":{"start":{"line":41,"column":6},"end":{"line":41,"column":37}},"16":{"start":{"line":45,"column":22},"end":{"line":45,"column":76}},"17":{"start":{"line":45,"column":41},"end":{"line":45,"column":75}},"18":{"start":{"line":46,"column":23},"end":{"line":46,"column":79}},"19":{"start":{"line":46,"column":42},"end":{"line":46,"column":78}},"20":{"start":{"line":47,"column":22},"end":{"line":47,"column":66}},"21":{"start":{"line":47,"column":33},"end":{"line":47,"column":65}},"22":{"start":{"line":48,"column":18},"end":{"line":48,"column":52}},"23":{"start":{"line":48,"column":26},"end":{"line":48,"column":51}},"24":{"start":{"line":49,"column":22},"end":{"line":49,"column":59}},"25":{"start":{"line":49,"column":31},"end":{"line":49,"column":58}}},"fnMap":{"0":{"name":"(anonymous_0)","decl":{"start":{"line":12,"column":21},"end":{"line":12,"column":22}},"loc":{"start":{"line":12,"column":27},"end":{"line":26,"column":3}},"line":12},"1":{"name":"(anonymous_1)","decl":{"start":{"line":12,"column":27},"end":{"line":12,"column":28}},"loc":{"start":{"line":12,"column":41},"end":{"line":26,"column":3}},"line":12},"2":{"name":"(anonymous_2)","decl":{"start":{"line":17,"column":10},"end":{"line":17,"column":11}},"loc":{"start":{"line":17,"column":19},"end":{"line":22,"column":5}},"line":17},"3":{"name":"(anonymous_3)","decl":{"start":{"line":23,"column":11},"end":{"line":23,"column":12}},"loc":{"start":{"line":23,"column":22},"end":{"line":25,"column":5}},"line":23},"4":{"name":"(anonymous_4)","decl":{"start":{"line":27,"column":27},"end":{"line":27,"column":28}},"loc":{"start":{"line":27,"column":35},"end":{"line":43,"column":1}},"line":27},"5":{"name":"(anonymous_5)","decl":{"start":{"line":27,"column":35},"end":{"line":27,"column":36}},"loc":{"start":{"line":27,"column":49},"end":{"line":43,"column":1}},"line":27},"6":{"name":"(anonymous_6)","decl":{"start":{"line":33,"column":10},"end":{"line":33,"column":11}},"loc":{"start":{"line":33,"column":24},"end":{"line":39,"column":5}},"line":33},"7":{"name":"(anonymous_7)","decl":{"start":{"line":40,"column":11},"end":{"line":40,"column":12}},"loc":{"start":{"line":40,"column":22},"end":{"line":42,"column":5}},"line":40},"8":{"name":"(anonymous_8)","decl":{"start":{"line":45,"column":22},"end":{"line":45,"column":23}},"loc":{"start":{"line":45,"column":41},"end":{"line":45,"column":75}},"line":45},"9":{"name":"(anonymous_9)","decl":{"start":{"line":46,"column":23},"end":{"line":46,"column":24}},"loc":{"start":{"line":46,"column":42},"end":{"line":46,"column":78}},"line":46},"10":{"name":"(anonymous_10)","decl":{"start":{"line":47,"column":22},"end":{"line":47,"column":23}},"loc":{"start":{"line":47,"column":33},"end":{"line":47,"column":65}},"line":47},"11":{"name":"(anonymous_11)","decl":{"start":{"line":48,"column":18},"end":{"line":48,"column":19}},"loc":{"start":{"line":48,"column":26},"end":{"line":48,"column":51}},"line":48},"12":{"name":"(anonymous_12)","decl":{"start":{"line":49,"column":22},"end":{"line":49,"column":23}},"loc":{"start":{"line":49,"column":31},"end":{"line":49,"column":58}},"line":49}},"branchMap":{},"s":{"0":21,"1":21,"2":21,"3":21,"4":21,"5":21,"6":13,"7":13,"8":0,"9":0,"10":21,"11":0,"12":0,"13":0,"14":0,"15":0,"16":21,"17":0,"18":21,"19":0,"20":21,"21":0,"22":21,"23":0,"24":21,"25":0},"f":{"0":13,"1":13,"2":0,"3":0,"4":0,"5":0,"6":0,"7":0,"8":0,"9":0,"10":0,"11":0,"12":0},"b":{},"_coverageSchema":"43e27e138ebf9cfc5966b082cf9a028302ed4184","hash":"d33a4b880fa432948eaca0374f78de9d420ad5fa"}
,"/Users/barna/Documents/AH-frontend-guardians/Ah-frontend-guardians/src/actions/actionTypes.js": {"path":"/Users/barna/Documents/AH-frontend-guardians/Ah-frontend-guardians/src/actions/actionTypes.js","statementMap":{"0":{"start":{"line":1,"column":20},"end":{"line":7,"column":1}}},"fnMap":{},"branchMap":{},"s":{"0":23},"f":{},"b":{},"_coverageSchema":"43e27e138ebf9cfc5966b082cf9a028302ed4184","hash":"dfc4f319758939ceffaa3f8f99a0fbacf8029f2e"}
,"/Users/barna/Documents/AH-frontend-guardians/Ah-frontend-guardians/src/actions/index.js": {"path":"/Users/barna/Documents/AH-frontend-guardians/Ah-frontend-guardians/src/actions/index.js","statementMap":{"0":{"start":{"line":1,"column":21},"end":{"line":1,"column":57}},"1":{"start":{"line":2,"column":24},"end":{"line":2,"column":81}}},"fnMap":{},"branchMap":{},"s":{"0":8,"1":8},"f":{},"b":{},"_coverageSchema":"43e27e138ebf9cfc5966b082cf9a028302ed4184","hash":"e7b2d2488ba339b15939ef81a5e76f28d6251492"}
,"/Users/barna/Documents/AH-frontend-guardians/Ah-frontend-guardians/src/actions/articleActions/ArticleActions.js": {"path":"/Users/barna/Documents/AH-frontend-guardians/Ah-frontend-guardians/src/actions/articleActions/ArticleActions.js","statementMap":{"0":{"start":{"line":11,"column":16},"end":{"line":14,"column":1}},"1":{"start":{"line":16,"column":26},"end":{"line":25,"column":35}},"2":{"start":{"line":16,"column":32},"end":{"line":25,"column":35}},"3":{"start":{"line":17,"column":2},"end":{"line":25,"column":35}},"4":{"start":{"line":20,"column":6},"end":{"line":23,"column":9}},"5":{"start":{"line":25,"column":18},"end":{"line":25,"column":34}},"6":{"start":{"line":27,"column":29},"end":{"line":38,"column":35}},"7":{"start":{"line":27,"column":37},"end":{"line":38,"column":35}},"8":{"start":{"line":28,"column":2},"end":{"line":38,"column":35}},"9":{"start":{"line":31,"column":6},"end":{"line":35,"column":9}},"10":{"start":{"line":36,"column":6},"end":{"line":36,"column":39}},"11":{"start":{"line":38,"column":18},"end":{"line":38,"column":34}},"12":{"start":{"line":40,"column":27},"end":{"line":66,"column":1}},"13":{"start":{"line":40,"column":46},"end":{"line":66,"column":1}},"14":{"start":{"line":41,"column":2},"end":{"line":65,"column":7}},"15":{"start":{"line":44,"column":6},"end":{"line":48,"column":9}},"16":{"start":{"line":49,"column":6},"end":{"line":49,"column":38}},"17":{"start":{"line":52,"column":17},"end":{"line":52,"column":19}},"18":{"start":{"line":53,"column":6},"end":{"line":53,"column":22}},"19":{"start":{"line":54,"column":6},"end":{"line":56,"column":13}},"20":{"start":{"line":57,"column":6},"end":{"line":59,"column":13}},"21":{"start":{"line":60,"column":6},"end":{"line":64,"column":9}}},"fnMap":{"0":{"name":"(anonymous_0)","decl":{"start":{"line":16,"column":26},"end":{"line":16,"column":27}},"loc":{"start":{"line":16,"column":32},"end":{"line":25,"column":35}},"line":16},"1":{"name":"(anonymous_1)","decl":{"start":{"line":16,"column":32},"end":{"line":16,"column":33}},"loc":{"start":{"line":17,"column":2},"end":{"line":25,"column":35}},"line":17},"2":{"name":"(anonymous_2)","decl":{"start":{"line":19,"column":10},"end":{"line":19,"column":11}},"loc":{"start":{"line":19,"column":17},"end":{"line":24,"column":5}},"line":19},"3":{"name":"(anonymous_3)","decl":{"start":{"line":25,"column":11},"end":{"line":25,"column":12}},"loc":{"start":{"line":25,"column":18},"end":{"line":25,"column":34}},"line":25},"4":{"name":"(anonymous_4)","decl":{"start":{"line":27,"column":29},"end":{"line":27,"column":30}},"loc":{"start":{"line":27,"column":37},"end":{"line":38,"column":35}},"line":27},"5":{"name":"(anonymous_5)","decl":{"start":{"line":27,"column":37},"end":{"line":27,"column":38}},"loc":{"start":{"line":28,"column":2},"end":{"line":38,"column":35}},"line":28},"6":{"name":"(anonymous_6)","decl":{"start":{"line":30,"column":10},"end":{"line":30,"column":11}},"loc":{"start":{"line":30,"column":17},"end":{"line":37,"column":5}},"line":30},"7":{"name":"(anonymous_7)","decl":{"start":{"line":38,"column":11},"end":{"line":38,"column":12}},"loc":{"start":{"line":38,"column":18},"end":{"line":38,"column":34}},"line":38},"8":{"name":"(anonymous_8)","decl":{"start":{"line":40,"column":27},"end":{"line":40,"column":28}},"loc":{"start":{"line":40,"column":46},"end":{"line":66,"column":1}},"line":40},"9":{"name":"(anonymous_9)","decl":{"start":{"line":40,"column":46},"end":{"line":40,"column":47}},"loc":{"start":{"line":40,"column":58},"end":{"line":66,"column":1}},"line":40},"10":{"name":"(anonymous_10)","decl":{"start":{"line":43,"column":10},"end":{"line":43,"column":11}},"loc":{"start":{"line":43,"column":17},"end":{"line":50,"column":5}},"line":43},"11":{"name":"(anonymous_11)","decl":{"start":{"line":51,"column":11},"end":{"line":51,"column":12}},"loc":{"start":{"line":51,"column":18},"end":{"line":65,"column":5}},"line":51}},"branchMap":{"0":{"loc":{"start":{"line":54,"column":14},"end":{"line":56,"column":12}},"type":"cond-expr","locations":[{"start":{"line":55,"column":10},"end":{"line":55,"column":66}},{"start":{"line":56,"column":10},"end":{"line":56,"column":12}}],"line":54},"1":{"loc":{"start":{"line":57,"column":14},"end":{"line":59,"column":12}},"type":"cond-expr","locations":[{"start":{"line":58,"column":10},"end":{"line":58,"column":56}},{"start":{"line":59,"column":10},"end":{"line":59,"column":12}}],"line":57}},"s":{"0":8,"1":8,"2":2,"3":2,"4":1,"5":1,"6":8,"7":2,"8":2,"9":1,"10":1,"11":1,"12":8,"13":2,"14":2,"15":1,"16":1,"17":1,"18":1,"19":1,"20":1,"21":1},"f":{"0":2,"1":2,"2":1,"3":1,"4":2,"5":2,"6":1,"7":1,"8":2,"9":2,"10":1,"11":1},"b":{"0":[1,0],"1":[1,0]},"_coverageSchema":"43e27e138ebf9cfc5966b082cf9a028302ed4184","hash":"eebc5fd72f74a636af104fb929c82b0b6a2cadf4"}
,"/Users/barna/Documents/AH-frontend-guardians/Ah-frontend-guardians/src/actions/articleActions/types.js": {"path":"/Users/barna/Documents/AH-frontend-guardians/Ah-frontend-guardians/src/actions/articleActions/types.js","statementMap":{"0":{"start":{"line":1,"column":38},"end":{"line":1,"column":62}},"1":{"start":{"line":2,"column":35},"end":{"line":2,"column":56}},"2":{"start":{"line":3,"column":36},"end":{"line":3,"column":58}},"3":{"start":{"line":4,"column":33},"end":{"line":4,"column":52}},"4":{"start":{"line":5,"column":35},"end":{"line":5,"column":56}},"5":{"start":{"line":6,"column":32},"end":{"line":6,"column":50}}},"fnMap":{},"branchMap":{},"s":{"0":24,"1":24,"2":24,"3":24,"4":24,"5":24},"f":{},"b":{},"_coverageSchema":"43e27e138ebf9cfc5966b082cf9a028302ed4184","hash":"f05c879f8237bb29d9020e7cc9a21b5486dbe03a"}
,"/Users/barna/Documents/AH-frontend-guardians/Ah-frontend-guardians/src/actions/profiles/profileActions.js": {"path":"/Users/barna/Documents/AH-frontend-guardians/Ah-frontend-guardians/src/actions/profiles/profileActions.js","statementMap":{"0":{"start":{"line":4,"column":17},"end":{"line":4,"column":49}},"1":{"start":{"line":5,"column":14},"end":{"line":5,"column":43}},"2":{"start":{"line":6,"column":19},"end":{"line":6,"column":72}},"3":{"start":{"line":8,"column":26},"end":{"line":22,"column":1}},"4":{"start":{"line":8,"column":32},"end":{"line":22,"column":1}},"5":{"start":{"line":9,"column":18},"end":{"line":13,"column":3}},"6":{"start":{"line":14,"column":2},"end":{"line":21,"column":7}},"7":{"start":{"line":17,"column":6},"end":{"line":20,"column":9}},"8":{"start":{"line":24,"column":29},"end":{"line":42,"column":1}},"9":{"start":{"line":24,"column":43},"end":{"line":42,"column":1}},"10":{"start":{"line":25,"column":18},"end":{"line":29,"column":3}},"11":{"start":{"line":31,"column":2},"end":{"line":41,"column":7}},"12":{"start":{"line":37,"column":6},"end":{"line":40,"column":9}}},"fnMap":{"0":{"name":"(anonymous_0)","decl":{"start":{"line":8,"column":26},"end":{"line":8,"column":27}},"loc":{"start":{"line":8,"column":32},"end":{"line":22,"column":1}},"line":8},"1":{"name":"(anonymous_1)","decl":{"start":{"line":8,"column":32},"end":{"line":8,"column":33}},"loc":{"start":{"line":8,"column":44},"end":{"line":22,"column":1}},"line":8},"2":{"name":"(anonymous_2)","decl":{"start":{"line":16,"column":10},"end":{"line":16,"column":11}},"loc":{"start":{"line":16,"column":22},"end":{"line":21,"column":5}},"line":16},"3":{"name":"(anonymous_3)","decl":{"start":{"line":24,"column":29},"end":{"line":24,"column":30}},"loc":{"start":{"line":24,"column":43},"end":{"line":42,"column":1}},"line":24},"4":{"name":"(anonymous_4)","decl":{"start":{"line":24,"column":43},"end":{"line":24,"column":44}},"loc":{"start":{"line":24,"column":55},"end":{"line":42,"column":1}},"line":24},"5":{"name":"(anonymous_5)","decl":{"start":{"line":36,"column":10},"end":{"line":36,"column":11}},"loc":{"start":{"line":36,"column":22},"end":{"line":41,"column":5}},"line":36}},"branchMap":{},"s":{"0":4,"1":4,"2":4,"3":4,"4":1,"5":1,"6":1,"7":0,"8":4,"9":1,"10":1,"11":1,"12":0},"f":{"0":1,"1":1,"2":0,"3":1,"4":1,"5":0},"b":{},"_coverageSchema":"43e27e138ebf9cfc5966b082cf9a028302ed4184","hash":"1439edb4505181685cea653b67c4e1d3261b7cf8"}
,"/Users/barna/Documents/AH-frontend-guardians/Ah-frontend-guardians/src/actions/profiles/types.js": {"path":"/Users/barna/Documents/AH-frontend-guardians/Ah-frontend-guardians/src/actions/profiles/types.js","statementMap":{"0":{"start":{"line":1,"column":28},"end":{"line":1,"column":42}},"1":{"start":{"line":2,"column":30},"end":{"line":2,"column":46}}},"fnMap":{},"branchMap":{},"s":{"0":19,"1":19},"f":{},"b":{},"_coverageSchema":"43e27e138ebf9cfc5966b082cf9a028302ed4184","hash":"0952e08ab7226280e6a56b99ba289fced06d1d77"}
,"/Users/barna/Documents/AH-frontend-guardians/Ah-frontend-guardians/src/actions/resetPassword/actionTypes.js": {"path":"/Users/barna/Documents/AH-frontend-guardians/Ah-frontend-guardians/src/actions/resetPassword/actionTypes.js","statementMap":{"0":{"start":{"line":1,"column":38},"end":{"line":1,"column":62}},"1":{"start":{"line":2,"column":38},"end":{"line":2,"column":62}},"2":{"start":{"line":3,"column":39},"end":{"line":3,"column":64}},"3":{"start":{"line":4,"column":39},"end":{"line":4,"column":64}}},"fnMap":{},"branchMap":{},"s":{"0":19,"1":19,"2":19,"3":19},"f":{},"b":{},"_coverageSchema":"43e27e138ebf9cfc5966b082cf9a028302ed4184","hash":"cba1066885aafd73a3045c4e30fe8a21ee893e70"}
,"/Users/barna/Documents/AH-frontend-guardians/Ah-frontend-guardians/src/actions/resetPassword/resetNewPasswordAction.js": {"path":"/Users/barna/Documents/AH-frontend-guardians/Ah-frontend-guardians/src/actions/resetPassword/resetNewPasswordAction.js","statementMap":{"0":{"start":{"line":5,"column":27},"end":{"line":26,"column":1}},"1":{"start":{"line":5,"column":65},"end":{"line":26,"column":1}},"2":{"start":{"line":6,"column":17},"end":{"line":9,"column":5}},"3":{"start":{"line":10,"column":14},"end":{"line":10,"column":101}},"4":{"start":{"line":11,"column":4},"end":{"line":25,"column":11}},"5":{"start":{"line":13,"column":12},"end":{"line":16,"column":15}},"6":{"start":{"line":17,"column":12},"end":{"line":17,"column":58}},"7":{"start":{"line":20,"column":12},"end":{"line":23,"column":15}},"8":{"start":{"line":24,"column":12},"end":{"line":24,"column":59}}},"fnMap":{"0":{"name":"(anonymous_0)","decl":{"start":{"line":5,"column":27},"end":{"line":5,"column":28}},"loc":{"start":{"line":5,"column":65},"end":{"line":26,"column":1}},"line":5},"1":{"name":"(anonymous_1)","decl":{"start":{"line":5,"column":65},"end":{"line":5,"column":66}},"loc":{"start":{"line":5,"column":79},"end":{"line":26,"column":1}},"line":5},"2":{"name":"(anonymous_2)","decl":{"start":{"line":12,"column":14},"end":{"line":12,"column":15}},"loc":{"start":{"line":12,"column":28},"end":{"line":18,"column":9}},"line":12},"3":{"name":"(anonymous_3)","decl":{"start":{"line":19,"column":15},"end":{"line":19,"column":16}},"loc":{"start":{"line":19,"column":26},"end":{"line":25,"column":9}},"line":19}},"branchMap":{},"s":{"0":3,"1":1,"2":1,"3":1,"4":1,"5":1,"6":1,"7":1,"8":1},"f":{"0":1,"1":1,"2":1,"3":1},"b":{},"_coverageSchema":"43e27e138ebf9cfc5966b082cf9a028302ed4184","hash":"1a04a23f4a16d57fc06191833cadfa751647d3ab"}
,"/Users/barna/Documents/AH-frontend-guardians/Ah-frontend-guardians/src/actions/resetPassword/resetPasswordAction.js": {"path":"/Users/barna/Documents/AH-frontend-guardians/Ah-frontend-guardians/src/actions/resetPassword/resetPasswordAction.js","statementMap":{"0":{"start":{"line":5,"column":24},"end":{"line":24,"column":1}},"1":{"start":{"line":5,"column":35},"end":{"line":24,"column":1}},"2":{"start":{"line":6,"column":17},"end":{"line":8,"column":5}},"3":{"start":{"line":9,"column":4},"end":{"line":23,"column":11}},"4":{"start":{"line":11,"column":12},"end":{"line":14,"column":15}},"5":{"start":{"line":15,"column":12},"end":{"line":15,"column":48}},"6":{"start":{"line":18,"column":12},"end":{"line":21,"column":14}},"7":{"start":{"line":22,"column":12},"end":{"line":22,"column":60}}},"fnMap":{"0":{"name":"(anonymous_0)","decl":{"start":{"line":5,"column":24},"end":{"line":5,"column":25}},"loc":{"start":{"line":5,"column":35},"end":{"line":24,"column":1}},"line":5},"1":{"name":"(anonymous_1)","decl":{"start":{"line":5,"column":35},"end":{"line":5,"column":36}},"loc":{"start":{"line":5,"column":49},"end":{"line":24,"column":1}},"line":5},"2":{"name":"(anonymous_2)","decl":{"start":{"line":10,"column":14},"end":{"line":10,"column":15}},"loc":{"start":{"line":10,"column":28},"end":{"line":16,"column":9}},"line":10},"3":{"name":"(anonymous_3)","decl":{"start":{"line":17,"column":15},"end":{"line":17,"column":16}},"loc":{"start":{"line":17,"column":26},"end":{"line":23,"column":9}},"line":17}},"branchMap":{},"s":{"0":4,"1":2,"2":2,"3":2,"4":1,"5":1,"6":1,"7":1},"f":{"0":2,"1":2,"2":1,"3":1},"b":{},"_coverageSchema":"43e27e138ebf9cfc5966b082cf9a028302ed4184","hash":"e6c53439bc3cd986a059ccc3034266c17fbdbeb0"}
,"/Users/barna/Documents/AH-frontend-guardians/Ah-frontend-guardians/src/actions/signup/actionTypes.js": {"path":"/Users/barna/Documents/AH-frontend-guardians/Ah-frontend-guardians/src/actions/signup/actionTypes.js","statementMap":{"0":{"start":{"line":1,"column":35},"end":{"line":1,"column":56}},"1":{"start":{"line":2,"column":36},"end":{"line":2,"column":58}},"2":{"start":{"line":3,"column":36},"end":{"line":3,"column":58}}},"fnMap":{},"branchMap":{},"s":{"0":21,"1":21,"2":21},"f":{},"b":{},"_coverageSchema":"43e27e138ebf9cfc5966b082cf9a028302ed4184","hash":"f555684e614df63958a992b16537557e85e41aad"}
,"/Users/barna/Documents/AH-frontend-guardians/Ah-frontend-guardians/src/actions/signup/signUpAction.js": {"path":"/Users/barna/Documents/AH-frontend-guardians/Ah-frontend-guardians/src/actions/signup/signUpAction.js","statementMap":{"0":{"start":{"line":5,"column":27},"end":{"line":17,"column":10}},"1":{"start":{"line":5,"column":37},"end":{"line":17,"column":10}},"2":{"start":{"line":6,"column":4},"end":{"line":17,"column":10}},"3":{"start":{"line":8,"column":12},"end":{"line":11,"column":15}},"4":{"start":{"line":13,"column":12},"end":{"line":16,"column":15}}},"fnMap":{"0":{"name":"(anonymous_0)","decl":{"start":{"line":5,"column":27},"end":{"line":5,"column":28}},"loc":{"start":{"line":5,"column":37},"end":{"line":17,"column":10}},"line":5},"1":{"name":"(anonymous_1)","decl":{"start":{"line":5,"column":37},"end":{"line":5,"column":38}},"loc":{"start":{"line":6,"column":4},"end":{"line":17,"column":10}},"line":6},"2":{"name":"(anonymous_2)","decl":{"start":{"line":7,"column":14},"end":{"line":7,"column":15}},"loc":{"start":{"line":7,"column":28},"end":{"line":12,"column":9}},"line":7},"3":{"name":"(anonymous_3)","decl":{"start":{"line":12,"column":17},"end":{"line":12,"column":18}},"loc":{"start":{"line":12,"column":26},"end":{"line":17,"column":9}},"line":12}},"branchMap":{},"s":{"0":4,"1":2,"2":2,"3":1,"4":1},"f":{"0":2,"1":2,"2":1,"3":1},"b":{},"_coverageSchema":"43e27e138ebf9cfc5966b082cf9a028302ed4184","hash":"50e5314fbc0a11c3c7a29c530a302cb0ccbcaa47"}
,"/Users/barna/Documents/AH-frontend-guardians/Ah-frontend-guardians/src/actions/socialActions/facebookAction.js": {"path":"/Users/barna/Documents/AH-frontend-guardians/Ah-frontend-guardians/src/actions/socialActions/facebookAction.js","statementMap":{"0":{"start":{"line":4,"column":28},"end":{"line":19,"column":1}},"1":{"start":{"line":4,"column":43},"end":{"line":19,"column":1}},"2":{"start":{"line":5,"column":2},"end":{"line":18,"column":6}},"3":{"start":{"line":13,"column":6},"end":{"line":17,"column":9}}},"fnMap":{"0":{"name":"(anonymous_0)","decl":{"start":{"line":4,"column":28},"end":{"line":4,"column":29}},"loc":{"start":{"line":4,"column":43},"end":{"line":19,"column":1}},"line":4},"1":{"name":"(anonymous_1)","decl":{"start":{"line":4,"column":43},"end":{"line":4,"column":44}},"loc":{"start":{"line":4,"column":55},"end":{"line":19,"column":1}},"line":4},"2":{"name":"(anonymous_2)","decl":{"start":{"line":12,"column":10},"end":{"line":12,"column":11}},"loc":{"start":{"line":12,"column":17},"end":{"line":18,"column":5}},"line":12}},"branchMap":{},"s":{"0":7,"1":1,"2":1,"3":0},"f":{"0":1,"1":1,"2":0},"b":{},"_coverageSchema":"43e27e138ebf9cfc5966b082cf9a028302ed4184","hash":"01705f98599606a0da6a4ab72ce79444e4b6cc16"}
,"/Users/barna/Documents/AH-frontend-guardians/Ah-frontend-guardians/src/actions/socialActions/googleAction.js": {"path":"/Users/barna/Documents/AH-frontend-guardians/Ah-frontend-guardians/src/actions/socialActions/googleAction.js","statementMap":{"0":{"start":{"line":4,"column":26},"end":{"line":21,"column":1}},"1":{"start":{"line":5,"column":2},"end":{"line":20,"column":1}},"2":{"start":{"line":6,"column":2},"end":{"line":19,"column":6}},"3":{"start":{"line":14,"column":6},"end":{"line":18,"column":9}}},"fnMap":{"0":{"name":"(anonymous_0)","decl":{"start":{"line":4,"column":26},"end":{"line":4,"column":27}},"loc":{"start":{"line":4,"column":38},"end":{"line":21,"column":1}},"line":4},"1":{"name":"(anonymous_1)","decl":{"start":{"line":5,"column":9},"end":{"line":5,"column":10}},"loc":{"start":{"line":5,"column":23},"end":{"line":20,"column":1}},"line":5},"2":{"name":"(anonymous_2)","decl":{"start":{"line":12,"column":11},"end":{"line":12,"column":12}},"loc":{"start":{"line":12,"column":18},"end":{"line":19,"column":5}},"line":12}},"branchMap":{},"s":{"0":7,"1":1,"2":1,"3":0},"f":{"0":1,"1":1,"2":0},"b":{},"_coverageSchema":"43e27e138ebf9cfc5966b082cf9a028302ed4184","hash":"e9cfede74e69e659d975fe7cebb1111366ea6c47"}
,"/Users/barna/Documents/AH-frontend-guardians/Ah-frontend-guardians/src/components/App.js": {"path":"/Users/barna/Documents/AH-frontend-guardians/Ah-frontend-guardians/src/components/App.js","statementMap":{"0":{"start":{"line":8,"column":4},"end":{"line":15,"column":6}}},"fnMap":{"0":{"name":"(anonymous_0)","decl":{"start":{"line":7,"column":2},"end":{"line":7,"column":3}},"loc":{"start":{"line":7,"column":11},"end":{"line":16,"column":3}},"line":7}},"branchMap":{},"s":{"0":1},"f":{"0":1},"b":{},"_coverageSchema":"43e27e138ebf9cfc5966b082cf9a028302ed4184","hash":"e3cb5bb263ec0aee921a04286bd9a3dc28ace7a0"}
,"/Users/barna/Documents/AH-frontend-guardians/Ah-frontend-guardians/src/components/Footer/Footer.js": {"path":"/Users/barna/Documents/AH-frontend-guardians/Ah-frontend-guardians/src/components/Footer/Footer.js","statementMap":{"0":{"start":{"line":3,"column":15},"end":{"line":13,"column":1}},"1":{"start":{"line":4,"column":8},"end":{"line":12,"column":9}}},"fnMap":{"0":{"name":"(anonymous_0)","decl":{"start":{"line":3,"column":15},"end":{"line":3,"column":16}},"loc":{"start":{"line":3,"column":21},"end":{"line":13,"column":1}},"line":3}},"branchMap":{},"s":{"0":10,"1":1},"f":{"0":1},"b":{},"_coverageSchema":"43e27e138ebf9cfc5966b082cf9a028302ed4184","hash":"4d998ca76f317abab4553df99c6db0194e9df0f4"}
,"/Users/barna/Documents/AH-frontend-guardians/Ah-frontend-guardians/src/components/MyArticles/DeleteButton.js": {"path":"/Users/barna/Documents/AH-frontend-guardians/Ah-frontend-guardians/src/components/MyArticles/DeleteButton.js","statementMap":{"0":{"start":{"line":8,"column":4},"end":{"line":8,"column":17}},"1":{"start":{"line":9,"column":4},"end":{"line":9,"column":53}},"2":{"start":{"line":13,"column":4},"end":{"line":13,"column":23}},"3":{"start":{"line":14,"column":4},"end":{"line":24,"column":7}},"4":{"start":{"line":21,"column":6},"end":{"line":23,"column":7}},"5":{"start":{"line":22,"column":8},"end":{"line":22,"column":50}},"6":{"start":{"line":28,"column":4},"end":{"line":38,"column":6}},"7":{"start":{"line":42,"column":31},"end":{"line":44,"column":4}},"8":{"start":{"line":42,"column":41},"end":{"line":44,"column":3}}},"fnMap":{"0":{"name":"(anonymous_0)","decl":{"start":{"line":7,"column":2},"end":{"line":7,"column":3}},"loc":{"start":{"line":7,"column":21},"end":{"line":10,"column":3}},"line":7},"1":{"name":"(anonymous_1)","decl":{"start":{"line":12,"column":2},"end":{"line":12,"column":3}},"loc":{"start":{"line":12,"column":18},"end":{"line":25,"column":3}},"line":12},"2":{"name":"(anonymous_2)","decl":{"start":{"line":20,"column":12},"end":{"line":20,"column":13}},"loc":{"start":{"line":20,"column":28},"end":{"line":24,"column":5}},"line":20},"3":{"name":"(anonymous_3)","decl":{"start":{"line":27,"column":2},"end":{"line":27,"column":3}},"loc":{"start":{"line":27,"column":11},"end":{"line":39,"column":3}},"line":27},"4":{"name":"(anonymous_4)","decl":{"start":{"line":42,"column":31},"end":{"line":42,"column":32}},"loc":{"start":{"line":42,"column":41},"end":{"line":44,"column":3}},"line":42}},"branchMap":{"0":{"loc":{"start":{"line":21,"column":6},"end":{"line":23,"column":7}},"type":"if","locations":[{"start":{"line":21,"column":6},"end":{"line":23,"column":7}},{"start":{"line":21,"column":6},"end":{"line":23,"column":7}}],"line":21}},"s":{"0":1,"1":1,"2":1,"3":1,"4":0,"5":0,"6":1,"7":6,"8":1},"f":{"0":1,"1":1,"2":0,"3":1,"4":1},"b":{"0":[0,0]},"_coverageSchema":"43e27e138ebf9cfc5966b082cf9a028302ed4184","hash":"8db639ed2d0dbe5e3d07ab26cc58f08f14b3a3ed"}
,"/Users/barna/Documents/AH-frontend-guardians/Ah-frontend-guardians/src/components/MyArticles/Edit Article.js": {"path":"/Users/barna/Documents/AH-frontend-guardians/Ah-frontend-guardians/src/components/MyArticles/Edit Article.js","statementMap":{"0":{"start":{"line":12,"column":4},"end":{"line":12,"column":17}},"1":{"start":{"line":14,"column":4},"end":{"line":22,"column":6}},"2":{"start":{"line":24,"column":4},"end":{"line":24,"column":53}},"3":{"start":{"line":25,"column":4},"end":{"line":25,"column":53}},"4":{"start":{"line":26,"column":4},"end":{"line":26,"column":61}},"5":{"start":{"line":30,"column":4},"end":{"line":32,"column":5}},"6":{"start":{"line":31,"column":6},"end":{"line":31,"column":42}},"7":{"start":{"line":36,"column":17},"end":{"line":36,"column":45}},"8":{"start":{"line":38,"column":20},"end":{"line":38,"column":81}},"9":{"start":{"line":38,"column":59},"end":{"line":38,"column":80}},"10":{"start":{"line":40,"column":4},"end":{"line":47,"column":7}},"11":{"start":{"line":51,"column":4},"end":{"line":51,"column":23}},"12":{"start":{"line":52,"column":20},"end":{"line":52,"column":43}},"13":{"start":{"line":54,"column":4},"end":{"line":54,"column":53}},"14":{"start":{"line":58,"column":28},"end":{"line":58,"column":40}},"15":{"start":{"line":60,"column":4},"end":{"line":62,"column":7}},"16":{"start":{"line":66,"column":4},"end":{"line":68,"column":7}},"17":{"start":{"line":72,"column":4},"end":{"line":74,"column":7}},"18":{"start":{"line":78,"column":4},"end":{"line":124,"column":6}},"19":{"start":{"line":128,"column":31},"end":{"line":132,"column":4}},"20":{"start":{"line":128,"column":43},"end":{"line":132,"column":3}}},"fnMap":{"0":{"name":"(anonymous_0)","decl":{"start":{"line":11,"column":2},"end":{"line":11,"column":3}},"loc":{"start":{"line":11,"column":21},"end":{"line":27,"column":3}},"line":11},"1":{"name":"(anonymous_1)","decl":{"start":{"line":29,"column":2},"end":{"line":29,"column":3}},"loc":{"start":{"line":29,"column":39},"end":{"line":33,"column":3}},"line":29},"2":{"name":"(anonymous_2)","decl":{"start":{"line":35,"column":2},"end":{"line":35,"column":3}},"loc":{"start":{"line":35,"column":23},"end":{"line":48,"column":3}},"line":35},"3":{"name":"(anonymous_3)","decl":{"start":{"line":38,"column":46},"end":{"line":38,"column":47}},"loc":{"start":{"line":38,"column":59},"end":{"line":38,"column":80}},"line":38},"4":{"name":"(anonymous_4)","decl":{"start":{"line":50,"column":2},"end":{"line":50,"column":3}},"loc":{"start":{"line":50,"column":18},"end":{"line":55,"column":3}},"line":50},"5":{"name":"(anonymous_5)","decl":{"start":{"line":57,"column":2},"end":{"line":57,"column":3}},"loc":{"start":{"line":57,"column":22},"end":{"line":63,"column":3}},"line":57},"6":{"name":"(anonymous_6)","decl":{"start":{"line":65,"column":2},"end":{"line":65,"column":3}},"loc":{"start":{"line":65,"column":26},"end":{"line":69,"column":3}},"line":65},"7":{"name":"(anonymous_7)","decl":{"start":{"line":71,"column":2},"end":{"line":71,"column":3}},"loc":{"start":{"line":71,"column":25},"end":{"line":75,"column":3}},"line":71},"8":{"name":"(anonymous_8)","decl":{"start":{"line":77,"column":2},"end":{"line":77,"column":3}},"loc":{"start":{"line":77,"column":11},"end":{"line":125,"column":3}},"line":77},"9":{"name":"(anonymous_9)","decl":{"start":{"line":128,"column":31},"end":{"line":128,"column":32}},"loc":{"start":{"line":128,"column":43},"end":{"line":132,"column":3}},"line":128}},"branchMap":{"0":{"loc":{"start":{"line":30,"column":4},"end":{"line":32,"column":5}},"type":"if","locations":[{"start":{"line":30,"column":4},"end":{"line":32,"column":5}},{"start":{"line":30,"column":4},"end":{"line":32,"column":5}}],"line":30}},"s":{"0":2,"1":2,"2":2,"3":2,"4":2,"5":1,"6":1,"7":2,"8":2,"9":2,"10":2,"11":1,"12":1,"13":1,"14":1,"15":1,"16":1,"17":1,"18":6,"19":2,"20":1},"f":{"0":2,"1":1,"2":2,"3":2,"4":1,"5":1,"6":1,"7":1,"8":6,"9":1},"b":{"0":[1,0]},"_coverageSchema":"43e27e138ebf9cfc5966b082cf9a028302ed4184","hash":"73bcba1c8686f06dc88f911eabe94013dbb2e5f4"}
,"/Users/barna/Documents/AH-frontend-guardians/Ah-frontend-guardians/src/components/MyArticles/EditButton.js": {"path":"/Users/barna/Documents/AH-frontend-guardians/Ah-frontend-guardians/src/components/MyArticles/EditButton.js","statementMap":{"0":{"start":{"line":7,"column":4},"end":{"line":7,"column":17}},"1":{"start":{"line":11,"column":16},"end":{"line":11,"column":49}},"2":{"start":{"line":12,"column":4},"end":{"line":23,"column":6}},"3":{"start":{"line":27,"column":31},"end":{"line":31,"column":1}},"4":{"start":{"line":28,"column":2},"end":{"line":30,"column":4}}},"fnMap":{"0":{"name":"(anonymous_0)","decl":{"start":{"line":6,"column":2},"end":{"line":6,"column":3}},"loc":{"start":{"line":6,"column":21},"end":{"line":8,"column":3}},"line":6},"1":{"name":"(anonymous_1)","decl":{"start":{"line":10,"column":2},"end":{"line":10,"column":3}},"loc":{"start":{"line":10,"column":11},"end":{"line":24,"column":3}},"line":10},"2":{"name":"(anonymous_2)","decl":{"start":{"line":27,"column":31},"end":{"line":27,"column":32}},"loc":{"start":{"line":27,"column":40},"end":{"line":31,"column":1}},"line":27}},"branchMap":{},"s":{"0":1,"1":1,"2":1,"3":6,"4":1},"f":{"0":1,"1":1,"2":1},"b":{},"_coverageSchema":"43e27e138ebf9cfc5966b082cf9a028302ed4184","hash":"49f8650f9a9626564d03da1619a4712d5aaea1dd"}
,"/Users/barna/Documents/AH-frontend-guardians/Ah-frontend-guardians/src/components/MyArticles/MyArticles.js": {"path":"/Users/barna/Documents/AH-frontend-guardians/Ah-frontend-guardians/src/components/MyArticles/MyArticles.js","statementMap":{"0":{"start":{"line":11,"column":4},"end":{"line":11,"column":28}},"1":{"start":{"line":15,"column":25},"end":{"line":45,"column":6}},"2":{"start":{"line":16,"column":6},"end":{"line":44,"column":12}},"3":{"start":{"line":46,"column":4},"end":{"line":50,"column":6}},"4":{"start":{"line":54,"column":31},"end":{"line":56,"column":4}},"5":{"start":{"line":54,"column":41},"end":{"line":56,"column":3}}},"fnMap":{"0":{"name":"(anonymous_0)","decl":{"start":{"line":10,"column":2},"end":{"line":10,"column":3}},"loc":{"start":{"line":10,"column":23},"end":{"line":12,"column":3}},"line":10},"1":{"name":"(anonymous_1)","decl":{"start":{"line":14,"column":2},"end":{"line":14,"column":3}},"loc":{"start":{"line":14,"column":11},"end":{"line":51,"column":3}},"line":14},"2":{"name":"(anonymous_2)","decl":{"start":{"line":15,"column":52},"end":{"line":15,"column":53}},"loc":{"start":{"line":16,"column":6},"end":{"line":44,"column":12}},"line":16},"3":{"name":"(anonymous_3)","decl":{"start":{"line":54,"column":31},"end":{"line":54,"column":32}},"loc":{"start":{"line":54,"column":41},"end":{"line":56,"column":3}},"line":54}},"branchMap":{"0":{"loc":{"start":{"line":48,"column":40},"end":{"line":48,"column":99}},"type":"cond-expr","locations":[{"start":{"line":48,"column":62},"end":{"line":48,"column":85}},{"start":{"line":48,"column":87},"end":{"line":48,"column":99}}],"line":48}},"s":{"0":1,"1":1,"2":1,"3":1,"4":5,"5":1},"f":{"0":1,"1":1,"2":1,"3":1},"b":{"0":[0,1]},"_coverageSchema":"43e27e138ebf9cfc5966b082cf9a028302ed4184","hash":"f5ddababe9ae0db723e100dfff17c98749b8696e"}
,"/Users/barna/Documents/AH-frontend-guardians/Ah-frontend-guardians/src/components/ProfileBanner/ProfileBanner.js": {"path":"/Users/barna/Documents/AH-frontend-guardians/Ah-frontend-guardians/src/components/ProfileBanner/ProfileBanner.js","statementMap":{"0":{"start":{"line":6,"column":4},"end":{"line":6,"column":17}},"1":{"start":{"line":7,"column":4},"end":{"line":11,"column":6}},"2":{"start":{"line":15,"column":4},"end":{"line":19,"column":7}},"3":{"start":{"line":20,"column":4},"end":{"line":22,"column":6}},"4":{"start":{"line":26,"column":4},"end":{"line":47,"column":6}}},"fnMap":{"0":{"name":"(anonymous_0)","decl":{"start":{"line":5,"column":2},"end":{"line":5,"column":3}},"loc":{"start":{"line":5,"column":21},"end":{"line":12,"column":3}},"line":5},"1":{"name":"(anonymous_1)","decl":{"start":{"line":14,"column":2},"end":{"line":14,"column":3}},"loc":{"start":{"line":14,"column":17},"end":{"line":23,"column":3}},"line":14},"2":{"name":"(anonymous_2)","decl":{"start":{"line":25,"column":2},"end":{"line":25,"column":3}},"loc":{"start":{"line":25,"column":11},"end":{"line":48,"column":3}},"line":25}},"branchMap":{},"s":{"0":1,"1":1,"2":1,"3":1,"4":3},"f":{"0":1,"1":1,"2":3},"b":{},"_coverageSchema":"43e27e138ebf9cfc5966b082cf9a028302ed4184","hash":"235d10d0f85164de096163dc9e8023457cc5eac1"}
,"/Users/barna/Documents/AH-frontend-guardians/Ah-frontend-guardians/src/components/SignUp/Input.js": {"path":"/Users/barna/Documents/AH-frontend-guardians/Ah-frontend-guardians/src/components/SignUp/Input.js","statementMap":{"0":{"start":{"line":4,"column":14},"end":{"line":19,"column":10}},"1":{"start":{"line":5,"column":4},"end":{"line":19,"column":10}},"2":{"start":{"line":22,"column":0},"end":{"line":29,"column":1}}},"fnMap":{"0":{"name":"(anonymous_0)","decl":{"start":{"line":4,"column":14},"end":{"line":4,"column":15}},"loc":{"start":{"line":5,"column":4},"end":{"line":19,"column":10}},"line":5}},"branchMap":{},"s":{"0":5,"1":2,"2":5},"f":{"0":2},"b":{},"_coverageSchema":"43e27e138ebf9cfc5966b082cf9a028302ed4184","hash":"08c90a7e514997c8d679ca00f36dca615520ea1d"}
,"/Users/barna/Documents/AH-frontend-guardians/Ah-frontend-guardians/src/components/SignUp/SignUpForm.js": {"path":"/Users/barna/Documents/AH-frontend-guardians/Ah-frontend-guardians/src/components/SignUp/SignUpForm.js","statementMap":{"0":{"start":{"line":6,"column":19},"end":{"line":27,"column":1}},"1":{"start":{"line":7,"column":43},"end":{"line":7,"column":48}},"2":{"start":{"line":8,"column":26},"end":{"line":8,"column":39}},"3":{"start":{"line":10,"column":4},"end":{"line":26,"column":5}},"4":{"start":{"line":29,"column":0},"end":{"line":32,"column":1}}},"fnMap":{"0":{"name":"(anonymous_0)","decl":{"start":{"line":6,"column":19},"end":{"line":6,"column":20}},"loc":{"start":{"line":6,"column":30},"end":{"line":27,"column":1}},"line":6}},"branchMap":{"0":{"loc":{"start":{"line":14,"column":37},"end":{"line":14,"column":76}},"type":"binary-expr","locations":[{"start":{"line":14,"column":37},"end":{"line":14,"column":50}},{"start":{"line":14,"column":54},"end":{"line":14,"column":76}}],"line":14},"1":{"loc":{"start":{"line":18,"column":23},"end":{"line":18,"column":59}},"type":"binary-expr","locations":[{"start":{"line":18,"column":23},"end":{"line":18,"column":36}},{"start":{"line":18,"column":40},"end":{"line":18,"column":59}}],"line":18},"2":{"loc":{"start":{"line":22,"column":23},"end":{"line":22,"column":62}},"type":"binary-expr","locations":[{"start":{"line":22,"column":23},"end":{"line":22,"column":36}},{"start":{"line":22,"column":40},"end":{"line":22,"column":62}}],"line":22}},"s":{"0":4,"1":5,"2":5,"3":5,"4":4},"f":{"0":5},"b":{"0":[5,1],"1":[5,1],"2":[5,1]},"_coverageSchema":"43e27e138ebf9cfc5966b082cf9a028302ed4184","hash":"6923703104eb7f6e5c27c89d4b527a0388c7980e"}
,"/Users/barna/Documents/AH-frontend-guardians/Ah-frontend-guardians/src/components/SocialLogin/SocialAuthLogin.js": {"path":"/Users/barna/Documents/AH-frontend-guardians/Ah-frontend-guardians/src/components/SocialLogin/SocialAuthLogin.js","statementMap":{"0":{"start":{"line":6,"column":24},"end":{"line":40,"column":1}},"1":{"start":{"line":7,"column":2},"end":{"line":39,"column":4}},"2":{"start":{"line":16,"column":16},"end":{"line":19,"column":18}},"3":{"start":{"line":31,"column":16},"end":{"line":34,"column":18}},"4":{"start":{"line":42,"column":0},"end":{"line":46,"column":2}}},"fnMap":{"0":{"name":"(anonymous_0)","decl":{"start":{"line":6,"column":24},"end":{"line":6,"column":25}},"loc":{"start":{"line":6,"column":33},"end":{"line":40,"column":1}},"line":6},"1":{"name":"(anonymous_1)","decl":{"start":{"line":15,"column":22},"end":{"line":15,"column":23}},"loc":{"start":{"line":16,"column":16},"end":{"line":19,"column":18}},"line":16},"2":{"name":"(anonymous_2)","decl":{"start":{"line":30,"column":22},"end":{"line":30,"column":23}},"loc":{"start":{"line":31,"column":16},"end":{"line":34,"column":18}},"line":31}},"branchMap":{},"s":{"0":7,"1":1,"2":0,"3":0,"4":7},"f":{"0":1,"1":0,"2":0},"b":{},"_coverageSchema":"43e27e138ebf9cfc5966b082cf9a028302ed4184","hash":"5cc7917f778d4ca5d647cc621793728982a6f435"}
,"/Users/barna/Documents/AH-frontend-guardians/Ah-frontend-guardians/src/components/articles/Article.jsx": {"path":"/Users/barna/Documents/AH-frontend-guardians/Ah-frontend-guardians/src/components/articles/Article.jsx","statementMap":{"0":{"start":{"line":10,"column":4},"end":{"line":17,"column":5}},"1":{"start":{"line":11,"column":19},"end":{"line":11,"column":47}},"2":{"start":{"line":13,"column":6},"end":{"line":13,"column":42}},"3":{"start":{"line":16,"column":10},"end":{"line":16,"column":20}},"4":{"start":{"line":21,"column":4},"end":{"line":21,"column":72}},"5":{"start":{"line":21,"column":57},"end":{"line":21,"column":72}},"6":{"start":{"line":35,"column":8},"end":{"line":35,"column":33}},"7":{"start":{"line":37,"column":4},"end":{"line":57,"column":6}},"8":{"start":{"line":60,"column":0},"end":{"line":74,"column":2}},"9":{"start":{"line":75,"column":0},"end":{"line":86,"column":2}},"10":{"start":{"line":87,"column":31},"end":{"line":87,"column":45}},"11":{"start":{"line":87,"column":40},"end":{"line":87,"column":45}}},"fnMap":{"0":{"name":"(anonymous_0)","decl":{"start":{"line":9,"column":2},"end":{"line":9,"column":3}},"loc":{"start":{"line":9,"column":22},"end":{"line":18,"column":3}},"line":9},"1":{"name":"(anonymous_1)","decl":{"start":{"line":20,"column":2},"end":{"line":20,"column":3}},"loc":{"start":{"line":20,"column":11},"end":{"line":58,"column":3}},"line":20},"2":{"name":"(anonymous_2)","decl":{"start":{"line":87,"column":31},"end":{"line":87,"column":32}},"loc":{"start":{"line":87,"column":40},"end":{"line":87,"column":45}},"line":87}},"branchMap":{"0":{"loc":{"start":{"line":10,"column":4},"end":{"line":17,"column":5}},"type":"if","locations":[{"start":{"line":10,"column":4},"end":{"line":17,"column":5}},{"start":{"line":10,"column":4},"end":{"line":17,"column":5}}],"line":10},"1":{"loc":{"start":{"line":21,"column":4},"end":{"line":21,"column":72}},"type":"if","locations":[{"start":{"line":21,"column":4},"end":{"line":21,"column":72}},{"start":{"line":21,"column":4},"end":{"line":21,"column":72}}],"line":21},"2":{"loc":{"start":{"line":41,"column":33},"end":{"line":41,"column":58}},"type":"binary-expr","locations":[{"start":{"line":41,"column":33},"end":{"line":41,"column":39}},{"start":{"line":41,"column":43},"end":{"line":41,"column":58}}],"line":41}},"s":{"0":3,"1":1,"2":1,"3":1,"4":4,"5":1,"6":3,"7":3,"8":3,"9":3,"10":3,"11":2},"f":{"0":3,"1":4,"2":2},"b":{"0":[1,2],"1":[1,3],"2":[3,0]},"_coverageSchema":"43e27e138ebf9cfc5966b082cf9a028302ed4184","hash":"7b3fb3c073d87ca398e5da5096a1c22908e2a099"}
,"/Users/barna/Documents/AH-frontend-guardians/Ah-frontend-guardians/src/components/articles/CreateArticle.jsx": {"path":"/Users/barna/Documents/AH-frontend-guardians/Ah-frontend-guardians/src/components/articles/CreateArticle.jsx","statementMap":{"0":{"start":{"line":13,"column":14},"end":{"line":13,"column":43}},"1":{"start":{"line":15,"column":16},"end":{"line":18,"column":1}},"2":{"start":{"line":20,"column":35},"end":{"line":31,"column":3}},"3":{"start":{"line":20,"column":45},"end":{"line":31,"column":3}},"4":{"start":{"line":20,"column":59},"end":{"line":30,"column":7}},"5":{"start":{"line":23,"column":6},"end":{"line":26,"column":9}},"6":{"start":{"line":29,"column":6},"end":{"line":29,"column":41}},"7":{"start":{"line":42,"column":4},"end":{"line":44,"column":5}},"8":{"start":{"line":43,"column":6},"end":{"line":43,"column":35}},"9":{"start":{"line":48,"column":4},"end":{"line":48,"column":23}},"10":{"start":{"line":49,"column":17},"end":{"line":49,"column":19}},"11":{"start":{"line":51,"column":4},"end":{"line":51,"column":47}},"12":{"start":{"line":55,"column":4},"end":{"line":57,"column":7}},"13":{"start":{"line":61,"column":4},"end":{"line":63,"column":7}},"14":{"start":{"line":67,"column":4},"end":{"line":69,"column":7}},"15":{"start":{"line":73,"column":4},"end":{"line":124,"column":6}},"16":{"start":{"line":127,"column":0},"end":{"line":130,"column":2}},"17":{"start":{"line":131,"column":24},"end":{"line":131,"column":38}},"18":{"start":{"line":131,"column":33},"end":{"line":131,"column":38}}},"fnMap":{"0":{"name":"(anonymous_0)","decl":{"start":{"line":20,"column":35},"end":{"line":20,"column":36}},"loc":{"start":{"line":20,"column":45},"end":{"line":31,"column":3}},"line":20},"1":{"name":"(anonymous_1)","decl":{"start":{"line":20,"column":45},"end":{"line":20,"column":46}},"loc":{"start":{"line":20,"column":57},"end":{"line":31,"column":3}},"line":20},"2":{"name":"(anonymous_2)","decl":{"start":{"line":22,"column":10},"end":{"line":22,"column":11}},"loc":{"start":{"line":22,"column":19},"end":{"line":27,"column":5}},"line":22},"3":{"name":"(anonymous_3)","decl":{"start":{"line":28,"column":11},"end":{"line":28,"column":12}},"loc":{"start":{"line":28,"column":22},"end":{"line":30,"column":5}},"line":28},"4":{"name":"(anonymous_4)","decl":{"start":{"line":41,"column":2},"end":{"line":41,"column":3}},"loc":{"start":{"line":41,"column":39},"end":{"line":45,"column":3}},"line":41},"5":{"name":"(anonymous_5)","decl":{"start":{"line":47,"column":17},"end":{"line":47,"column":18}},"loc":{"start":{"line":47,"column":24},"end":{"line":52,"column":3}},"line":47},"6":{"name":"(anonymous_6)","decl":{"start":{"line":54,"column":22},"end":{"line":54,"column":23}},"loc":{"start":{"line":54,"column":29},"end":{"line":58,"column":3}},"line":54},"7":{"name":"(anonymous_7)","decl":{"start":{"line":60,"column":17},"end":{"line":60,"column":18}},"loc":{"start":{"line":60,"column":28},"end":{"line":64,"column":3}},"line":60},"8":{"name":"(anonymous_8)","decl":{"start":{"line":66,"column":20},"end":{"line":66,"column":21}},"loc":{"start":{"line":66,"column":31},"end":{"line":70,"column":3}},"line":66},"9":{"name":"(anonymous_9)","decl":{"start":{"line":72,"column":2},"end":{"line":72,"column":3}},"loc":{"start":{"line":72,"column":11},"end":{"line":125,"column":3}},"line":72},"10":{"name":"(anonymous_10)","decl":{"start":{"line":131,"column":24},"end":{"line":131,"column":25}},"loc":{"start":{"line":131,"column":33},"end":{"line":131,"column":38}},"line":131}},"branchMap":{"0":{"loc":{"start":{"line":42,"column":4},"end":{"line":44,"column":5}},"type":"if","locations":[{"start":{"line":42,"column":4},"end":{"line":44,"column":5}},{"start":{"line":42,"column":4},"end":{"line":44,"column":5}}],"line":42}},"s":{"0":2,"1":2,"2":2,"3":0,"4":0,"5":0,"6":0,"7":1,"8":1,"9":2,"10":2,"11":2,"12":2,"13":2,"14":1,"15":11,"16":2,"17":2,"18":0},"f":{"0":0,"1":0,"2":0,"3":0,"4":1,"5":2,"6":2,"7":2,"8":1,"9":11,"10":0},"b":{"0":[1,0]},"_coverageSchema":"43e27e138ebf9cfc5966b082cf9a028302ed4184","hash":"72a714cc50a70211f6fb2f31e179921ef19d6461"}
,"/Users/barna/Documents/AH-frontend-guardians/Ah-frontend-guardians/src/components/articles/index.js": {"path":"/Users/barna/Documents/AH-frontend-guardians/Ah-frontend-guardians/src/components/articles/index.js","statementMap":{},"fnMap":{},"branchMap":{},"s":{},"f":{},"b":{},"_coverageSchema":"43e27e138ebf9cfc5966b082cf9a028302ed4184","hash":"40678105d2d381de3913d4cbad5c1459d933cfc4"}
,"/Users/barna/Documents/AH-frontend-guardians/Ah-frontend-guardians/src/components/dashboard/ArticleComponent.jsx": {"path":"/Users/barna/Documents/AH-frontend-guardians/Ah-frontend-guardians/src/components/dashboard/ArticleComponent.jsx","statementMap":{"0":{"start":{"line":7,"column":23},"end":{"line":35,"column":1}},"1":{"start":{"line":8,"column":23},"end":{"line":8,"column":65}},"2":{"start":{"line":8,"column":31},"end":{"line":8,"column":65}},"3":{"start":{"line":9,"column":15},"end":{"line":9,"column":50}},"4":{"start":{"line":10,"column":14},"end":{"line":10,"column":31}},"5":{"start":{"line":12,"column":2},"end":{"line":34,"column":4}},"6":{"start":{"line":36,"column":0},"end":{"line":43,"column":2}}},"fnMap":{"0":{"name":"(anonymous_0)","decl":{"start":{"line":7,"column":23},"end":{"line":7,"column":24}},"loc":{"start":{"line":7,"column":34},"end":{"line":35,"column":1}},"line":7},"1":{"name":"(anonymous_1)","decl":{"start":{"line":8,"column":23},"end":{"line":8,"column":24}},"loc":{"start":{"line":8,"column":31},"end":{"line":8,"column":65}},"line":8}},"branchMap":{"0":{"loc":{"start":{"line":9,"column":15},"end":{"line":9,"column":50}},"type":"binary-expr","locations":[{"start":{"line":9,"column":15},"end":{"line":9,"column":28}},{"start":{"line":9,"column":32},"end":{"line":9,"column":50}}],"line":9},"1":{"loc":{"start":{"line":20,"column":15},"end":{"line":20,"column":51}},"type":"binary-expr","locations":[{"start":{"line":20,"column":15},"end":{"line":20,"column":28}},{"start":{"line":20,"column":32},"end":{"line":20,"column":51}}],"line":20},"2":{"loc":{"start":{"line":22,"column":13},"end":{"line":22,"column":80}},"type":"binary-expr","locations":[{"start":{"line":22,"column":13},"end":{"line":22,"column":26}},{"start":{"line":22,"column":30},"end":{"line":22,"column":80}}],"line":22},"3":{"loc":{"start":{"line":25,"column":34},"end":{"line":25,"column":80}},"type":"binary-expr","locations":[{"start":{"line":25,"column":34},"end":{"line":25,"column":47}},{"start":{"line":25,"column":51},"end":{"line":25,"column":80}}],"line":25},"4":{"loc":{"start":{"line":28,"column":15},"end":{"line":28,"column":69}},"type":"binary-expr","locations":[{"start":{"line":28,"column":15},"end":{"line":28,"column":28}},{"start":{"line":28,"column":32},"end":{"line":28,"column":69}}],"line":28}},"s":{"0":5,"1":1,"2":0,"3":1,"4":1,"5":1,"6":5},"f":{"0":1,"1":0},"b":{"0":[1,1],"1":[1,1],"2":[1,1],"3":[1,1],"4":[1,1]},"_coverageSchema":"43e27e138ebf9cfc5966b082cf9a028302ed4184","hash":"571d381885f32e51b2abfe65a8eaea9c2e56c80b"}
,"/Users/barna/Documents/AH-frontend-guardians/Ah-frontend-guardians/src/components/dashboard/HomeComponent.jsx": {"path":"/Users/barna/Documents/AH-frontend-guardians/Ah-frontend-guardians/src/components/dashboard/HomeComponent.jsx","statementMap":{"0":{"start":{"line":9,"column":50},"end":{"line":9,"column":60}},"1":{"start":{"line":10,"column":24},"end":{"line":10,"column":53}},"2":{"start":{"line":11,"column":21},"end":{"line":13,"column":6}},"3":{"start":{"line":12,"column":6},"end":{"line":12,"column":69}},"4":{"start":{"line":16,"column":0},"end":{"line":31,"column":6}},"5":{"start":{"line":34,"column":0},"end":{"line":47,"column":2}},"6":{"start":{"line":48,"column":0},"end":{"line":51,"column":2}},"7":{"start":{"line":52,"column":31},"end":{"line":52,"column":45}},"8":{"start":{"line":52,"column":40},"end":{"line":52,"column":45}}},"fnMap":{"0":{"name":"(anonymous_0)","decl":{"start":{"line":8,"column":2},"end":{"line":8,"column":3}},"loc":{"start":{"line":8,"column":11},"end":{"line":32,"column":3}},"line":8},"1":{"name":"(anonymous_1)","decl":{"start":{"line":11,"column":37},"end":{"line":11,"column":38}},"loc":{"start":{"line":12,"column":6},"end":{"line":12,"column":69}},"line":12},"2":{"name":"(anonymous_2)","decl":{"start":{"line":52,"column":31},"end":{"line":52,"column":32}},"loc":{"start":{"line":52,"column":40},"end":{"line":52,"column":45}},"line":52}},"branchMap":{"0":{"loc":{"start":{"line":10,"column":24},"end":{"line":10,"column":53}},"type":"binary-expr","locations":[{"start":{"line":10,"column":24},"end":{"line":10,"column":47}},{"start":{"line":10,"column":51},"end":{"line":10,"column":53}}],"line":10},"1":{"loc":{"start":{"line":19,"column":11},"end":{"line":28,"column":11}},"type":"cond-expr","locations":[{"start":{"line":20,"column":12},"end":{"line":23,"column":18}},{"start":{"line":25,"column":12},"end":{"line":27,"column":23}}],"line":19},"2":{"loc":{"start":{"line":21,"column":15},"end":{"line":21,"column":54}},"type":"binary-expr","locations":[{"start":{"line":21,"column":15},"end":{"line":21,"column":29}},{"start":{"line":21,"column":33},"end":{"line":21,"column":54}}],"line":21}},"s":{"0":4,"1":4,"2":4,"3":4,"4":4,"5":3,"6":3,"7":3,"8":2},"f":{"0":4,"1":4,"2":2},"b":{"0":[4,0],"1":[1,3],"2":[1,0]},"_coverageSchema":"43e27e138ebf9cfc5966b082cf9a028302ed4184","hash":"a36c733b608b5be5d2af45fecc1d16101d4fcd23"}
,"/Users/barna/Documents/AH-frontend-guardians/Ah-frontend-guardians/src/components/navBar/NavBar.js": {"path":"/Users/barna/Documents/AH-frontend-guardians/Ah-frontend-guardians/src/components/navBar/NavBar.js","statementMap":{"0":{"start":{"line":8,"column":4},"end":{"line":36,"column":6}},"1":{"start":{"line":40,"column":31},"end":{"line":42,"column":1}},"2":{"start":{"line":41,"column":2},"end":{"line":41,"column":29}}},"fnMap":{"0":{"name":"(anonymous_0)","decl":{"start":{"line":7,"column":2},"end":{"line":7,"column":3}},"loc":{"start":{"line":7,"column":11},"end":{"line":37,"column":3}},"line":7},"1":{"name":"(anonymous_1)","decl":{"start":{"line":40,"column":31},"end":{"line":40,"column":32}},"loc":{"start":{"line":40,"column":40},"end":{"line":42,"column":1}},"line":40}},"branchMap":{"0":{"loc":{"start":{"line":20,"column":15},"end":{"line":30,"column":15}},"type":"cond-expr","locations":[{"start":{"line":22,"column":16},"end":{"line":24,"column":26}},{"start":{"line":26,"column":16},"end":{"line":29,"column":23}}],"line":20},"1":{"loc":{"start":{"line":20,"column":15},"end":{"line":21,"column":47}},"type":"binary-expr","locations":[{"start":{"line":20,"column":15},"end":{"line":20,"column":40}},{"start":{"line":21,"column":14},"end":{"line":21,"column":47}}],"line":20}},"s":{"0":1,"1":12,"2":1},"f":{"0":1,"1":1},"b":{"0":[0,1],"1":[1,1]},"_coverageSchema":"43e27e138ebf9cfc5966b082cf9a028302ed4184","hash":"74e52c3b33d17464e1a8fb6d6027fe2531a27df7"}
,"/Users/barna/Documents/AH-frontend-guardians/Ah-frontend-guardians/src/components/presentational/login/login.js": {"path":"/Users/barna/Documents/AH-frontend-guardians/Ah-frontend-guardians/src/components/presentational/login/login.js","statementMap":{"0":{"start":{"line":4,"column":13},"end":{"line":53,"column":1}},"1":{"start":{"line":5,"column":21},"end":{"line":5,"column":40}},"2":{"start":{"line":7,"column":2},"end":{"line":52,"column":4}}},"fnMap":{"0":{"name":"(anonymous_0)","decl":{"start":{"line":4,"column":13},"end":{"line":4,"column":14}},"loc":{"start":{"line":4,"column":22},"end":{"line":53,"column":1}},"line":4}},"branchMap":{"0":{"loc":{"start":{"line":13,"column":13},"end":{"line":13,"column":65}},"type":"cond-expr","locations":[{"start":{"line":13,"column":35},"end":{"line":13,"column":60}},{"start":{"line":13,"column":63},"end":{"line":13,"column":65}}],"line":13},"1":{"loc":{"start":{"line":25,"column":15},"end":{"line":25,"column":58}},"type":"cond-expr","locations":[{"start":{"line":25,"column":28},"end":{"line":25,"column":53}},{"start":{"line":25,"column":56},"end":{"line":25,"column":58}}],"line":25},"2":{"loc":{"start":{"line":36,"column":15},"end":{"line":36,"column":61}},"type":"cond-expr","locations":[{"start":{"line":36,"column":28},"end":{"line":36,"column":56}},{"start":{"line":36,"column":59},"end":{"line":36,"column":61}}],"line":36}},"s":{"0":3,"1":9,"2":9},"f":{"0":9},"b":{"0":[4,5],"1":[4,5],"2":[4,5]},"_coverageSchema":"43e27e138ebf9cfc5966b082cf9a028302ed4184","hash":"ea8c875e0669a88d697eeec5ce090920a1125d6a"}
,"/Users/barna/Documents/AH-frontend-guardians/Ah-frontend-guardians/src/components/presentational/login/social_media_links.js": {"path":"/Users/barna/Documents/AH-frontend-guardians/Ah-frontend-guardians/src/components/presentational/login/social_media_links.js","statementMap":{"0":{"start":{"line":3,"column":25},"end":{"line":30,"column":1}},"1":{"start":{"line":4,"column":2},"end":{"line":29,"column":4}}},"fnMap":{"0":{"name":"(anonymous_0)","decl":{"start":{"line":3,"column":25},"end":{"line":3,"column":26}},"loc":{"start":{"line":3,"column":36},"end":{"line":30,"column":1}},"line":3}},"branchMap":{},"s":{"0":0,"1":0},"f":{"0":0},"b":{}}
,"/Users/barna/Documents/AH-frontend-guardians/Ah-frontend-guardians/src/components/profiles/EditProfile.js": {"path":"/Users/barna/Documents/AH-frontend-guardians/Ah-frontend-guardians/src/components/profiles/EditProfile.js","statementMap":{"0":{"start":{"line":13,"column":2},"end":{"line":124,"column":4}}},"fnMap":{"0":{"name":"EditProfile","decl":{"start":{"line":4,"column":24},"end":{"line":4,"column":35}},"loc":{"start":{"line":12,"column":3},"end":{"line":125,"column":1}},"line":12}},"branchMap":{"0":{"loc":{"start":{"line":22,"column":10},"end":{"line":44,"column":14}},"type":"cond-expr","locations":[{"start":{"line":23,"column":12},"end":{"line":29,"column":14}},{"start":{"line":32,"column":10},"end":{"line":44,"column":14}}],"line":22},"1":{"loc":{"start":{"line":32,"column":10},"end":{"line":44,"column":14}},"type":"cond-expr","locations":[{"start":{"line":33,"column":10},"end":{"line":39,"column":17}},{"start":{"line":43,"column":15},"end":{"line":43,"column":57}}],"line":32}},"s":{"0":3},"f":{"0":3},"b":{"0":[0,3],"1":[0,3]},"_coverageSchema":"43e27e138ebf9cfc5966b082cf9a028302ed4184","hash":"2fba21267a1f0b4260fb60fcf82a64c5bf702bce"}
,"/Users/barna/Documents/AH-frontend-guardians/Ah-frontend-guardians/src/components/profiles/GetProfile.js": {"path":"/Users/barna/Documents/AH-frontend-guardians/Ah-frontend-guardians/src/components/profiles/GetProfile.js","statementMap":{"0":{"start":{"line":7,"column":20},"end":{"line":7,"column":38}},"1":{"start":{"line":8,"column":19},"end":{"line":8,"column":36}},"2":{"start":{"line":10,"column":2},"end":{"line":77,"column":4}}},"fnMap":{"0":{"name":"GetProfile","decl":{"start":{"line":6,"column":24},"end":{"line":6,"column":34}},"loc":{"start":{"line":6,"column":48},"end":{"line":78,"column":1}},"line":6}},"branchMap":{"0":{"loc":{"start":{"line":16,"column":11},"end":{"line":17,"column":55}},"type":"cond-expr","locations":[{"start":{"line":16,"column":27},"end":{"line":16,"column":79}},{"start":{"line":17,"column":10},"end":{"line":17,"column":55}}],"line":16}},"s":{"0":1,"1":1,"2":1},"f":{"0":1},"b":{"0":[0,1]},"_coverageSchema":"43e27e138ebf9cfc5966b082cf9a028302ed4184","hash":"456453568621a0410ed53ab50dd46695b87c4157"}
,"/Users/barna/Documents/AH-frontend-guardians/Ah-frontend-guardians/src/components/resetPassword/resetEmail.js": {"path":"/Users/barna/Documents/AH-frontend-guardians/Ah-frontend-guardians/src/components/resetPassword/resetEmail.js","statementMap":{"0":{"start":{"line":12,"column":8},"end":{"line":12,"column":20}},"1":{"start":{"line":13,"column":8},"end":{"line":13,"column":23}},"2":{"start":{"line":16,"column":8},"end":{"line":16,"column":26}},"3":{"start":{"line":18,"column":8},"end":{"line":18,"column":58}},"4":{"start":{"line":22,"column":8},"end":{"line":22,"column":67}},"5":{"start":{"line":27,"column":8},"end":{"line":39,"column":9}},"6":{"start":{"line":43,"column":31},"end":{"line":45,"column":1}},"7":{"start":{"line":44,"column":4},"end":{"line":44,"column":34}}},"fnMap":{"0":{"name":"(anonymous_0)","decl":{"start":{"line":11,"column":4},"end":{"line":11,"column":5}},"loc":{"start":{"line":11,"column":22},"end":{"line":14,"column":5}},"line":11},"1":{"name":"(anonymous_1)","decl":{"start":{"line":15,"column":15},"end":{"line":15,"column":16}},"loc":{"start":{"line":15,"column":22},"end":{"line":19,"column":5}},"line":15},"2":{"name":"(anonymous_2)","decl":{"start":{"line":21,"column":15},"end":{"line":21,"column":16}},"loc":{"start":{"line":21,"column":24},"end":{"line":24,"column":5}},"line":21},"3":{"name":"(anonymous_3)","decl":{"start":{"line":26,"column":4},"end":{"line":26,"column":5}},"loc":{"start":{"line":26,"column":13},"end":{"line":40,"column":5}},"line":26},"4":{"name":"(anonymous_4)","decl":{"start":{"line":43,"column":31},"end":{"line":43,"column":32}},"loc":{"start":{"line":43,"column":42},"end":{"line":45,"column":1}},"line":43}},"branchMap":{},"s":{"0":4,"1":4,"2":1,"3":1,"4":1,"5":6,"6":3,"7":1},"f":{"0":4,"1":1,"2":1,"3":6,"4":1},"b":{},"_coverageSchema":"43e27e138ebf9cfc5966b082cf9a028302ed4184","hash":"7277de48872b9093487bb32185cdcb44fbccd494"}
,"/Users/barna/Documents/AH-frontend-guardians/Ah-frontend-guardians/src/components/resetPassword/resetPassword.js": {"path":"/Users/barna/Documents/AH-frontend-guardians/Ah-frontend-guardians/src/components/resetPassword/resetPassword.js","statementMap":{"0":{"start":{"line":12,"column":8},"end":{"line":12,"column":20}},"1":{"start":{"line":13,"column":8},"end":{"line":15,"column":9}},"2":{"start":{"line":18,"column":8},"end":{"line":18,"column":26}},"3":{"start":{"line":20,"column":19},"end":{"line":20,"column":47}},"4":{"start":{"line":21,"column":8},"end":{"line":21,"column":97}},"5":{"start":{"line":26,"column":8},"end":{"line":26,"column":67}},"6":{"start":{"line":30,"column":8},"end":{"line":30,"column":67}},"7":{"start":{"line":35,"column":8},"end":{"line":49,"column":9}},"8":{"start":{"line":53,"column":31},"end":{"line":55,"column":1}},"9":{"start":{"line":54,"column":4},"end":{"line":54,"column":37}}},"fnMap":{"0":{"name":"(anonymous_0)","decl":{"start":{"line":11,"column":4},"end":{"line":11,"column":5}},"loc":{"start":{"line":11,"column":22},"end":{"line":16,"column":5}},"line":11},"1":{"name":"(anonymous_1)","decl":{"start":{"line":17,"column":15},"end":{"line":17,"column":16}},"loc":{"start":{"line":17,"column":22},"end":{"line":24,"column":5}},"line":17},"2":{"name":"(anonymous_2)","decl":{"start":{"line":25,"column":15},"end":{"line":25,"column":16}},"loc":{"start":{"line":25,"column":24},"end":{"line":28,"column":5}},"line":25},"3":{"name":"(anonymous_3)","decl":{"start":{"line":29,"column":16},"end":{"line":29,"column":17}},"loc":{"start":{"line":29,"column":25},"end":{"line":32,"column":5}},"line":29},"4":{"name":"(anonymous_4)","decl":{"start":{"line":34,"column":4},"end":{"line":34,"column":5}},"loc":{"start":{"line":34,"column":13},"end":{"line":50,"column":5}},"line":34},"5":{"name":"(anonymous_5)","decl":{"start":{"line":53,"column":31},"end":{"line":53,"column":32}},"loc":{"start":{"line":53,"column":42},"end":{"line":55,"column":1}},"line":53}},"branchMap":{},"s":{"0":5,"1":5,"2":1,"3":1,"4":1,"5":2,"6":0,"7":8,"8":2,"9":1},"f":{"0":5,"1":1,"2":2,"3":0,"4":8,"5":1},"b":{},"_coverageSchema":"43e27e138ebf9cfc5966b082cf9a028302ed4184","hash":"0b62b35cd364ed1785a20c38094ae727a3df9ad4"}
,"/Users/barna/Documents/AH-frontend-guardians/Ah-frontend-guardians/src/components/views/loginView/loginView.js": {"path":"/Users/barna/Documents/AH-frontend-guardians/Ah-frontend-guardians/src/components/views/loginView/loginView.js","statementMap":{"0":{"start":{"line":16,"column":4},"end":{"line":18,"column":7}},"1":{"start":{"line":22,"column":29},"end":{"line":22,"column":38}},"2":{"start":{"line":23,"column":4},"end":{"line":28,"column":5}},"3":{"start":{"line":24,"column":6},"end":{"line":24,"column":44}},"4":{"start":{"line":25,"column":11},"end":{"line":28,"column":5}},"5":{"start":{"line":26,"column":6},"end":{"line":26,"column":35}},"6":{"start":{"line":27,"column":6},"end":{"line":27,"column":35}},"7":{"start":{"line":32,"column":4},"end":{"line":32,"column":23}},"8":{"start":{"line":33,"column":17},"end":{"line":36,"column":5}},"9":{"start":{"line":37,"column":4},"end":{"line":37,"column":34}},"10":{"start":{"line":41,"column":4},"end":{"line":52,"column":6}},"11":{"start":{"line":55,"column":31},"end":{"line":61,"column":1}},"12":{"start":{"line":57,"column":2},"end":{"line":60,"column":4}}},"fnMap":{"0":{"name":"(anonymous_0)","decl":{"start":{"line":13,"column":2},"end":{"line":13,"column":3}},"loc":{"start":{"line":13,"column":22},"end":{"line":13,"column":24}},"line":13},"1":{"name":"(anonymous_1)","decl":{"start":{"line":15,"column":17},"end":{"line":15,"column":18}},"loc":{"start":{"line":15,"column":24},"end":{"line":19,"column":3}},"line":15},"2":{"name":"(anonymous_2)","decl":{"start":{"line":21,"column":2},"end":{"line":21,"column":3}},"loc":{"start":{"line":21,"column":39},"end":{"line":29,"column":3}},"line":21},"3":{"name":"(anonymous_3)","decl":{"start":{"line":31,"column":21},"end":{"line":31,"column":22}},"loc":{"start":{"line":31,"column":28},"end":{"line":38,"column":3}},"line":31},"4":{"name":"(anonymous_4)","decl":{"start":{"line":40,"column":2},"end":{"line":40,"column":3}},"loc":{"start":{"line":40,"column":11},"end":{"line":53,"column":3}},"line":40},"5":{"name":"(anonymous_5)","decl":{"start":{"line":55,"column":31},"end":{"line":55,"column":32}},"loc":{"start":{"line":55,"column":42},"end":{"line":61,"column":1}},"line":55}},"branchMap":{"0":{"loc":{"start":{"line":23,"column":4},"end":{"line":28,"column":5}},"type":"if","locations":[{"start":{"line":23,"column":4},"end":{"line":28,"column":5}},{"start":{"line":23,"column":4},"end":{"line":28,"column":5}}],"line":23},"1":{"loc":{"start":{"line":25,"column":11},"end":{"line":28,"column":5}},"type":"if","locations":[{"start":{"line":25,"column":11},"end":{"line":28,"column":5}},{"start":{"line":25,"column":11},"end":{"line":28,"column":5}}],"line":25}},"s":{"0":2,"1":3,"2":3,"3":1,"4":2,"5":1,"6":1,"7":2,"8":2,"9":2,"10":12,"11":2,"12":1},"f":{"0":7,"1":2,"2":3,"3":2,"4":12,"5":1},"b":{"0":[1,2],"1":[1,1]},"_coverageSchema":"43e27e138ebf9cfc5966b082cf9a028302ed4184","hash":"474bc20aa43494c409146285013829e5ccd85f62"}
,"/Users/barna/Documents/AH-frontend-guardians/Ah-frontend-guardians/src/components/views/signup/SignUpView.js": {"path":"/Users/barna/Documents/AH-frontend-guardians/Ah-frontend-guardians/src/components/views/signup/SignUpView.js","statementMap":{"0":{"start":{"line":11,"column":4},"end":{"line":11,"column":17}},"1":{"start":{"line":12,"column":4},"end":{"line":22,"column":6}},"2":{"start":{"line":25,"column":40},"end":{"line":25,"column":49}},"3":{"start":{"line":26,"column":4},"end":{"line":28,"column":5}},"4":{"start":{"line":27,"column":6},"end":{"line":27,"column":43}},"5":{"start":{"line":29,"column":4},"end":{"line":33,"column":5}},"6":{"start":{"line":30,"column":6},"end":{"line":30,"column":42}},"7":{"start":{"line":31,"column":6},"end":{"line":31,"column":24}},"8":{"start":{"line":32,"column":6},"end":{"line":32,"column":63}},"9":{"start":{"line":37,"column":4},"end":{"line":39,"column":7}},"10":{"start":{"line":43,"column":4},"end":{"line":43,"column":27}},"11":{"start":{"line":44,"column":17},"end":{"line":48,"column":5}},"12":{"start":{"line":50,"column":4},"end":{"line":50,"column":33}},"13":{"start":{"line":54,"column":4},"end":{"line":83,"column":6}},"14":{"start":{"line":87,"column":31},"end":{"line":90,"column":2}},"15":{"start":{"line":87,"column":41},"end":{"line":90,"column":1}}},"fnMap":{"0":{"name":"(anonymous_0)","decl":{"start":{"line":10,"column":2},"end":{"line":10,"column":3}},"loc":{"start":{"line":10,"column":21},"end":{"line":23,"column":3}},"line":10},"1":{"name":"(anonymous_1)","decl":{"start":{"line":24,"column":2},"end":{"line":24,"column":3}},"loc":{"start":{"line":24,"column":39},"end":{"line":34,"column":3}},"line":24},"2":{"name":"(anonymous_2)","decl":{"start":{"line":36,"column":13},"end":{"line":36,"column":14}},"loc":{"start":{"line":36,"column":22},"end":{"line":40,"column":3}},"line":36},"3":{"name":"(anonymous_3)","decl":{"start":{"line":42,"column":17},"end":{"line":42,"column":18}},"loc":{"start":{"line":42,"column":26},"end":{"line":51,"column":3}},"line":42},"4":{"name":"(anonymous_4)","decl":{"start":{"line":53,"column":2},"end":{"line":53,"column":3}},"loc":{"start":{"line":53,"column":11},"end":{"line":84,"column":3}},"line":53},"5":{"name":"(anonymous_5)","decl":{"start":{"line":87,"column":31},"end":{"line":87,"column":32}},"loc":{"start":{"line":87,"column":41},"end":{"line":90,"column":1}},"line":87}},"branchMap":{"0":{"loc":{"start":{"line":26,"column":4},"end":{"line":28,"column":5}},"type":"if","locations":[{"start":{"line":26,"column":4},"end":{"line":28,"column":5}},{"start":{"line":26,"column":4},"end":{"line":28,"column":5}}],"line":26},"1":{"loc":{"start":{"line":29,"column":4},"end":{"line":33,"column":5}},"type":"if","locations":[{"start":{"line":29,"column":4},"end":{"line":33,"column":5}},{"start":{"line":29,"column":4},"end":{"line":33,"column":5}}],"line":29}},"s":{"0":3,"1":3,"2":2,"3":2,"4":1,"5":2,"6":1,"7":1,"8":1,"9":3,"10":1,"11":1,"12":1,"13":8,"14":3,"15":1},"f":{"0":3,"1":2,"2":3,"3":1,"4":8,"5":1},"b":{"0":[1,1],"1":[1,1]},"_coverageSchema":"43e27e138ebf9cfc5966b082cf9a028302ed4184","hash":"ddce502d5f2fcc571d5affc1e70ef18b48031c19"}
,"/Users/barna/Documents/AH-frontend-guardians/Ah-frontend-guardians/src/reducers/ErrorReducer.js": {"path":"/Users/barna/Documents/AH-frontend-guardians/Ah-frontend-guardians/src/reducers/ErrorReducer.js","statementMap":{"0":{"start":{"line":3,"column":21},"end":{"line":11,"column":1}},"1":{"start":{"line":4,"column":2},"end":{"line":10,"column":3}},"2":{"start":{"line":6,"column":6},"end":{"line":6,"column":47}},"3":{"start":{"line":9,"column":6},"end":{"line":9,"column":19}}},"fnMap":{"0":{"name":"(anonymous_0)","decl":{"start":{"line":3,"column":21},"end":{"line":3,"column":22}},"loc":{"start":{"line":3,"column":45},"end":{"line":11,"column":1}},"line":3}},"branchMap":{"0":{"loc":{"start":{"line":3,"column":22},"end":{"line":3,"column":32}},"type":"default-arg","locations":[{"start":{"line":3,"column":30},"end":{"line":3,"column":32}}],"line":3},"1":{"loc":{"start":{"line":4,"column":2},"end":{"line":10,"column":3}},"type":"switch","locations":[{"start":{"line":5,"column":4},"end":{"line":6,"column":47}},{"start":{"line":8,"column":4},"end":{"line":9,"column":19}}],"line":4}},"s":{"0":18,"1":50,"2":1,"3":49},"f":{"0":50},"b":{"0":[49],"1":[1,49]},"_coverageSchema":"43e27e138ebf9cfc5966b082cf9a028302ed4184","hash":"8a57a48c00a4c764c037449f7c2a54785d9800b2"}
,"/Users/barna/Documents/AH-frontend-guardians/Ah-frontend-guardians/src/reducers/loginReducer.js": {"path":"/Users/barna/Documents/AH-frontend-guardians/Ah-frontend-guardians/src/reducers/loginReducer.js","statementMap":{"0":{"start":{"line":6,"column":18},"end":{"line":10,"column":1}},"1":{"start":{"line":13,"column":2},"end":{"line":30,"column":3}},"2":{"start":{"line":15,"column":6},"end":{"line":20,"column":8}},"3":{"start":{"line":22,"column":6},"end":{"line":27,"column":8}},"4":{"start":{"line":29,"column":6},"end":{"line":29,"column":19}}},"fnMap":{"0":{"name":"loginReducer","decl":{"start":{"line":12,"column":9},"end":{"line":12,"column":21}},"loc":{"start":{"line":12,"column":49},"end":{"line":31,"column":1}},"line":12}},"branchMap":{"0":{"loc":{"start":{"line":12,"column":22},"end":{"line":12,"column":39}},"type":"default-arg","locations":[{"start":{"line":12,"column":30},"end":{"line":12,"column":39}}],"line":12},"1":{"loc":{"start":{"line":13,"column":2},"end":{"line":30,"column":3}},"type":"switch","locations":[{"start":{"line":14,"column":4},"end":{"line":20,"column":8}},{"start":{"line":21,"column":4},"end":{"line":27,"column":8}},{"start":{"line":28,"column":4},"end":{"line":29,"column":19}}],"line":13}},"s":{"0":17,"1":51,"2":1,"3":1,"4":49},"f":{"0":51},"b":{"0":[49],"1":[1,1,49]},"_coverageSchema":"43e27e138ebf9cfc5966b082cf9a028302ed4184","hash":"ec8ec36276fe959743810567fedb443514878fa7"}
,"/Users/barna/Documents/AH-frontend-guardians/Ah-frontend-guardians/src/reducers/mainReducer.js": {"path":"/Users/barna/Documents/AH-frontend-guardians/Ah-frontend-guardians/src/reducers/mainReducer.js","statementMap":{"0":{"start":{"line":12,"column":20},"end":{"line":22,"column":2}}},"fnMap":{},"branchMap":{},"s":{"0":17},"f":{},"b":{},"_coverageSchema":"43e27e138ebf9cfc5966b082cf9a028302ed4184","hash":"9443675753ebbd24af0235ec164476653a0cf453"}
,"/Users/barna/Documents/AH-frontend-guardians/Ah-frontend-guardians/src/reducers/navBarReducer.js": {"path":"/Users/barna/Documents/AH-frontend-guardians/Ah-frontend-guardians/src/reducers/navBarReducer.js","statementMap":{"0":{"start":{"line":3,"column":22},"end":{"line":5,"column":1}},"1":{"start":{"line":4,"column":4},"end":{"line":4,"column":16}}},"fnMap":{"0":{"name":"(anonymous_0)","decl":{"start":{"line":3,"column":22},"end":{"line":3,"column":23}},"loc":{"start":{"line":3,"column":48},"end":{"line":5,"column":1}},"line":3}},"branchMap":{"0":{"loc":{"start":{"line":3,"column":23},"end":{"line":3,"column":43}},"type":"default-arg","locations":[{"start":{"line":3,"column":31},"end":{"line":3,"column":43}}],"line":3}},"s":{"0":17,"1":48},"f":{"0":48},"b":{"0":[48]},"_coverageSchema":"43e27e138ebf9cfc5966b082cf9a028302ed4184","hash":"1ba6cecdcf7552e04a21d31aee581674bf194109"}
,"/Users/barna/Documents/AH-frontend-guardians/Ah-frontend-guardians/src/reducers/resetEmailReducer.js": {"path":"/Users/barna/Documents/AH-frontend-guardians/Ah-frontend-guardians/src/reducers/resetEmailReducer.js","statementMap":{"0":{"start":{"line":3,"column":22},"end":{"line":5,"column":1}},"1":{"start":{"line":7,"column":33},"end":{"line":22,"column":1}},"2":{"start":{"line":8,"column":4},"end":{"line":21,"column":5}},"3":{"start":{"line":10,"column":12},"end":{"line":13,"column":13}},"4":{"start":{"line":15,"column":12},"end":{"line":18,"column":13}},"5":{"start":{"line":20,"column":12},"end":{"line":20,"column":24}}},"fnMap":{"0":{"name":"(anonymous_0)","decl":{"start":{"line":7,"column":33},"end":{"line":7,"column":34}},"loc":{"start":{"line":7,"column":66},"end":{"line":22,"column":1}},"line":7}},"branchMap":{"0":{"loc":{"start":{"line":7,"column":34},"end":{"line":7,"column":53}},"type":"default-arg","locations":[{"start":{"line":7,"column":40},"end":{"line":7,"column":53}}],"line":7},"1":{"loc":{"start":{"line":8,"column":4},"end":{"line":21,"column":5}},"type":"switch","locations":[{"start":{"line":9,"column":8},"end":{"line":13,"column":13}},{"start":{"line":14,"column":8},"end":{"line":18,"column":13}},{"start":{"line":19,"column":8},"end":{"line":20,"column":24}}],"line":8}},"s":{"0":17,"1":17,"2":51,"3":1,"4":1,"5":49},"f":{"0":51},"b":{"0":[49],"1":[1,1,49]},"_coverageSchema":"43e27e138ebf9cfc5966b082cf9a028302ed4184","hash":"f59498df5dc81e1181bc66eb8e29c6f09689515f"}
,"/Users/barna/Documents/AH-frontend-guardians/Ah-frontend-guardians/src/reducers/resetPasswordReducer.js": {"path":"/Users/barna/Documents/AH-frontend-guardians/Ah-frontend-guardians/src/reducers/resetPasswordReducer.js","statementMap":{"0":{"start":{"line":3,"column":22},"end":{"line":6,"column":1}},"1":{"start":{"line":8,"column":36},"end":{"line":25,"column":1}},"2":{"start":{"line":9,"column":4},"end":{"line":24,"column":5}},"3":{"start":{"line":11,"column":12},"end":{"line":15,"column":13}},"4":{"start":{"line":17,"column":12},"end":{"line":21,"column":13}},"5":{"start":{"line":23,"column":12},"end":{"line":23,"column":24}}},"fnMap":{"0":{"name":"(anonymous_0)","decl":{"start":{"line":8,"column":36},"end":{"line":8,"column":37}},"loc":{"start":{"line":8,"column":69},"end":{"line":25,"column":1}},"line":8}},"branchMap":{"0":{"loc":{"start":{"line":8,"column":37},"end":{"line":8,"column":56}},"type":"default-arg","locations":[{"start":{"line":8,"column":43},"end":{"line":8,"column":56}}],"line":8},"1":{"loc":{"start":{"line":9,"column":4},"end":{"line":24,"column":5}},"type":"switch","locations":[{"start":{"line":10,"column":8},"end":{"line":15,"column":13}},{"start":{"line":16,"column":8},"end":{"line":21,"column":13}},{"start":{"line":22,"column":8},"end":{"line":23,"column":24}}],"line":9}},"s":{"0":17,"1":17,"2":51,"3":1,"4":1,"5":49},"f":{"0":51},"b":{"0":[49],"1":[1,1,49]},"_coverageSchema":"43e27e138ebf9cfc5966b082cf9a028302ed4184","hash":"8b20473e4263f8fdfa5b097d30f9c566757fe923"}
,"/Users/barna/Documents/AH-frontend-guardians/Ah-frontend-guardians/src/reducers/articleReducers/articleReducer.js": {"path":"/Users/barna/Documents/AH-frontend-guardians/Ah-frontend-guardians/src/reducers/articleReducers/articleReducer.js","statementMap":{"0":{"start":{"line":8,"column":21},"end":{"line":12,"column":1}},"1":{"start":{"line":15,"column":2},"end":{"line":52,"column":3}},"2":{"start":{"line":17,"column":6},"end":{"line":20,"column":8}},"3":{"start":{"line":22,"column":27},"end":{"line":22,"column":92}},"4":{"start":{"line":22,"column":63},"end":{"line":22,"column":91}},"5":{"start":{"line":24,"column":6},"end":{"line":28,"column":8}},"6":{"start":{"line":30,"column":6},"end":{"line":33,"column":8}},"7":{"start":{"line":35,"column":6},"end":{"line":38,"column":9}},"8":{"start":{"line":41,"column":6},"end":{"line":44,"column":8}},"9":{"start":{"line":46,"column":6},"end":{"line":49,"column":8}},"10":{"start":{"line":51,"column":6},"end":{"line":51,"column":19}}},"fnMap":{"0":{"name":"(anonymous_0)","decl":{"start":{"line":14,"column":15},"end":{"line":14,"column":16}},"loc":{"start":{"line":14,"column":55},"end":{"line":53,"column":1}},"line":14},"1":{"name":"(anonymous_1)","decl":{"start":{"line":22,"column":52},"end":{"line":22,"column":53}},"loc":{"start":{"line":22,"column":63},"end":{"line":22,"column":91}},"line":22}},"branchMap":{"0":{"loc":{"start":{"line":14,"column":25},"end":{"line":14,"column":45}},"type":"default-arg","locations":[{"start":{"line":14,"column":33},"end":{"line":14,"column":45}}],"line":14},"1":{"loc":{"start":{"line":15,"column":2},"end":{"line":52,"column":3}},"type":"switch","locations":[{"start":{"line":16,"column":4},"end":{"line":20,"column":8}},{"start":{"line":21,"column":4},"end":{"line":28,"column":8}},{"start":{"line":29,"column":4},"end":{"line":33,"column":8}},{"start":{"line":34,"column":4},"end":{"line":38,"column":9}},{"start":{"line":40,"column":4},"end":{"line":44,"column":8}},{"start":{"line":45,"column":4},"end":{"line":49,"column":8}},{"start":{"line":50,"column":4},"end":{"line":51,"column":19}}],"line":15}},"s":{"0":19,"1":55,"2":1,"3":1,"4":2,"5":1,"6":1,"7":0,"8":1,"9":1,"10":50},"f":{"0":55,"1":2},"b":{"0":[48],"1":[1,1,1,0,1,1,50]},"_coverageSchema":"43e27e138ebf9cfc5966b082cf9a028302ed4184","hash":"c5ffa857dbd46571637748ab4f899e3e07097525"}
,"/Users/barna/Documents/AH-frontend-guardians/Ah-frontend-guardians/src/reducers/profileReducer/profileReducer.js": {"path":"/Users/barna/Documents/AH-frontend-guardians/Ah-frontend-guardians/src/reducers/profileReducer/profileReducer.js","statementMap":{"0":{"start":{"line":3,"column":21},"end":{"line":5,"column":1}},"1":{"start":{"line":7,"column":23},"end":{"line":25,"column":1}},"2":{"start":{"line":8,"column":2},"end":{"line":24,"column":3}},"3":{"start":{"line":10,"column":6},"end":{"line":14,"column":8}},"4":{"start":{"line":16,"column":6},"end":{"line":20,"column":8}},"5":{"start":{"line":23,"column":6},"end":{"line":23,"column":19}}},"fnMap":{"0":{"name":"(anonymous_0)","decl":{"start":{"line":7,"column":23},"end":{"line":7,"column":24}},"loc":{"start":{"line":7,"column":57},"end":{"line":25,"column":1}},"line":7}},"branchMap":{"0":{"loc":{"start":{"line":7,"column":24},"end":{"line":7,"column":44}},"type":"default-arg","locations":[{"start":{"line":7,"column":32},"end":{"line":7,"column":44}}],"line":7},"1":{"loc":{"start":{"line":8,"column":2},"end":{"line":24,"column":3}},"type":"switch","locations":[{"start":{"line":9,"column":4},"end":{"line":14,"column":8}},{"start":{"line":15,"column":4},"end":{"line":20,"column":8}},{"start":{"line":22,"column":4},"end":{"line":23,"column":19}}],"line":8}},"s":{"0":18,"1":18,"2":51,"3":1,"4":1,"5":49},"f":{"0":51},"b":{"0":[48],"1":[1,1,49]},"_coverageSchema":"43e27e138ebf9cfc5966b082cf9a028302ed4184","hash":"ceef0fa3224eaa0e6894b4a57ced124b168ffcb4"}
,"/Users/barna/Documents/AH-frontend-guardians/Ah-frontend-guardians/src/reducers/signup/signUpReducer.js": {"path":"/Users/barna/Documents/AH-frontend-guardians/Ah-frontend-guardians/src/reducers/signup/signUpReducer.js","statementMap":{"0":{"start":{"line":5,"column":21},"end":{"line":9,"column":1}},"1":{"start":{"line":12,"column":4},"end":{"line":30,"column":5}},"2":{"start":{"line":14,"column":12},"end":{"line":19,"column":14}},"3":{"start":{"line":21,"column":12},"end":{"line":26,"column":14}},"4":{"start":{"line":29,"column":12},"end":{"line":29,"column":25}}},"fnMap":{"0":{"name":"signupReducer","decl":{"start":{"line":11,"column":24},"end":{"line":11,"column":37}},"loc":{"start":{"line":11,"column":68},"end":{"line":31,"column":1}},"line":11}},"branchMap":{"0":{"loc":{"start":{"line":11,"column":38},"end":{"line":11,"column":58}},"type":"default-arg","locations":[{"start":{"line":11,"column":46},"end":{"line":11,"column":58}}],"line":11},"1":{"loc":{"start":{"line":12,"column":4},"end":{"line":30,"column":5}},"type":"switch","locations":[{"start":{"line":13,"column":8},"end":{"line":19,"column":14}},{"start":{"line":20,"column":8},"end":{"line":26,"column":14}},{"start":{"line":28,"column":8},"end":{"line":29,"column":25}}],"line":12}},"s":{"0":18,"1":51,"2":1,"3":1,"4":49},"f":{"0":51},"b":{"0":[49],"1":[1,1,49]},"_coverageSchema":"43e27e138ebf9cfc5966b082cf9a028302ed4184","hash":"5af674ad85d6e31413643bf839d40e42988ece04"}
,"/Users/barna/Documents/AH-frontend-guardians/Ah-frontend-guardians/src/reducers/socialReducer/socialReducer.js": {"path":"/Users/barna/Documents/AH-frontend-guardians/Ah-frontend-guardians/src/reducers/socialReducer/socialReducer.js","statementMap":{"0":{"start":{"line":3,"column":21},"end":{"line":9,"column":1}},"1":{"start":{"line":11,"column":22},"end":{"line":42,"column":1}},"2":{"start":{"line":12,"column":2},"end":{"line":41,"column":3}},"3":{"start":{"line":14,"column":6},"end":{"line":20,"column":8}},"4":{"start":{"line":22,"column":6},"end":{"line":25,"column":8}},"5":{"start":{"line":27,"column":6},"end":{"line":30,"column":8}},"6":{"start":{"line":32,"column":6},"end":{"line":38,"column":8}},"7":{"start":{"line":40,"column":6},"end":{"line":40,"column":19}}},"fnMap":{"0":{"name":"(anonymous_0)","decl":{"start":{"line":11,"column":22},"end":{"line":11,"column":23}},"loc":{"start":{"line":11,"column":56},"end":{"line":42,"column":1}},"line":11}},"branchMap":{"0":{"loc":{"start":{"line":11,"column":23},"end":{"line":11,"column":43}},"type":"default-arg","locations":[{"start":{"line":11,"column":31},"end":{"line":11,"column":43}}],"line":11},"1":{"loc":{"start":{"line":12,"column":2},"end":{"line":41,"column":3}},"type":"switch","locations":[{"start":{"line":13,"column":4},"end":{"line":20,"column":8}},{"start":{"line":21,"column":4},"end":{"line":25,"column":8}},{"start":{"line":26,"column":4},"end":{"line":30,"column":8}},{"start":{"line":31,"column":4},"end":{"line":38,"column":8}},{"start":{"line":39,"column":4},"end":{"line":40,"column":19}}],"line":12}},"s":{"0":17,"1":17,"2":53,"3":1,"4":1,"5":1,"6":1,"7":49},"f":{"0":53},"b":{"0":[49],"1":[1,1,1,1,49]},"_coverageSchema":"43e27e138ebf9cfc5966b082cf9a028302ed4184","hash":"d04ddee169aef24199930ece0a8d9eea65eda9ef"}
,"/Users/barna/Documents/AH-frontend-guardians/Ah-frontend-guardians/src/routes/index.js": {"path":"/Users/barna/Documents/AH-frontend-guardians/Ah-frontend-guardians/src/routes/index.js","statementMap":{"0":{"start":{"line":21,"column":15},"end":{"line":46,"column":1}},"1":{"start":{"line":22,"column":2},"end":{"line":45,"column":8}},"2":{"start":{"line":34,"column":27},"end":{"line":34,"column":50}},"3":{"start":{"line":36,"column":67},"end":{"line":36,"column":90}}},"fnMap":{"0":{"name":"(anonymous_0)","decl":{"start":{"line":21,"column":15},"end":{"line":21,"column":16}},"loc":{"start":{"line":22,"column":2},"end":{"line":45,"column":8}},"line":22},"1":{"name":"(anonymous_1)","decl":{"start":{"line":34,"column":18},"end":{"line":34,"column":19}},"loc":{"start":{"line":34,"column":27},"end":{"line":34,"column":50}},"line":34},"2":{"name":"(anonymous_2)","decl":{"start":{"line":36,"column":56},"end":{"line":36,"column":57}},"loc":{"start":{"line":36,"column":67},"end":{"line":36,"column":90}},"line":36}},"branchMap":{},"s":{"0":1,"1":1,"2":0,"3":0},"f":{"0":1,"1":0,"2":0},"b":{},"_coverageSchema":"43e27e138ebf9cfc5966b082cf9a028302ed4184","hash":"e12efb0ae1f8eedf2676ffffaa155c8c7012d86c"}
,"/Users/barna/Documents/AH-frontend-guardians/Ah-frontend-guardians/src/store/combineStore.js": {"path":"/Users/barna/Documents/AH-frontend-guardians/Ah-frontend-guardians/src/store/combineStore.js","statementMap":{"0":{"start":{"line":11,"column":14},"end":{"line":11,"column":83}},"1":{"start":{"line":13,"column":0},"end":{"line":13,"column":57}}},"fnMap":{},"branchMap":{},"s":{"0":13,"1":13},"f":{},"b":{},"_coverageSchema":"43e27e138ebf9cfc5966b082cf9a028302ed4184","hash":"092a7603e3b9388af8efdca0879b75107c4ce9c2"}
,"/Users/barna/Documents/AH-frontend-guardians/Ah-frontend-guardians/src/views/Profile/ProfileBannerView.js": {"path":"/Users/barna/Documents/AH-frontend-guardians/Ah-frontend-guardians/src/views/Profile/ProfileBannerView.js","statementMap":{"0":{"start":{"line":7,"column":4},"end":{"line":11,"column":6}}},"fnMap":{"0":{"name":"(anonymous_0)","decl":{"start":{"line":6,"column":2},"end":{"line":6,"column":3}},"loc":{"start":{"line":6,"column":11},"end":{"line":12,"column":3}},"line":6}},"branchMap":{},"s":{"0":1},"f":{"0":1},"b":{},"_coverageSchema":"43e27e138ebf9cfc5966b082cf9a028302ed4184","hash":"e5fc6abdc52973778e84adbb1f06ace99f44ea94"}
,"/Users/barna/Documents/AH-frontend-guardians/Ah-frontend-guardians/src/views/Profile/ProfileView.js": {"path":"/Users/barna/Documents/AH-frontend-guardians/Ah-frontend-guardians/src/views/Profile/ProfileView.js","statementMap":{"0":{"start":{"line":10,"column":4},"end":{"line":14,"column":6}},"1":{"start":{"line":18,"column":31},"end":{"line":20,"column":2}},"2":{"start":{"line":18,"column":41},"end":{"line":20,"column":1}}},"fnMap":{"0":{"name":"(anonymous_0)","decl":{"start":{"line":9,"column":2},"end":{"line":9,"column":3}},"loc":{"start":{"line":9,"column":11},"end":{"line":15,"column":3}},"line":9},"1":{"name":"(anonymous_1)","decl":{"start":{"line":18,"column":31},"end":{"line":18,"column":32}},"loc":{"start":{"line":18,"column":41},"end":{"line":20,"column":1}},"line":18}},"branchMap":{},"s":{"0":1,"1":2,"2":1},"f":{"0":1,"1":1},"b":{},"_coverageSchema":"43e27e138ebf9cfc5966b082cf9a028302ed4184","hash":"de9ad1bd4de76ea4695253c151f5be3b46615c0c"}
,"/Users/barna/Documents/AH-frontend-guardians/Ah-frontend-guardians/src/views/SocialLoginView/SocialLoginView.js": {"path":"/Users/barna/Documents/AH-frontend-guardians/Ah-frontend-guardians/src/views/SocialLoginView/SocialLoginView.js","statementMap":{"0":{"start":{"line":10,"column":36},"end":{"line":10,"column":46}},"1":{"start":{"line":11,"column":4},"end":{"line":13,"column":5}},"2":{"start":{"line":12,"column":6},"end":{"line":12,"column":48}},"3":{"start":{"line":17,"column":34},"end":{"line":17,"column":44}},"4":{"start":{"line":18,"column":4},"end":{"line":20,"column":5}},"5":{"start":{"line":19,"column":6},"end":{"line":19,"column":42}},"6":{"start":{"line":24,"column":34},"end":{"line":24,"column":44}},"7":{"start":{"line":25,"column":4},"end":{"line":25,"column":47}},"8":{"start":{"line":29,"column":32},"end":{"line":29,"column":41}},"9":{"start":{"line":31,"column":4},"end":{"line":34,"column":5}},"10":{"start":{"line":32,"column":6},"end":{"line":32,"column":59}},"11":{"start":{"line":33,"column":6},"end":{"line":33,"column":35}},"12":{"start":{"line":38,"column":4},"end":{"line":46,"column":6}},"13":{"start":{"line":50,"column":31},"end":{"line":54,"column":1}},"14":{"start":{"line":51,"column":2},"end":{"line":53,"column":4}}},"fnMap":{"0":{"name":"(anonymous_0)","decl":{"start":{"line":9,"column":26},"end":{"line":9,"column":27}},"loc":{"start":{"line":9,"column":38},"end":{"line":14,"column":3}},"line":9},"1":{"name":"(anonymous_1)","decl":{"start":{"line":16,"column":24},"end":{"line":16,"column":25}},"loc":{"start":{"line":16,"column":36},"end":{"line":21,"column":3}},"line":16},"2":{"name":"(anonymous_2)","decl":{"start":{"line":23,"column":24},"end":{"line":23,"column":25}},"loc":{"start":{"line":23,"column":36},"end":{"line":26,"column":3}},"line":23},"3":{"name":"(anonymous_3)","decl":{"start":{"line":28,"column":2},"end":{"line":28,"column":3}},"loc":{"start":{"line":28,"column":39},"end":{"line":35,"column":3}},"line":28},"4":{"name":"(anonymous_4)","decl":{"start":{"line":37,"column":2},"end":{"line":37,"column":3}},"loc":{"start":{"line":37,"column":11},"end":{"line":47,"column":3}},"line":37},"5":{"name":"(anonymous_5)","decl":{"start":{"line":50,"column":31},"end":{"line":50,"column":32}},"loc":{"start":{"line":50,"column":40},"end":{"line":54,"column":1}},"line":50}},"branchMap":{"0":{"loc":{"start":{"line":11,"column":4},"end":{"line":13,"column":5}},"type":"if","locations":[{"start":{"line":11,"column":4},"end":{"line":13,"column":5}},{"start":{"line":11,"column":4},"end":{"line":13,"column":5}}],"line":11},"1":{"loc":{"start":{"line":18,"column":4},"end":{"line":20,"column":5}},"type":"if","locations":[{"start":{"line":18,"column":4},"end":{"line":20,"column":5}},{"start":{"line":18,"column":4},"end":{"line":20,"column":5}}],"line":18},"2":{"loc":{"start":{"line":31,"column":4},"end":{"line":34,"column":5}},"type":"if","locations":[{"start":{"line":31,"column":4},"end":{"line":34,"column":5}},{"start":{"line":31,"column":4},"end":{"line":34,"column":5}}],"line":31}},"s":{"0":1,"1":1,"2":1,"3":1,"4":1,"5":1,"6":1,"7":1,"8":2,"9":2,"10":2,"11":2,"12":6,"13":6,"14":0},"f":{"0":1,"1":1,"2":1,"3":2,"4":6,"5":0},"b":{"0":[1,0],"1":[1,0],"2":[2,0]},"_coverageSchema":"43e27e138ebf9cfc5966b082cf9a028302ed4184","hash":"459b69d8b0e57bb40028b11460072708008d16fc"}
,"/Users/barna/Documents/AH-frontend-guardians/Ah-frontend-guardians/src/views/homeView/homeView.jsx": {"path":"/Users/barna/Documents/AH-frontend-guardians/Ah-frontend-guardians/src/views/homeView/homeView.jsx","statementMap":{"0":{"start":{"line":19,"column":4},"end":{"line":19,"column":23}},"1":{"start":{"line":20,"column":4},"end":{"line":24,"column":5}},"2":{"start":{"line":21,"column":4},"end":{"line":23,"column":42}},"3":{"start":{"line":28,"column":29},"end":{"line":28,"column":39}},"4":{"start":{"line":29,"column":32},"end":{"line":29,"column":42}},"5":{"start":{"line":30,"column":22},"end":{"line":33,"column":5}},"6":{"start":{"line":35,"column":4},"end":{"line":67,"column":6}},"7":{"start":{"line":70,"column":31},"end":{"line":73,"column":2}},"8":{"start":{"line":70,"column":41},"end":{"line":73,"column":1}},"9":{"start":{"line":74,"column":27},"end":{"line":83,"column":2}},"10":{"start":{"line":74,"column":40},"end":{"line":83,"column":1}}},"fnMap":{"0":{"name":"(anonymous_0)","decl":{"start":{"line":18,"column":2},"end":{"line":18,"column":3}},"loc":{"start":{"line":18,"column":17},"end":{"line":25,"column":3}},"line":18},"1":{"name":"(anonymous_1)","decl":{"start":{"line":27,"column":2},"end":{"line":27,"column":3}},"loc":{"start":{"line":27,"column":11},"end":{"line":68,"column":3}},"line":27},"2":{"name":"(anonymous_2)","decl":{"start":{"line":70,"column":31},"end":{"line":70,"column":32}},"loc":{"start":{"line":70,"column":41},"end":{"line":73,"column":1}},"line":70},"3":{"name":"(anonymous_3)","decl":{"start":{"line":74,"column":27},"end":{"line":74,"column":28}},"loc":{"start":{"line":74,"column":40},"end":{"line":83,"column":1}},"line":74}},"branchMap":{"0":{"loc":{"start":{"line":20,"column":4},"end":{"line":24,"column":5}},"type":"if","locations":[{"start":{"line":20,"column":4},"end":{"line":24,"column":5}},{"start":{"line":20,"column":4},"end":{"line":24,"column":5}}],"line":20},"1":{"loc":{"start":{"line":21,"column":4},"end":{"line":23,"column":41}},"type":"cond-expr","locations":[{"start":{"line":22,"column":8},"end":{"line":22,"column":44}},{"start":{"line":23,"column":8},"end":{"line":23,"column":41}}],"line":21},"2":{"loc":{"start":{"line":64,"column":14},"end":{"line":64,"column":89}},"type":"cond-expr","locations":[{"start":{"line":64,"column":29},"end":{"line":64,"column":63}},{"start":{"line":64,"column":66},"end":{"line":64,"column":89}}],"line":64}},"s":{"0":1,"1":1,"2":1,"3":2,"4":2,"5":2,"6":2,"7":2,"8":1,"9":2,"10":0},"f":{"0":1,"1":2,"2":1,"3":0},"b":{"0":[1,0],"1":[1,0],"2":[0,2]},"_coverageSchema":"43e27e138ebf9cfc5966b082cf9a028302ed4184","hash":"38d6b7e541f79fe6dd597ba60292c7002d40e230"}
,"/Users/barna/Documents/AH-frontend-guardians/Ah-frontend-guardians/src/views/profiles/EditProfileView.js": {"path":"/Users/barna/Documents/AH-frontend-guardians/Ah-frontend-guardians/src/views/profiles/EditProfileView.js","statementMap":{"0":{"start":{"line":17,"column":4},"end":{"line":17,"column":17}},"1":{"start":{"line":19,"column":4},"end":{"line":24,"column":6}},"2":{"start":{"line":28,"column":50},"end":{"line":28,"column":67}},"3":{"start":{"line":29,"column":4},"end":{"line":34,"column":7}},"4":{"start":{"line":37,"column":4},"end":{"line":37,"column":28}},"5":{"start":{"line":40,"column":18},"end":{"line":40,"column":68}},"6":{"start":{"line":43,"column":4},"end":{"line":43,"column":23}},"7":{"start":{"line":44,"column":23},"end":{"line":49,"column":5}},"8":{"start":{"line":50,"column":4},"end":{"line":50,"column":41}},"9":{"start":{"line":51,"column":4},"end":{"line":51,"column":36}},"10":{"start":{"line":52,"column":4},"end":{"line":52,"column":40}},"11":{"start":{"line":55,"column":4},"end":{"line":79,"column":6}},"12":{"start":{"line":72,"column":8},"end":{"line":77,"column":9}},"13":{"start":{"line":73,"column":25},"end":{"line":73,"column":47}},"14":{"start":{"line":74,"column":10},"end":{"line":74,"column":60}},"15":{"start":{"line":75,"column":10},"end":{"line":75,"column":57}},"16":{"start":{"line":76,"column":10},"end":{"line":76,"column":35}},"17":{"start":{"line":82,"column":50},"end":{"line":82,"column":60}},"18":{"start":{"line":84,"column":4},"end":{"line":99,"column":6}},"19":{"start":{"line":103,"column":24},"end":{"line":105,"column":2}},"20":{"start":{"line":103,"column":34},"end":{"line":105,"column":1}}},"fnMap":{"0":{"name":"(anonymous_0)","decl":{"start":{"line":16,"column":2},"end":{"line":16,"column":3}},"loc":{"start":{"line":16,"column":21},"end":{"line":25,"column":3}},"line":16},"1":{"name":"(anonymous_1)","decl":{"start":{"line":27,"column":2},"end":{"line":27,"column":3}},"loc":{"start":{"line":27,"column":39},"end":{"line":35,"column":3}},"line":27},"2":{"name":"(anonymous_2)","decl":{"start":{"line":36,"column":2},"end":{"line":36,"column":3}},"loc":{"start":{"line":36,"column":23},"end":{"line":38,"column":3}},"line":36},"3":{"name":"(anonymous_3)","decl":{"start":{"line":40,"column":13},"end":{"line":40,"column":14}},"loc":{"start":{"line":40,"column":18},"end":{"line":40,"column":68}},"line":40},"4":{"name":"(anonymous_4)","decl":{"start":{"line":42,"column":17},"end":{"line":42,"column":18}},"loc":{"start":{"line":42,"column":22},"end":{"line":53,"column":3}},"line":42},"5":{"name":"(anonymous_5)","decl":{"start":{"line":54,"column":12},"end":{"line":54,"column":13}},"loc":{"start":{"line":54,"column":17},"end":{"line":80,"column":3}},"line":54},"6":{"name":"(anonymous_6)","decl":{"start":{"line":71,"column":6},"end":{"line":71,"column":7}},"loc":{"start":{"line":71,"column":25},"end":{"line":78,"column":7}},"line":71},"7":{"name":"(anonymous_7)","decl":{"start":{"line":81,"column":2},"end":{"line":81,"column":3}},"loc":{"start":{"line":81,"column":11},"end":{"line":100,"column":3}},"line":81},"8":{"name":"(anonymous_8)","decl":{"start":{"line":103,"column":24},"end":{"line":103,"column":25}},"loc":{"start":{"line":103,"column":34},"end":{"line":105,"column":1}},"line":103}},"branchMap":{"0":{"loc":{"start":{"line":72,"column":8},"end":{"line":77,"column":9}},"type":"if","locations":[{"start":{"line":72,"column":8},"end":{"line":77,"column":9}},{"start":{"line":72,"column":8},"end":{"line":77,"column":9}}],"line":72}},"s":{"0":1,"1":1,"2":0,"3":0,"4":1,"5":1,"6":1,"7":1,"8":1,"9":1,"10":1,"11":1,"12":1,"13":1,"14":1,"15":1,"16":1,"17":2,"18":2,"19":2,"20":0},"f":{"0":1,"1":0,"2":1,"3":1,"4":1,"5":1,"6":1,"7":2,"8":0},"b":{"0":[1,0]},"_coverageSchema":"43e27e138ebf9cfc5966b082cf9a028302ed4184","hash":"7321db3e35091caf2fbdd6c51d40e199bcbbc516"}
,"/Users/barna/Documents/AH-frontend-guardians/Ah-frontend-guardians/src/views/profiles/GetProfileView.js": {"path":"/Users/barna/Documents/AH-frontend-guardians/Ah-frontend-guardians/src/views/profiles/GetProfileView.js","statementMap":{"0":{"start":{"line":12,"column":4},"end":{"line":12,"column":28}},"1":{"start":{"line":17,"column":4},"end":{"line":29,"column":6}},"2":{"start":{"line":33,"column":0},"end":{"line":35,"column":2}},"3":{"start":{"line":37,"column":24},"end":{"line":39,"column":2}},"4":{"start":{"line":37,"column":34},"end":{"line":39,"column":1}}},"fnMap":{"0":{"name":"(anonymous_0)","decl":{"start":{"line":11,"column":2},"end":{"line":11,"column":3}},"loc":{"start":{"line":11,"column":22},"end":{"line":13,"column":3}},"line":11},"1":{"name":"(anonymous_1)","decl":{"start":{"line":16,"column":2},"end":{"line":16,"column":3}},"loc":{"start":{"line":16,"column":11},"end":{"line":30,"column":3}},"line":16},"2":{"name":"(anonymous_2)","decl":{"start":{"line":37,"column":24},"end":{"line":37,"column":25}},"loc":{"start":{"line":37,"column":34},"end":{"line":39,"column":1}},"line":37}},"branchMap":{},"s":{"0":1,"1":1,"2":2,"3":2,"4":0},"f":{"0":1,"1":1,"2":0},"b":{},"_coverageSchema":"43e27e138ebf9cfc5966b082cf9a028302ed4184","hash":"f429419f260f123f648d02364573815ea9e79819"}
}
