TN:
SF:/Users/nabulovivian/Desktop/Ah-frontend-guardians/src/action/actionCreator/comments/deleteCommentAction.js
FN:12,(anonymous_0)
FN:20,(anonymous_1)
FN:20,(anonymous_2)
FN:22,(anonymous_3)
FN:26,(anonymous_4)
FNF:5
FNH:3
FNDA:1,(anonymous_0)
FNDA:1,(anonymous_1)
FNDA:1,(anonymous_2)
FNDA:0,(anonymous_3)
FNDA:0,(anonymous_4)
DA:5,5
DA:7,5
DA:12,5
DA:14,1
DA:20,5
DA:21,1
DA:23,0
DA:24,0
DA:27,0
LF:9
LH:6
BRF:0
BRH:0
end_of_record
TN:
SF:/Users/nabulovivian/Desktop/Ah-frontend-guardians/src/action/actionCreator/comments/getCommentAction.js
FN:11,(anonymous_0)
FN:16,(anonymous_1)
FN:16,(anonymous_2)
FN:17,(anonymous_3)
FN:18,(anonymous_4)
FN:26,(anonymous_5)
FNF:6
FNH:2
FNDA:0,(anonymous_0)
FNDA:1,(anonymous_1)
FNDA:1,(anonymous_2)
FNDA:0,(anonymous_3)
FNDA:0,(anonymous_4)
FNDA:0,(anonymous_5)
DA:5,6
DA:7,6
DA:11,6
DA:16,6
DA:18,0
DA:19,0
DA:24,0
DA:27,0
LF:8
LH:4
BRF:0
BRH:0
end_of_record
TN:
SF:/Users/nabulovivian/Desktop/Ah-frontend-guardians/src/action/actionCreator/comments/postCommentCreator.js
FN:12,(anonymous_0)
FN:20,(anonymous_1)
FN:25,(anonymous_2)
FN:25,(anonymous_3)
FN:28,(anonymous_4)
FN:33,(anonymous_5)
FNF:6
FNH:4
FNDA:1,(anonymous_0)
FNDA:1,(anonymous_1)
FNDA:2,(anonymous_2)
FNDA:2,(anonymous_3)
FNDA:0,(anonymous_4)
FNDA:0,(anonymous_5)
DA:5,5
DA:7,5
DA:12,5
DA:14,1
DA:20,5
DA:25,5
DA:27,2
DA:29,0
DA:30,0
DA:34,0
LF:10
LH:7
BRDA:29,0,0,0
BRDA:29,0,1,0
BRF:2
BRH:0
end_of_record
TN:
SF:/Users/nabulovivian/Desktop/Ah-frontend-guardians/src/action/actionCreator/comments/updateComment.js
FN:12,(anonymous_0)
FN:20,(anonymous_1)
FN:20,(anonymous_2)
FN:22,(anonymous_3)
FN:26,(anonymous_4)
FNF:5
FNH:3
FNDA:1,(anonymous_0)
FNDA:1,(anonymous_1)
FNDA:1,(anonymous_2)
FNDA:0,(anonymous_3)
FNDA:0,(anonymous_4)
DA:5,5
DA:7,5
DA:12,5
DA:14,1
DA:20,5
DA:21,1
DA:23,0
DA:24,0
LF:8
LH:6
BRF:0
BRH:0
end_of_record
TN:
SF:/Users/nabulovivian/Desktop/Ah-frontend-guardians/src/action/actionCreator/login/loginCreator.js
FN:8,(anonymous_0)
FN:13,(anonymous_1)
FN:18,(anonymous_2)
FN:18,(anonymous_3)
FN:20,(anonymous_4)
FN:25,(anonymous_5)
FNF:6
FNH:6
FNDA:2,(anonymous_0)
FNDA:2,(anonymous_1)
FNDA:2,(anonymous_2)
FNDA:2,(anonymous_3)
FNDA:1,(anonymous_4)
FNDA:1,(anonymous_5)
DA:4,4
DA:8,4
DA:13,4
DA:18,4
DA:19,2
DA:21,1
DA:22,1
DA:23,1
DA:26,1
LF:9
LH:9
BRF:0
BRH:0
end_of_record
TN:
SF:/Users/nabulovivian/Desktop/Ah-frontend-guardians/src/action/actionType/commentType.js
FNF:0
FNH:0
DA:1,26
LF:1
LH:1
BRF:0
BRH:0
end_of_record
TN:
SF:/Users/nabulovivian/Desktop/Ah-frontend-guardians/src/action/actionType/loginType/loginType.js
FNF:0
FNH:0
DA:1,18
DA:2,18
LF:2
LH:2
BRF:0
BRH:0
end_of_record
TN:
SF:/Users/nabulovivian/Desktop/Ah-frontend-guardians/src/actions/ArticleActionCreator.js
FN:12,(anonymous_0)
FN:12,(anonymous_1)
FN:17,(anonymous_2)
FN:24,(anonymous_3)
FN:29,(anonymous_4)
FN:29,(anonymous_5)
FN:34,(anonymous_6)
FN:41,(anonymous_7)
FN:46,(anonymous_8)
FN:46,(anonymous_9)
FN:51,(anonymous_10)
FN:57,(anonymous_11)
FN:62,(anonymous_12)
FN:62,(anonymous_13)
FN:68,(anonymous_14)
FN:74,(anonymous_15)
FN:79,(anonymous_16)
FN:80,(anonymous_17)
FN:81,(anonymous_18)
FN:82,(anonymous_19)
FN:83,(anonymous_20)
FNF:21
FNH:2
FNDA:0,(anonymous_0)
FNDA:0,(anonymous_1)
FNDA:0,(anonymous_2)
FNDA:0,(anonymous_3)
FNDA:13,(anonymous_4)
FNDA:13,(anonymous_5)
FNDA:0,(anonymous_6)
FNDA:0,(anonymous_7)
FNDA:0,(anonymous_8)
FNDA:0,(anonymous_9)
FNDA:0,(anonymous_10)
FNDA:0,(anonymous_11)
FNDA:0,(anonymous_12)
FNDA:0,(anonymous_13)
FNDA:0,(anonymous_14)
FNDA:0,(anonymous_15)
FNDA:0,(anonymous_16)
FNDA:0,(anonymous_17)
FNDA:0,(anonymous_18)
FNDA:0,(anonymous_19)
FNDA:0,(anonymous_20)
DA:3,20
DA:4,20
DA:5,20
DA:6,20
DA:8,20
DA:12,20
DA:13,0
DA:18,0
DA:19,0
DA:25,0
DA:29,20
DA:30,13
DA:35,0
DA:36,0
DA:42,0
DA:46,20
DA:47,0
DA:52,0
DA:58,0
DA:62,20
DA:63,0
DA:69,0
DA:75,0
DA:79,20
DA:80,20
DA:81,20
DA:82,20
DA:83,20
LF:28
LH:15
BRF:0
BRH:0
end_of_record
TN:
SF:/Users/nabulovivian/Desktop/Ah-frontend-guardians/src/actions/actionTypes.js
FNF:0
FNH:0
DA:1,23
LF:1
LH:1
BRF:0
BRH:0
end_of_record
TN:
SF:/Users/nabulovivian/Desktop/Ah-frontend-guardians/src/actions/index.js
FNF:0
FNH:0
DA:1,20
DA:2,20
DA:3,20
LF:3
LH:3
BRF:0
BRH:0
end_of_record
TN:
SF:/Users/nabulovivian/Desktop/Ah-frontend-guardians/src/actions/articleActions/ArticleActions.js
FN:17,(anonymous_0)
FN:17,(anonymous_1)
FN:20,(anonymous_2)
FN:26,(anonymous_3)
FN:28,(anonymous_4)
FN:28,(anonymous_5)
FN:31,(anonymous_6)
FN:39,(anonymous_7)
FN:41,(anonymous_8)
FN:41,(anonymous_9)
FN:44,(anonymous_10)
FN:52,(anonymous_11)
FN:70,(anonymous_12)
FN:70,(anonymous_13)
FN:76,(anonymous_14)
FNF:15
FNH:14
FNDA:2,(anonymous_0)
FNDA:2,(anonymous_1)
FNDA:1,(anonymous_2)
FNDA:1,(anonymous_3)
FNDA:2,(anonymous_4)
FNDA:2,(anonymous_5)
FNDA:1,(anonymous_6)
FNDA:1,(anonymous_7)
FNDA:2,(anonymous_8)
FNDA:2,(anonymous_9)
FNDA:1,(anonymous_10)
FNDA:1,(anonymous_11)
FNDA:1,(anonymous_12)
FNDA:1,(anonymous_13)
FNDA:0,(anonymous_14)
DA:12,8
DA:17,8
DA:18,2
DA:21,1
DA:26,1
DA:28,8
DA:29,2
DA:32,1
DA:37,1
DA:39,1
DA:41,8
DA:42,2
DA:45,1
DA:50,1
DA:53,1
DA:54,1
DA:55,1
DA:58,1
DA:61,1
DA:70,8
DA:71,1
DA:74,1
DA:77,0
DA:81,0
DA:82,0
DA:83,0
LF:26
LH:22
BRDA:55,0,0,1
BRDA:55,0,1,0
BRDA:58,1,0,1
BRDA:58,1,1,0
BRDA:82,2,0,0
BRDA:82,2,1,0
BRF:6
BRH:2
end_of_record
TN:
SF:/Users/nabulovivian/Desktop/Ah-frontend-guardians/src/actions/articleActions/types.js
FNF:0
FNH:0
DA:1,23
DA:2,23
DA:3,23
DA:4,23
DA:5,23
DA:6,23
DA:7,23
LF:7
LH:7
BRF:0
BRH:0
end_of_record
TN:
SF:/Users/nabulovivian/Desktop/Ah-frontend-guardians/src/actions/bookmark/bookmarkAction.js
FN:12,(anonymous_0)
FN:12,(anonymous_1)
FN:14,(anonymous_2)
FN:19,(anonymous_3)
FN:27,(anonymous_4)
FN:27,(anonymous_5)
FN:29,(anonymous_6)
FN:37,(anonymous_7)
FN:45,(anonymous_8)
FN:45,(anonymous_9)
FN:46,(anonymous_10)
FN:51,(anonymous_11)
FN:58,(anonymous_12)
FN:58,(anonymous_13)
FN:60,(anonymous_14)
FN:65,(anonymous_15)
FNF:16
FNH:16
FNDA:2,(anonymous_0)
FNDA:2,(anonymous_1)
FNDA:1,(anonymous_2)
FNDA:1,(anonymous_3)
FNDA:2,(anonymous_4)
FNDA:2,(anonymous_5)
FNDA:1,(anonymous_6)
FNDA:1,(anonymous_7)
FNDA:2,(anonymous_8)
FNDA:2,(anonymous_9)
FNDA:1,(anonymous_10)
FNDA:1,(anonymous_11)
FNDA:2,(anonymous_12)
FNDA:2,(anonymous_13)
FNDA:1,(anonymous_14)
FNDA:1,(anonymous_15)
DA:5,9
DA:7,9
DA:12,9
DA:13,2
DA:15,1
DA:20,1
DA:27,9
DA:28,2
DA:30,1
DA:31,1
DA:32,1
DA:38,1
DA:45,9
DA:47,1
DA:52,1
DA:58,9
DA:59,2
DA:61,1
DA:66,1
LF:19
LH:19
BRDA:30,0,0,1
BRDA:30,0,1,0
BRF:2
BRH:1
end_of_record
TN:
SF:/Users/nabulovivian/Desktop/Ah-frontend-guardians/src/actions/likeArticle/likeArticleAction.js
FN:17,(anonymous_0)
FN:17,(anonymous_1)
FN:20,(anonymous_2)
FN:26,(anonymous_3)
FN:33,(anonymous_4)
FN:33,(anonymous_5)
FN:36,(anonymous_6)
FN:42,(anonymous_7)
FN:45,(anonymous_8)
FN:45,(anonymous_9)
FN:48,(anonymous_10)
FN:54,(anonymous_11)
FN:59,(anonymous_12)
FN:59,(anonymous_13)
FN:62,(anonymous_14)
FN:68,(anonymous_15)
FN:73,(anonymous_16)
FN:73,(anonymous_17)
FN:75,(anonymous_18)
FN:82,(anonymous_19)
FNF:20
FNH:20
FNDA:2,(anonymous_0)
FNDA:2,(anonymous_1)
FNDA:1,(anonymous_2)
FNDA:1,(anonymous_3)
FNDA:2,(anonymous_4)
FNDA:2,(anonymous_5)
FNDA:1,(anonymous_6)
FNDA:1,(anonymous_7)
FNDA:2,(anonymous_8)
FNDA:2,(anonymous_9)
FNDA:1,(anonymous_10)
FNDA:1,(anonymous_11)
FNDA:2,(anonymous_12)
FNDA:2,(anonymous_13)
FNDA:2,(anonymous_14)
FNDA:1,(anonymous_15)
FNDA:2,(anonymous_16)
FNDA:2,(anonymous_17)
FNDA:1,(anonymous_18)
FNDA:2,(anonymous_19)
DA:12,5
DA:17,5
DA:18,2
DA:21,1
DA:27,1
DA:28,1
DA:33,5
DA:34,2
DA:37,1
DA:42,1
DA:45,5
DA:46,2
DA:49,1
DA:55,1
DA:59,5
DA:60,2
DA:63,2
DA:69,1
DA:73,5
DA:74,2
DA:76,1
DA:83,2
LF:22
LH:22
BRDA:27,0,0,1
BRDA:27,0,1,0
BRF:2
BRH:1
end_of_record
TN:
SF:/Users/nabulovivian/Desktop/Ah-frontend-guardians/src/actions/likeArticle/types.js
FNF:0
FNH:0
DA:1,19
DA:2,19
DA:3,19
DA:4,19
DA:5,19
DA:6,19
LF:6
LH:6
BRF:0
BRH:0
end_of_record
TN:
SF:/Users/nabulovivian/Desktop/Ah-frontend-guardians/src/actions/profiles/profileActions.js
FN:8,(anonymous_0)
FN:8,(anonymous_1)
FN:16,(anonymous_2)
FN:24,(anonymous_3)
FN:24,(anonymous_4)
FN:36,(anonymous_5)
FNF:6
FNH:4
FNDA:1,(anonymous_0)
FNDA:1,(anonymous_1)
FNDA:0,(anonymous_2)
FNDA:1,(anonymous_3)
FNDA:1,(anonymous_4)
FNDA:0,(anonymous_5)
DA:4,4
DA:5,4
DA:6,4
DA:8,4
DA:9,1
DA:14,1
DA:17,0
DA:24,4
DA:25,1
DA:31,1
DA:37,0
LF:11
LH:9
BRF:0
BRH:0
end_of_record
TN:
SF:/Users/nabulovivian/Desktop/Ah-frontend-guardians/src/actions/profiles/types.js
FNF:0
FNH:0
DA:1,18
DA:2,18
LF:2
LH:2
BRF:0
BRH:0
end_of_record
TN:
SF:/Users/nabulovivian/Desktop/Ah-frontend-guardians/src/actions/ratings/ratingActions.js
FN:6,(anonymous_0)
FN:6,(anonymous_1)
FN:12,(anonymous_2)
FN:20,(anonymous_3)
FN:20,(anonymous_4)
FN:31,(anonymous_5)
FN:38,(anonymous_6)
FNF:7
FNH:4
FNDA:2,(anonymous_0)
FNDA:2,(anonymous_1)
FNDA:0,(anonymous_2)
FNDA:2,(anonymous_3)
FNDA:2,(anonymous_4)
FNDA:0,(anonymous_5)
FNDA:0,(anonymous_6)
DA:6,5
DA:7,2
DA:10,2
DA:13,0
DA:20,5
DA:21,2
DA:26,2
DA:32,0
DA:36,0
DA:39,0
DA:43,0
DA:44,0
DA:45,0
LF:13
LH:6
BRDA:44,0,0,0
BRDA:44,0,1,0
BRF:2
BRH:0
end_of_record
TN:
SF:/Users/nabulovivian/Desktop/Ah-frontend-guardians/src/actions/ratings/types.js
FNF:0
FNH:0
DA:1,19
DA:2,19
DA:3,19
LF:3
LH:3
BRF:0
BRH:0
end_of_record
TN:
SF:/Users/nabulovivian/Desktop/Ah-frontend-guardians/src/actions/readingStats/readingStats.js
FN:10,(anonymous_0)
FN:10,(anonymous_1)
FN:12,(anonymous_2)
FN:18,(anonymous_3)
FNF:4
FNH:4
FNDA:2,(anonymous_0)
FNDA:2,(anonymous_1)
FNDA:1,(anonymous_2)
FNDA:1,(anonymous_3)
DA:5,5
DA:10,5
DA:11,2
DA:13,1
DA:19,1
LF:5
LH:5
BRF:0
BRH:0
end_of_record
TN:
SF:/Users/nabulovivian/Desktop/Ah-frontend-guardians/src/actions/readingStats/types.js
FNF:0
FNH:0
DA:1,20
LF:1
LH:1
BRF:0
BRH:0
end_of_record
TN:
SF:/Users/nabulovivian/Desktop/Ah-frontend-guardians/src/actions/resetPassword/actionTypes.js
FNF:0
FNH:0
DA:1,18
DA:2,18
DA:3,18
DA:4,18
LF:4
LH:4
BRF:0
BRH:0
end_of_record
TN:
SF:/Users/nabulovivian/Desktop/Ah-frontend-guardians/src/actions/resetPassword/resetNewPasswordAction.js
FN:5,(anonymous_0)
FN:5,(anonymous_1)
FN:12,(anonymous_2)
FN:19,(anonymous_3)
FNF:4
FNH:4
FNDA:1,(anonymous_0)
FNDA:1,(anonymous_1)
FNDA:1,(anonymous_2)
FNDA:1,(anonymous_3)
DA:5,3
DA:6,1
DA:10,1
DA:11,1
DA:13,1
DA:17,1
DA:20,1
DA:24,1
LF:8
LH:8
BRF:0
BRH:0
end_of_record
TN:
SF:/Users/nabulovivian/Desktop/Ah-frontend-guardians/src/actions/resetPassword/resetPasswordAction.js
FN:5,(anonymous_0)
FN:5,(anonymous_1)
FN:10,(anonymous_2)
FN:17,(anonymous_3)
FNF:4
FNH:4
FNDA:2,(anonymous_0)
FNDA:2,(anonymous_1)
FNDA:1,(anonymous_2)
FNDA:1,(anonymous_3)
DA:5,4
DA:6,2
DA:9,2
DA:11,1
DA:15,1
DA:18,1
DA:22,1
LF:7
LH:7
BRF:0
BRH:0
end_of_record
TN:
SF:/Users/nabulovivian/Desktop/Ah-frontend-guardians/src/actions/signup/actionTypes.js
FNF:0
FNH:0
DA:1,20
DA:2,20
DA:3,20
LF:3
LH:3
BRF:0
BRH:0
end_of_record
TN:
SF:/Users/nabulovivian/Desktop/Ah-frontend-guardians/src/actions/signup/signUpAction.js
FN:5,(anonymous_0)
FN:5,(anonymous_1)
FN:7,(anonymous_2)
FN:12,(anonymous_3)
FNF:4
FNH:4
FNDA:2,(anonymous_0)
FNDA:2,(anonymous_1)
FNDA:1,(anonymous_2)
FNDA:1,(anonymous_3)
DA:5,4
DA:6,2
DA:8,1
DA:13,1
LF:4
LH:4
BRF:0
BRH:0
end_of_record
TN:
SF:/Users/nabulovivian/Desktop/Ah-frontend-guardians/src/actions/socialActions/facebookAction.js
FN:4,(anonymous_0)
FN:4,(anonymous_1)
FN:12,(anonymous_2)
FNF:3
FNH:2
FNDA:1,(anonymous_0)
FNDA:1,(anonymous_1)
FNDA:0,(anonymous_2)
DA:4,7
DA:5,1
DA:13,0
LF:3
LH:2
BRF:0
BRH:0
end_of_record
TN:
SF:/Users/nabulovivian/Desktop/Ah-frontend-guardians/src/actions/socialActions/googleAction.js
FN:4,(anonymous_0)
FN:5,(anonymous_1)
FN:12,(anonymous_2)
FNF:3
FNH:2
FNDA:1,(anonymous_0)
FNDA:1,(anonymous_1)
FNDA:0,(anonymous_2)
DA:4,7
DA:5,1
DA:6,1
DA:14,0
LF:4
LH:3
BRF:0
BRH:0
end_of_record
TN:
SF:/Users/nabulovivian/Desktop/Ah-frontend-guardians/src/components/App.js
FN:7,(anonymous_0)
FNF:1
FNH:1
FNDA:1,(anonymous_0)
DA:8,1
LF:1
LH:1
BRF:0
BRH:0
end_of_record
TN:
SF:/Users/nabulovivian/Desktop/Ah-frontend-guardians/src/components/Bookmark/Bookmark.js
FN:9,(anonymous_0)
FN:13,(anonymous_1)
FN:17,(anonymous_2)
FN:23,(anonymous_3)
FN:34,(anonymous_4)
FN:43,(anonymous_5)
FNF:6
FNH:6
FNDA:8,(anonymous_0)
FNDA:9,(anonymous_1)
FNDA:4,(anonymous_2)
FNDA:2,(anonymous_3)
FNDA:10,(anonymous_4)
FNDA:1,(anonymous_5)
DA:10,8
DA:14,9
DA:18,4
DA:19,1
DA:24,2
DA:25,2
DA:26,1
DA:27,1
DA:29,1
DA:30,1
DA:35,10
DA:43,4
LF:12
LH:12
BRDA:18,0,0,1
BRDA:18,0,1,3
BRDA:18,1,0,4
BRDA:18,1,1,3
BRDA:25,2,0,1
BRDA:25,2,1,1
BRDA:37,3,0,10
BRDA:37,3,1,2
BRDA:37,4,0,1
BRDA:37,4,1,1
BRF:10
BRH:10
end_of_record
TN:
SF:/Users/nabulovivian/Desktop/Ah-frontend-guardians/src/components/Footer/Footer.js
FN:3,(anonymous_0)
FNF:1
FNH:1
FNDA:1,(anonymous_0)
DA:3,10
DA:4,1
LF:2
LH:2
BRF:0
BRH:0
end_of_record
TN:
SF:/Users/nabulovivian/Desktop/Ah-frontend-guardians/src/components/LikeArticle/LikeArticle.js
FN:14,(anonymous_0)
FN:22,(anonymous_1)
FN:28,(anonymous_2)
FN:37,(anonymous_3)
FN:42,(anonymous_4)
FN:47,(anonymous_5)
FN:72,(anonymous_6)
FNF:7
FNH:6
FNDA:3,(anonymous_0)
FNDA:3,(anonymous_1)
FNDA:1,(anonymous_2)
FNDA:1,(anonymous_3)
FNDA:1,(anonymous_4)
FNDA:4,(anonymous_5)
FNDA:0,(anonymous_6)
DA:15,3
DA:16,3
DA:23,3
DA:24,3
DA:25,3
DA:29,1
DA:30,1
DA:38,1
DA:39,1
DA:43,1
DA:44,1
DA:48,4
DA:72,4
LF:13
LH:13
BRDA:29,0,0,1
BRDA:29,0,1,0
BRDA:49,1,0,4
BRDA:49,1,1,0
BRDA:58,2,0,1
BRDA:58,2,1,3
BRF:6
BRH:4
end_of_record
TN:
SF:/Users/nabulovivian/Desktop/Ah-frontend-guardians/src/components/MyArticles/DeleteButton.js
FN:7,(anonymous_0)
FN:12,(anonymous_1)
FN:20,(anonymous_2)
FN:27,(anonymous_3)
FN:42,(anonymous_4)
FNF:5
FNH:4
FNDA:1,(anonymous_0)
FNDA:1,(anonymous_1)
FNDA:0,(anonymous_2)
FNDA:1,(anonymous_3)
FNDA:1,(anonymous_4)
DA:8,1
DA:9,1
DA:13,1
DA:14,1
DA:21,0
DA:22,0
DA:28,1
DA:42,6
LF:8
LH:6
BRDA:21,0,0,0
BRDA:21,0,1,0
BRF:2
BRH:0
end_of_record
TN:
SF:/Users/nabulovivian/Desktop/Ah-frontend-guardians/src/components/MyArticles/Edit Article.js
FN:11,(anonymous_0)
FN:29,(anonymous_1)
FN:35,(anonymous_2)
FN:38,(anonymous_3)
FN:50,(anonymous_4)
FN:57,(anonymous_5)
FN:65,(anonymous_6)
FN:71,(anonymous_7)
FN:77,(anonymous_8)
FN:130,(anonymous_9)
FNF:10
FNH:10
FNDA:2,(anonymous_0)
FNDA:1,(anonymous_1)
FNDA:2,(anonymous_2)
FNDA:2,(anonymous_3)
FNDA:1,(anonymous_4)
FNDA:1,(anonymous_5)
FNDA:1,(anonymous_6)
FNDA:1,(anonymous_7)
FNDA:6,(anonymous_8)
FNDA:1,(anonymous_9)
DA:12,2
DA:14,2
DA:24,2
DA:25,2
DA:26,2
DA:30,1
DA:31,1
DA:36,2
DA:38,2
DA:40,2
DA:51,1
DA:52,1
DA:54,1
DA:58,1
DA:60,1
DA:66,1
DA:72,1
DA:78,6
DA:130,2
LF:19
LH:19
BRDA:30,0,0,1
BRDA:30,0,1,0
BRF:2
BRH:1
end_of_record
TN:
SF:/Users/nabulovivian/Desktop/Ah-frontend-guardians/src/components/MyArticles/EditButton.js
FN:6,(anonymous_0)
FN:10,(anonymous_1)
FN:27,(anonymous_2)
FNF:3
FNH:3
FNDA:1,(anonymous_0)
FNDA:1,(anonymous_1)
FNDA:1,(anonymous_2)
DA:7,1
DA:11,1
DA:12,1
DA:27,6
DA:28,1
LF:5
LH:5
BRF:0
BRH:0
end_of_record
TN:
SF:/Users/nabulovivian/Desktop/Ah-frontend-guardians/src/components/MyArticles/MyArticles.js
FN:10,(anonymous_0)
FN:14,(anonymous_1)
FN:15,(anonymous_2)
FN:54,(anonymous_3)
FNF:4
FNH:4
FNDA:1,(anonymous_0)
FNDA:1,(anonymous_1)
FNDA:1,(anonymous_2)
FNDA:1,(anonymous_3)
DA:11,1
DA:15,1
DA:16,1
DA:46,1
DA:54,5
LF:5
LH:5
BRDA:48,0,0,0
BRDA:48,0,1,1
BRF:2
BRH:1
end_of_record
TN:
SF:/Users/nabulovivian/Desktop/Ah-frontend-guardians/src/components/MyBookmarks/DeleteBtn.js
FN:8,(anonymous_0)
FN:16,(anonymous_1)
FN:23,(anonymous_2)
FNF:3
FNH:1
FNDA:0,(anonymous_0)
FNDA:0,(anonymous_1)
FNDA:1,(anonymous_2)
DA:9,0
DA:10,0
DA:17,0
DA:18,0
DA:24,1
LF:5
LH:1
BRDA:17,0,0,0
BRDA:17,0,1,0
BRF:2
BRH:0
end_of_record
TN:
SF:/Users/nabulovivian/Desktop/Ah-frontend-guardians/src/components/MyBookmarks/MyBookmarks.js
FN:11,(anonymous_0)
FN:15,(anonymous_1)
FN:16,(anonymous_2)
FN:52,(anonymous_3)
FNF:4
FNH:4
FNDA:3,(anonymous_0)
FNDA:2,(anonymous_1)
FNDA:2,(anonymous_2)
FNDA:1,(anonymous_3)
DA:12,3
DA:16,2
DA:17,2
DA:44,2
DA:52,4
LF:5
LH:5
BRDA:46,0,0,0
BRDA:46,0,1,2
BRF:2
BRH:1
end_of_record
TN:
SF:/Users/nabulovivian/Desktop/Ah-frontend-guardians/src/components/ProfileBanner/ProfileBanner.js
FN:7,(anonymous_0)
FN:17,(anonymous_1)
FN:29,(anonymous_2)
FNF:3
FNH:3
FNDA:1,(anonymous_0)
FNDA:1,(anonymous_1)
FNDA:3,(anonymous_2)
DA:8,1
DA:9,1
DA:18,1
DA:24,1
DA:30,3
LF:5
LH:5
BRDA:33,0,0,2
BRDA:33,0,1,1
BRDA:37,1,0,0
BRDA:37,1,1,3
BRDA:41,2,0,0
BRDA:41,2,1,3
BRDA:45,3,0,0
BRDA:45,3,1,3
BRF:8
BRH:5
end_of_record
TN:
SF:/Users/nabulovivian/Desktop/Ah-frontend-guardians/src/components/ReadingStats/ReadingStats.js
FN:9,(anonymous_0)
FN:13,(anonymous_1)
FN:19,(anonymous_2)
FN:61,(anonymous_3)
FNF:4
FNH:4
FNDA:1,(anonymous_0)
FNDA:1,(anonymous_1)
FNDA:1,(anonymous_2)
FNDA:1,(anonymous_3)
DA:10,1
DA:15,1
DA:16,1
DA:17,1
DA:18,1
DA:19,1
DA:20,1
DA:35,1
DA:36,1
DA:39,1
DA:61,4
DA:62,1
LF:12
LH:12
BRDA:17,0,0,1
BRDA:17,0,1,0
BRF:2
BRH:1
end_of_record
TN:
SF:/Users/nabulovivian/Desktop/Ah-frontend-guardians/src/components/SidePanel/index.js
FN:8,(anonymous_0)
FN:17,(anonymous_1)
FN:21,(anonymous_2)
FN:26,(anonymous_3)
FN:27,(anonymous_4)
FN:29,(anonymous_5)
FN:39,(anonymous_6)
FNF:7
FNH:4
FNDA:2,(anonymous_0)
FNDA:2,(anonymous_1)
FNDA:1,(anonymous_2)
FNDA:3,(anonymous_3)
FNDA:0,(anonymous_4)
FNDA:0,(anonymous_5)
FNDA:0,(anonymous_6)
DA:9,2
DA:10,2
DA:14,2
DA:18,2
DA:22,1
DA:23,1
DA:27,3
DA:29,0
DA:39,0
LF:9
LH:7
BRF:0
BRH:0
end_of_record
TN:
SF:/Users/nabulovivian/Desktop/Ah-frontend-guardians/src/components/SignUp/Input.js
FN:4,(anonymous_0)
FNF:1
FNH:1
FNDA:2,(anonymous_0)
DA:4,5
DA:5,2
DA:22,5
LF:3
LH:3
BRF:0
BRH:0
end_of_record
TN:
SF:/Users/nabulovivian/Desktop/Ah-frontend-guardians/src/components/SignUp/SignUpForm.js
FN:6,(anonymous_0)
FNF:1
FNH:1
FNDA:5,(anonymous_0)
DA:6,4
DA:7,5
DA:8,5
DA:10,5
DA:29,4
LF:5
LH:5
BRDA:14,0,0,5
BRDA:14,0,1,1
BRDA:18,1,0,5
BRDA:18,1,1,1
BRDA:22,2,0,5
BRDA:22,2,1,1
BRF:6
BRH:6
end_of_record
TN:
SF:/Users/nabulovivian/Desktop/Ah-frontend-guardians/src/components/SocialLogin/SocialAuthLogin.js
FN:6,(anonymous_0)
FN:15,(anonymous_1)
FN:30,(anonymous_2)
FNF:3
FNH:1
FNDA:1,(anonymous_0)
FNDA:0,(anonymous_1)
FNDA:0,(anonymous_2)
DA:6,7
DA:7,1
DA:16,0
DA:31,0
DA:42,7
LF:5
LH:3
BRF:0
BRH:0
end_of_record
TN:
SF:/Users/nabulovivian/Desktop/Ah-frontend-guardians/src/components/SocialSharing/socialSharing.js
FN:6,(anonymous_0)
FNF:1
FNH:1
FNDA:1,(anonymous_0)
DA:7,1
DA:8,1
DA:9,1
DA:11,1
LF:4
LH:4
BRF:0
BRH:0
end_of_record
TN:
SF:/Users/nabulovivian/Desktop/Ah-frontend-guardians/src/components/articles/Article.jsx
FN:16,(anonymous_0)
FN:27,(anonymous_1)
FN:35,(anonymous_2)
FN:114,(anonymous_3)
FNF:4
FNH:3
FNDA:1,(anonymous_0)
FNDA:2,(anonymous_1)
FNDA:0,(anonymous_2)
FNDA:2,(anonymous_3)
DA:17,1
DA:18,1
DA:20,1
DA:23,1
DA:28,2
DA:29,2
DA:31,2
DA:34,1
DA:35,1
DA:36,0
DA:41,1
DA:83,3
DA:100,3
DA:114,3
LF:14
LH:13
BRDA:17,0,0,1
BRDA:17,0,1,0
BRDA:31,1,0,1
BRDA:31,1,1,1
BRDA:46,2,0,1
BRDA:46,2,1,0
BRF:6
BRH:4
end_of_record
TN:
SF:/Users/nabulovivian/Desktop/Ah-frontend-guardians/src/components/articles/CreateArticle.jsx
FN:20,(anonymous_0)
FN:20,(anonymous_1)
FN:22,(anonymous_2)
FN:28,(anonymous_3)
FN:41,(anonymous_4)
FN:47,(anonymous_5)
FN:54,(anonymous_6)
FN:60,(anonymous_7)
FN:66,(anonymous_8)
FN:72,(anonymous_9)
FN:136,(anonymous_10)
FNF:11
FNH:6
FNDA:0,(anonymous_0)
FNDA:0,(anonymous_1)
FNDA:0,(anonymous_2)
FNDA:0,(anonymous_3)
FNDA:1,(anonymous_4)
FNDA:2,(anonymous_5)
FNDA:2,(anonymous_6)
FNDA:2,(anonymous_7)
FNDA:1,(anonymous_8)
FNDA:11,(anonymous_9)
FNDA:0,(anonymous_10)
DA:13,2
DA:15,2
DA:20,2
DA:23,0
DA:29,0
DA:42,1
DA:43,1
DA:48,2
DA:49,2
DA:51,2
DA:55,2
DA:61,2
DA:67,1
DA:73,11
DA:132,2
DA:136,2
LF:16
LH:14
BRDA:42,0,0,1
BRDA:42,0,1,0
BRF:2
BRH:1
end_of_record
TN:
SF:/Users/nabulovivian/Desktop/Ah-frontend-guardians/src/components/articles/index.js
FNF:0
FNH:0
LF:0
LH:0
BRF:0
BRH:0
end_of_record
TN:
SF:/Users/nabulovivian/Desktop/Ah-frontend-guardians/src/components/dashboard/ArticleComponent.jsx
FN:7,(anonymous_0)
FN:8,(anonymous_1)
FNF:2
FNH:1
FNDA:1,(anonymous_0)
FNDA:0,(anonymous_1)
DA:7,5
DA:8,1
DA:9,1
DA:10,1
DA:12,1
DA:42,5
LF:6
LH:6
BRDA:9,0,0,1
BRDA:9,0,1,1
BRDA:21,1,0,1
BRDA:21,1,1,1
BRDA:24,2,0,1
BRDA:24,2,1,1
BRDA:30,3,0,1
BRDA:30,3,1,1
BRDA:34,4,0,1
BRDA:34,4,1,1
BRF:10
BRH:10
end_of_record
TN:
SF:/Users/nabulovivian/Desktop/Ah-frontend-guardians/src/components/dashboard/HomeComponent.jsx
FN:10,(anonymous_0)
FN:19,(anonymous_1)
FN:30,(anonymous_2)
FN:52,(anonymous_3)
FN:63,(anonymous_4)
FN:97,(anonymous_5)
FNF:6
FNH:4
FNDA:2,(anonymous_0)
FNDA:4,(anonymous_1)
FNDA:4,(anonymous_2)
FNDA:0,(anonymous_3)
FNDA:0,(anonymous_4)
FNDA:2,(anonymous_5)
DA:11,2
DA:12,1
DA:15,1
DA:28,4
DA:29,4
DA:30,4
DA:31,4
DA:34,4
DA:52,0
DA:63,0
DA:75,3
DA:93,3
DA:97,3
LF:13
LH:11
BRDA:11,0,0,1
BRDA:11,0,1,1
BRDA:29,1,0,4
BRDA:29,1,1,0
BRDA:36,2,0,1
BRDA:36,2,1,3
BRDA:38,3,0,1
BRDA:38,3,1,0
BRF:8
BRH:6
end_of_record
TN:
SF:/Users/nabulovivian/Desktop/Ah-frontend-guardians/src/components/navBar/NavBar.js
FN:7,(anonymous_0)
FN:23,(anonymous_1)
FN:45,(anonymous_2)
FNF:3
FNH:2
FNDA:1,(anonymous_0)
FNDA:0,(anonymous_1)
FNDA:1,(anonymous_2)
DA:8,1
DA:23,0
DA:45,12
DA:46,1
LF:4
LH:3
BRDA:20,0,0,0
BRDA:20,0,1,1
BRDA:20,1,0,1
BRDA:20,1,1,1
BRF:4
BRH:3
end_of_record
TN:
SF:/Users/nabulovivian/Desktop/Ah-frontend-guardians/src/components/presentational/coments/CommentForm.js
FN:4,(anonymous_0)
FNF:1
FNH:1
FNDA:4,(anonymous_0)
DA:4,4
DA:6,4
LF:2
LH:2
BRDA:9,0,0,0
BRDA:9,0,1,4
BRF:2
BRH:1
end_of_record
TN:
SF:/Users/nabulovivian/Desktop/Ah-frontend-guardians/src/components/presentational/coments/CommentReplyForm.js
FN:4,(anonymous_0)
FNF:1
FNH:0
FNDA:0,(anonymous_0)
DA:4,4
DA:5,0
LF:2
LH:1
BRF:0
BRH:0
end_of_record
TN:
SF:/Users/nabulovivian/Desktop/Ah-frontend-guardians/src/components/presentational/login/login.js
FN:4,(anonymous_0)
FNF:1
FNH:1
FNDA:9,(anonymous_0)
DA:4,3
DA:5,9
DA:7,9
LF:3
LH:3
BRDA:13,0,0,4
BRDA:13,0,1,5
BRDA:25,1,0,4
BRDA:25,1,1,5
BRDA:36,2,0,4
BRDA:36,2,1,5
BRF:6
BRH:6
end_of_record
TN:
SF:/Users/nabulovivian/Desktop/Ah-frontend-guardians/src/components/presentational/login/social_media_links.js
FN:3,(anonymous_0)
FNF:1
FNH:0
FNDA:0,(anonymous_0)
DA:3,0
DA:4,0
LF:2
LH:0
BRF:0
BRH:0
end_of_record
TN:
SF:/Users/nabulovivian/Desktop/Ah-frontend-guardians/src/components/profiles/EditProfile.js
FN:4,EditProfile
FNF:1
FNH:1
FNDA:3,EditProfile
DA:13,3
LF:1
LH:1
BRDA:22,0,0,0
BRDA:22,0,1,3
BRDA:32,1,0,0
BRDA:32,1,1,3
BRF:4
BRH:2
end_of_record
TN:
SF:/Users/nabulovivian/Desktop/Ah-frontend-guardians/src/components/profiles/GetProfile.js
FN:6,GetProfile
FNF:1
FNH:1
FNDA:1,GetProfile
DA:7,1
DA:8,1
DA:10,1
LF:3
LH:3
BRDA:16,0,0,0
BRDA:16,0,1,1
BRF:2
BRH:1
end_of_record
TN:
SF:/Users/nabulovivian/Desktop/Ah-frontend-guardians/src/components/ratings/EditRating.js
FN:3,EditRating
FNF:1
FNH:0
FNDA:0,EditRating
DA:4,0
LF:1
LH:0
BRF:0
BRH:0
end_of_record
TN:
SF:/Users/nabulovivian/Desktop/Ah-frontend-guardians/src/components/resetPassword/resetEmail.js
FN:11,(anonymous_0)
FN:15,(anonymous_1)
FN:21,(anonymous_2)
FN:26,(anonymous_3)
FN:43,(anonymous_4)
FNF:5
FNH:5
FNDA:4,(anonymous_0)
FNDA:1,(anonymous_1)
FNDA:1,(anonymous_2)
FNDA:6,(anonymous_3)
FNDA:1,(anonymous_4)
DA:12,4
DA:13,4
DA:16,1
DA:18,1
DA:22,1
DA:27,6
DA:43,3
DA:44,1
LF:8
LH:8
BRF:0
BRH:0
end_of_record
TN:
SF:/Users/nabulovivian/Desktop/Ah-frontend-guardians/src/components/resetPassword/resetPassword.js
FN:11,(anonymous_0)
FN:17,(anonymous_1)
FN:24,(anonymous_2)
FN:28,(anonymous_3)
FN:33,(anonymous_4)
FN:52,(anonymous_5)
FNF:6
FNH:5
FNDA:5,(anonymous_0)
FNDA:1,(anonymous_1)
FNDA:2,(anonymous_2)
FNDA:0,(anonymous_3)
FNDA:8,(anonymous_4)
FNDA:1,(anonymous_5)
DA:12,5
DA:13,5
DA:18,1
DA:20,1
DA:21,1
DA:25,2
DA:29,0
DA:34,8
DA:52,2
DA:53,1
LF:10
LH:9
BRF:0
BRH:0
end_of_record
TN:
SF:/Users/nabulovivian/Desktop/Ah-frontend-guardians/src/components/search/SearchData.js
FN:6,SearchData
FNF:1
FNH:0
FNDA:0,SearchData
DA:7,0
LF:1
LH:0
BRF:0
BRH:0
end_of_record
TN:
SF:/Users/nabulovivian/Desktop/Ah-frontend-guardians/src/components/search/SearchForm.js
FN:3,SearchForm
FNF:1
FNH:0
FNDA:0,SearchForm
DA:10,0
LF:1
LH:0
BRF:0
BRH:0
end_of_record
TN:
SF:/Users/nabulovivian/Desktop/Ah-frontend-guardians/src/components/views/commentsView/CommentGetView.js
FN:12,(anonymous_0)
FN:22,(anonymous_1)
FN:27,(anonymous_2)
FN:37,(anonymous_3)
FN:43,(anonymous_4)
FN:53,(anonymous_5)
FN:62,(anonymous_6)
FN:69,(anonymous_7)
FN:72,(anonymous_8)
FN:111,(anonymous_9)
FNF:10
FNH:8
FNDA:3,(anonymous_0)
FNDA:3,(anonymous_1)
FNDA:1,(anonymous_2)
FNDA:1,(anonymous_3)
FNDA:1,(anonymous_4)
FNDA:1,(anonymous_5)
FNDA:0,(anonymous_6)
FNDA:5,(anonymous_7)
FNDA:5,(anonymous_8)
FNDA:0,(anonymous_9)
DA:13,3
DA:14,3
DA:23,3
DA:24,3
DA:28,1
DA:29,1
DA:30,1
DA:32,1
DA:33,1
DA:38,1
DA:44,1
DA:45,1
DA:48,1
DA:49,1
DA:50,1
DA:54,1
DA:55,1
DA:56,1
DA:63,0
DA:64,0
DA:70,5
DA:72,5
DA:73,5
DA:101,5
DA:111,4
LF:25
LH:23
BRDA:29,0,0,1
BRDA:29,0,1,0
BRDA:32,1,0,1
BRDA:32,1,1,0
BRDA:63,2,0,0
BRDA:63,2,1,0
BRDA:83,3,0,0
BRDA:83,3,1,5
BRDA:103,4,0,0
BRDA:103,4,1,5
BRF:10
BRH:4
end_of_record
TN:
SF:/Users/nabulovivian/Desktop/Ah-frontend-guardians/src/components/views/commentsView/postComent.js
FN:9,(anonymous_0)
FN:19,(anonymous_1)
FN:30,(anonymous_2)
FN:35,(anonymous_3)
FN:37,(anonymous_4)
FN:54,(anonymous_5)
FN:72,(anonymous_6)
FNF:7
FNH:6
FNDA:7,(anonymous_0)
FNDA:2,(anonymous_1)
FNDA:1,(anonymous_2)
FNDA:3,(anonymous_3)
FNDA:3,(anonymous_4)
FNDA:10,(anonymous_5)
FNDA:0,(anonymous_6)
DA:10,7
DA:11,7
DA:20,2
DA:21,2
DA:22,1
DA:23,1
DA:24,1
DA:25,1
DA:26,1
DA:31,1
DA:38,3
DA:39,3
DA:40,3
DA:41,0
DA:44,3
DA:48,3
DA:49,3
DA:55,10
DA:56,10
DA:59,10
DA:72,4
DA:73,0
DA:80,4
LF:23
LH:21
BRDA:21,0,0,1
BRDA:21,0,1,1
BRDA:23,1,0,1
BRDA:23,1,1,0
BRDA:40,2,0,0
BRDA:40,2,1,3
BRF:6
BRH:4
end_of_record
TN:
SF:/Users/nabulovivian/Desktop/Ah-frontend-guardians/src/components/views/loginView/loginView.js
FN:13,(anonymous_0)
FN:15,(anonymous_1)
FN:21,(anonymous_2)
FN:31,(anonymous_3)
FN:40,(anonymous_4)
FN:55,(anonymous_5)
FNF:6
FNH:6
FNDA:7,(anonymous_0)
FNDA:2,(anonymous_1)
FNDA:3,(anonymous_2)
FNDA:2,(anonymous_3)
FNDA:12,(anonymous_4)
FNDA:1,(anonymous_5)
DA:16,2
DA:22,3
DA:23,3
DA:24,1
DA:25,2
DA:26,1
DA:27,1
DA:32,2
DA:33,2
DA:37,2
DA:41,12
DA:55,2
DA:57,1
LF:13
LH:13
BRDA:23,0,0,1
BRDA:23,0,1,2
BRDA:25,1,0,1
BRDA:25,1,1,1
BRF:4
BRH:4
end_of_record
TN:
SF:/Users/nabulovivian/Desktop/Ah-frontend-guardians/src/components/views/signup/SignUpView.js
FN:10,(anonymous_0)
FN:24,(anonymous_1)
FN:36,(anonymous_2)
FN:42,(anonymous_3)
FN:53,(anonymous_4)
FN:87,(anonymous_5)
FNF:6
FNH:6
FNDA:3,(anonymous_0)
FNDA:2,(anonymous_1)
FNDA:3,(anonymous_2)
FNDA:1,(anonymous_3)
FNDA:8,(anonymous_4)
FNDA:1,(anonymous_5)
DA:11,3
DA:12,3
DA:25,2
DA:26,2
DA:27,1
DA:29,2
DA:30,1
DA:31,1
DA:32,1
DA:37,3
DA:43,1
DA:44,1
DA:50,1
DA:54,8
DA:87,3
LF:15
LH:15
BRDA:26,0,0,1
BRDA:26,0,1,1
BRDA:29,1,0,1
BRDA:29,1,1,1
BRF:4
BRH:4
end_of_record
TN:
SF:/Users/nabulovivian/Desktop/Ah-frontend-guardians/src/reducers/ErrorReducer.js
FN:3,(anonymous_0)
FNF:1
FNH:1
FNDA:48,(anonymous_0)
DA:3,17
DA:4,48
DA:6,1
DA:9,47
LF:4
LH:4
BRDA:3,0,0,47
BRDA:4,1,0,1
BRDA:4,1,1,47
BRF:3
BRH:3
end_of_record
TN:
SF:/Users/nabulovivian/Desktop/Ah-frontend-guardians/src/reducers/commentDeleteReducers.js
FN:10,(anonymous_0)
FNF:1
FNH:1
FNDA:47,(anonymous_0)
DA:3,17
DA:10,17
DA:11,47
DA:13,1
DA:20,46
LF:5
LH:5
BRDA:10,0,0,46
BRDA:11,1,0,1
BRDA:11,1,1,46
BRF:3
BRH:3
end_of_record
TN:
SF:/Users/nabulovivian/Desktop/Ah-frontend-guardians/src/reducers/commentGetReducers.js
FN:12,(anonymous_0)
FNF:1
FNH:1
FNDA:48,(anonymous_0)
DA:4,17
DA:12,17
DA:13,48
DA:15,1
DA:22,1
DA:29,46
LF:6
LH:6
BRDA:12,0,0,46
BRDA:13,1,0,1
BRDA:13,1,1,1
BRDA:13,1,2,46
BRF:4
BRH:4
end_of_record
TN:
SF:/Users/nabulovivian/Desktop/Ah-frontend-guardians/src/reducers/commentsReducer.js
FN:11,(anonymous_0)
FNF:1
FNH:1
FNDA:48,(anonymous_0)
DA:3,17
DA:11,17
DA:12,48
DA:14,1
DA:21,1
DA:28,46
LF:6
LH:6
BRDA:11,0,0,46
BRDA:12,1,0,1
BRDA:12,1,1,1
BRDA:12,1,2,46
BRF:4
BRH:4
end_of_record
TN:
SF:/Users/nabulovivian/Desktop/Ah-frontend-guardians/src/reducers/commentsUpdateReducers.js
FN:11,(anonymous_0)
FNF:1
FNH:1
FNDA:48,(anonymous_0)
DA:3,17
DA:11,17
DA:12,48
DA:14,1
DA:21,1
DA:28,46
LF:6
LH:6
BRDA:11,0,0,46
BRDA:12,1,0,1
BRDA:12,1,1,1
BRDA:12,1,2,46
BRF:4
BRH:4
end_of_record
TN:
SF:/Users/nabulovivian/Desktop/Ah-frontend-guardians/src/reducers/loginReducer.js
FN:12,loginReducer
FNF:1
FNH:1
FNDA:49,loginReducer
DA:6,16
DA:13,49
DA:15,1
DA:22,1
DA:29,47
LF:5
LH:5
BRDA:12,0,0,47
BRDA:13,1,0,1
BRDA:13,1,1,1
BRDA:13,1,2,47
BRF:4
BRH:4
end_of_record
TN:
SF:/Users/nabulovivian/Desktop/Ah-frontend-guardians/src/reducers/mainReducer.js
FNF:0
FNH:0
DA:20,16
LF:1
LH:1
BRF:0
BRH:0
end_of_record
TN:
SF:/Users/nabulovivian/Desktop/Ah-frontend-guardians/src/reducers/navBarReducer.js
FN:3,(anonymous_0)
FNF:1
FNH:1
FNDA:46,(anonymous_0)
DA:3,16
DA:4,46
LF:2
LH:2
BRDA:3,0,0,46
BRF:1
BRH:1
end_of_record
TN:
SF:/Users/nabulovivian/Desktop/Ah-frontend-guardians/src/reducers/resetEmailReducer.js
FN:7,(anonymous_0)
FNF:1
FNH:1
FNDA:49,(anonymous_0)
DA:3,16
DA:7,16
DA:8,49
DA:10,1
DA:15,1
DA:20,47
LF:6
LH:6
BRDA:7,0,0,47
BRDA:8,1,0,1
BRDA:8,1,1,1
BRDA:8,1,2,47
BRF:4
BRH:4
end_of_record
TN:
SF:/Users/nabulovivian/Desktop/Ah-frontend-guardians/src/reducers/resetPasswordReducer.js
FN:8,(anonymous_0)
FNF:1
FNH:1
FNDA:49,(anonymous_0)
DA:3,16
DA:8,16
DA:9,49
DA:11,1
DA:17,1
DA:23,47
LF:6
LH:6
BRDA:8,0,0,47
BRDA:9,1,0,1
BRDA:9,1,1,1
BRDA:9,1,2,47
BRF:4
BRH:4
end_of_record
TN:
SF:/Users/nabulovivian/Desktop/Ah-frontend-guardians/src/reducers/articleReducers/articleReducer.js
FN:16,(anonymous_0)
FN:24,(anonymous_1)
FNF:2
FNH:2
FNDA:53,(anonymous_0)
FNDA:2,(anonymous_1)
DA:9,18
DA:17,53
DA:19,1
DA:24,2
DA:26,1
DA:32,1
DA:37,0
DA:43,1
DA:50,0
DA:55,1
DA:60,48
LF:11
LH:9
BRDA:16,0,0,46
BRDA:17,1,0,1
BRDA:17,1,1,1
BRDA:17,1,2,1
BRDA:17,1,3,0
BRDA:17,1,4,1
BRDA:17,1,5,0
BRDA:17,1,6,1
BRDA:17,1,7,48
BRF:9
BRH:7
end_of_record
TN:
SF:/Users/nabulovivian/Desktop/Ah-frontend-guardians/src/reducers/bookmark/bookmarkReducer.js
FN:6,(anonymous_0)
FN:29,(anonymous_1)
FN:53,(anonymous_2)
FNF:3
FNH:3
FNDA:49,(anonymous_0)
FNDA:51,(anonymous_1)
FNDA:1,(anonymous_2)
DA:1,17
DA:6,17
DA:7,49
DA:9,1
DA:15,1
DA:20,47
DA:24,17
DA:29,17
DA:30,51
DA:32,1
DA:38,1
DA:43,1
DA:50,1
DA:53,1
DA:56,47
LF:15
LH:15
BRDA:6,0,0,47
BRDA:7,1,0,1
BRDA:7,1,1,1
BRDA:7,1,2,47
BRDA:29,2,0,47
BRDA:30,3,0,1
BRDA:30,3,1,1
BRDA:30,3,2,1
BRDA:30,3,3,1
BRDA:30,3,4,47
BRF:10
BRH:10
end_of_record
TN:
SF:/Users/nabulovivian/Desktop/Ah-frontend-guardians/src/reducers/likeArticle/likeArticleReducer.js
FN:9,(anonymous_0)
FNF:1
FNH:1
FNDA:53,(anonymous_0)
DA:10,53
DA:12,1
DA:20,2
DA:28,1
DA:33,1
DA:38,1
DA:44,47
LF:7
LH:7
BRDA:9,0,0,46
BRDA:10,1,0,1
BRDA:10,1,1,2
BRDA:10,1,2,1
BRDA:10,1,3,1
BRDA:10,1,4,1
BRDA:10,1,5,47
BRDA:14,2,0,0
BRDA:14,2,1,1
BRDA:15,3,0,0
BRDA:15,3,1,1
BRDA:16,4,0,0
BRDA:16,4,1,1
BRDA:22,5,0,0
BRDA:22,5,1,2
BRDA:23,6,0,0
BRDA:23,6,1,2
BRDA:24,7,0,1
BRDA:24,7,1,1
BRF:19
BRH:14
end_of_record
TN:
SF:/Users/nabulovivian/Desktop/Ah-frontend-guardians/src/reducers/profileReducer/profileReducer.js
FN:7,(anonymous_0)
FNF:1
FNH:1
FNDA:49,(anonymous_0)
DA:3,17
DA:7,17
DA:8,49
DA:10,1
DA:16,1
DA:23,47
LF:6
LH:6
BRDA:7,0,0,46
BRDA:8,1,0,1
BRDA:8,1,1,1
BRDA:8,1,2,47
BRF:4
BRH:4
end_of_record
TN:
SF:/Users/nabulovivian/Desktop/Ah-frontend-guardians/src/reducers/ratingsReducer/ratingsReducer.js
FN:12,(anonymous_0)
FNF:1
FNH:1
FNDA:50,(anonymous_0)
DA:7,17
DA:12,17
DA:13,50
DA:15,1
DA:22,1
DA:28,1
DA:34,47
LF:7
LH:7
BRDA:12,0,0,46
BRDA:13,1,0,1
BRDA:13,1,1,1
BRDA:13,1,2,1
BRDA:13,1,3,47
BRF:5
BRH:5
end_of_record
TN:
SF:/Users/nabulovivian/Desktop/Ah-frontend-guardians/src/reducers/readingStatsReducer/readingStatsReducer.js
FN:3,(anonymous_0)
FNF:1
FNH:1
FNDA:47,(anonymous_0)
DA:4,47
DA:6,1
DA:11,46
LF:3
LH:3
BRDA:3,0,0,46
BRDA:4,1,0,1
BRDA:4,1,1,46
BRF:3
BRH:3
end_of_record
TN:
SF:/Users/nabulovivian/Desktop/Ah-frontend-guardians/src/reducers/signup/signUpReducer.js
FN:11,signupReducer
FNF:1
FNH:1
FNDA:49,signupReducer
DA:5,17
DA:12,49
DA:14,1
DA:21,1
DA:29,47
LF:5
LH:5
BRDA:11,0,0,47
BRDA:12,1,0,1
BRDA:12,1,1,1
BRDA:12,1,2,47
BRF:4
BRH:4
end_of_record
TN:
SF:/Users/nabulovivian/Desktop/Ah-frontend-guardians/src/reducers/socialReducer/socialReducer.js
FN:11,(anonymous_0)
FNF:1
FNH:1
FNDA:51,(anonymous_0)
DA:3,17
DA:11,17
DA:12,51
DA:14,1
DA:22,1
DA:27,1
DA:32,1
DA:40,47
LF:8
LH:8
BRDA:11,0,0,47
BRDA:12,1,0,1
BRDA:12,1,1,1
BRDA:12,1,2,1
BRDA:12,1,3,1
BRDA:12,1,4,47
BRF:6
BRH:6
end_of_record
TN:
SF:/Users/nabulovivian/Desktop/Ah-frontend-guardians/src/reducers/socialSharing/socialSharing.js
FNF:0
FNH:0
LF:0
LH:0
BRF:0
BRH:0
end_of_record
TN:
SF:/Users/nabulovivian/Desktop/Ah-frontend-guardians/src/routes/index.js
FN:20,(anonymous_0)
FN:29,(anonymous_1)
FNF:2
FNH:1
FNDA:1,(anonymous_0)
FNDA:0,(anonymous_1)
DA:20,1
DA:21,1
DA:29,0
LF:3
LH:2
BRF:0
BRH:0
end_of_record
TN:
SF:/Users/nabulovivian/Desktop/Ah-frontend-guardians/src/store/combineStore.js
FNF:0
FNH:0
DA:8,13
DA:10,13
LF:2
LH:2
BRF:0
BRH:0
end_of_record
TN:
SF:/Users/nabulovivian/Desktop/Ah-frontend-guardians/src/views/Profile/ProfileBannerView.js
FN:6,(anonymous_0)
FNF:1
FNH:1
FNDA:1,(anonymous_0)
DA:7,1
LF:1
LH:1
BRF:0
BRH:0
end_of_record
TN:
SF:/Users/nabulovivian/Desktop/Ah-frontend-guardians/src/views/Profile/ProfileView.js
FN:9,(anonymous_0)
FN:18,(anonymous_1)
FNF:2
FNH:2
FNDA:1,(anonymous_0)
FNDA:1,(anonymous_1)
DA:10,1
DA:18,2
LF:2
LH:2
BRF:0
BRH:0
end_of_record
TN:
SF:/Users/nabulovivian/Desktop/Ah-frontend-guardians/src/views/SocialLoginView/SocialLoginView.js
FN:9,(anonymous_0)
FN:16,(anonymous_1)
FN:23,(anonymous_2)
FN:28,(anonymous_3)
FN:37,(anonymous_4)
FN:50,(anonymous_5)
FNF:6
FNH:5
FNDA:1,(anonymous_0)
FNDA:1,(anonymous_1)
FNDA:1,(anonymous_2)
FNDA:2,(anonymous_3)
FNDA:6,(anonymous_4)
FNDA:0,(anonymous_5)
DA:10,1
DA:11,1
DA:12,1
DA:17,1
DA:18,1
DA:19,1
DA:24,1
DA:25,1
DA:29,2
DA:31,2
DA:32,2
DA:33,2
DA:38,6
DA:50,6
DA:51,0
LF:15
LH:14
BRDA:11,0,0,1
BRDA:11,0,1,0
BRDA:18,1,0,1
BRDA:18,1,1,0
BRDA:31,2,0,2
BRDA:31,2,1,0
BRF:6
BRH:3
end_of_record
TN:
SF:/Users/nabulovivian/Desktop/Ah-frontend-guardians/src/views/homeView/homeView.jsx
FN:17,(anonymous_0)
FN:25,(anonymous_1)
FN:31,(anonymous_2)
FN:98,(anonymous_3)
FN:104,(anonymous_4)
FNF:5
FNH:3
FNDA:1,(anonymous_0)
FNDA:0,(anonymous_1)
FNDA:2,(anonymous_2)
FNDA:1,(anonymous_3)
FNDA:0,(anonymous_4)
DA:18,1
DA:19,1
DA:20,1
DA:28,0
DA:29,0
DA:32,2
DA:40,2
DA:41,2
DA:50,2
DA:98,2
DA:104,2
LF:11
LH:9
BRDA:19,0,0,1
BRDA:19,0,1,0
BRDA:20,1,0,1
BRDA:20,1,1,0
BRDA:87,2,0,0
BRDA:87,2,1,2
BRF:6
BRH:3
end_of_record
TN:
SF:/Users/nabulovivian/Desktop/Ah-frontend-guardians/src/views/profiles/EditProfileView.js
FN:16,(anonymous_0)
FN:27,(anonymous_1)
FN:36,(anonymous_2)
FN:40,(anonymous_3)
FN:42,(anonymous_4)
FN:54,(anonymous_5)
FN:71,(anonymous_6)
FN:81,(anonymous_7)
FN:103,(anonymous_8)
FNF:9
FNH:7
FNDA:1,(anonymous_0)
FNDA:0,(anonymous_1)
FNDA:1,(anonymous_2)
FNDA:1,(anonymous_3)
FNDA:1,(anonymous_4)
FNDA:1,(anonymous_5)
FNDA:1,(anonymous_6)
FNDA:2,(anonymous_7)
FNDA:0,(anonymous_8)
DA:17,1
DA:19,1
DA:28,0
DA:29,0
DA:37,1
DA:40,1
DA:43,1
DA:44,1
DA:50,1
DA:51,1
DA:52,1
DA:55,1
DA:72,1
DA:73,1
DA:74,1
DA:75,1
DA:76,1
DA:82,2
DA:84,2
DA:103,2
LF:20
LH:18
BRDA:72,0,0,1
BRDA:72,0,1,0
BRF:2
BRH:1
end_of_record
TN:
SF:/Users/nabulovivian/Desktop/Ah-frontend-guardians/src/views/profiles/GetProfileView.js
FN:11,(anonymous_0)
FN:16,(anonymous_1)
FN:37,(anonymous_2)
FNF:3
FNH:2
FNDA:1,(anonymous_0)
FNDA:1,(anonymous_1)
FNDA:0,(anonymous_2)
DA:12,1
DA:17,1
DA:33,2
DA:37,2
LF:4
LH:4
BRF:0
BRH:0
end_of_record
TN:
SF:/Users/nabulovivian/Desktop/Ah-frontend-guardians/src/views/ratings/EditRatingsView.js
FN:10,(anonymous_0)
FN:18,(anonymous_1)
FN:27,(anonymous_2)
FN:31,(anonymous_3)
FN:47,(anonymous_4)
FNF:5
FNH:3
FNDA:1,(anonymous_0)
FNDA:0,(anonymous_1)
FNDA:1,(anonymous_2)
FNDA:1,(anonymous_3)
FNDA:0,(anonymous_4)
DA:11,1
DA:13,1
DA:19,0
DA:20,0
DA:21,0
DA:24,0
DA:28,1
DA:32,1
DA:33,1
DA:47,4
LF:10
LH:6
BRF:0
BRH:0
end_of_record
TN:
SF:/Users/nabulovivian/Desktop/Ah-frontend-guardians/src/views/search/SearchArticleView.js
FN:11,(anonymous_0)
FN:18,(anonymous_1)
FN:20,(anonymous_2)
FN:30,(anonymous_3)
FN:42,(anonymous_4)
FN:60,(anonymous_5)
FNF:6
FNH:0
FNDA:0,(anonymous_0)
FNDA:0,(anonymous_1)
FNDA:0,(anonymous_2)
FNDA:0,(anonymous_3)
FNDA:0,(anonymous_4)
FNDA:0,(anonymous_5)
DA:12,0
DA:13,0
DA:18,0
DA:21,0
DA:22,0
DA:25,0
DA:31,0
DA:32,0
DA:33,0
DA:43,0
DA:60,1
LF:11
LH:1
BRDA:25,0,0,0
BRDA:25,0,1,0
BRDA:41,1,0,0
BRDA:41,1,1,0
BRF:4
BRH:0
end_of_record
