TN:
SF:/Users/opioemmanuelomona/Documents/Github/Ah-frontend-guardians/src/action/actionCreator/login/loginCreator.js
FN:8,(anonymous_0)
FN:13,(anonymous_1)
FN:18,(anonymous_2)
FN:18,(anonymous_3)
FN:20,(anonymous_4)
FN:24,(anonymous_5)
FNF:6
FNH:6
FNDA:2,(anonymous_0)
FNDA:2,(anonymous_1)
FNDA:2,(anonymous_2)
FNDA:2,(anonymous_3)
FNDA:1,(anonymous_4)
FNDA:1,(anonymous_5)
DA:4,3
DA:8,3
DA:13,3
DA:18,3
DA:19,2
DA:21,1
DA:22,1
DA:25,1
LF:8
LH:8
BRF:0
BRH:0
end_of_record
TN:
SF:/Users/opioemmanuelomona/Documents/Github/Ah-frontend-guardians/src/action/actionType/loginType/loginType.js
FNF:0
FNH:0
DA:1,7
DA:2,7
LF:2
LH:2
BRF:0
BRH:0
end_of_record
TN:
SF:/Users/opioemmanuelomona/Documents/Github/Ah-frontend-guardians/src/actions/index.js
FNF:0
FNH:0
DA:1,7
DA:2,7
LF:2
LH:2
BRF:0
BRH:0
end_of_record
TN:
SF:/Users/opioemmanuelomona/Documents/Github/Ah-frontend-guardians/src/actions/articleActions/ArticleActions.js
FN:16,(anonymous_0)
FN:16,(anonymous_1)
FN:19,(anonymous_2)
FN:25,(anonymous_3)
FN:27,(anonymous_4)
FN:27,(anonymous_5)
FN:30,(anonymous_6)
FN:38,(anonymous_7)
FN:40,(anonymous_8)
FN:40,(anonymous_9)
FN:43,(anonymous_10)
FN:51,(anonymous_11)
FNF:12
FNH:12
FNDA:2,(anonymous_0)
FNDA:2,(anonymous_1)
FNDA:1,(anonymous_2)
FNDA:1,(anonymous_3)
FNDA:2,(anonymous_4)
FNDA:2,(anonymous_5)
FNDA:1,(anonymous_6)
FNDA:1,(anonymous_7)
FNDA:2,(anonymous_8)
FNDA:2,(anonymous_9)
FNDA:1,(anonymous_10)
FNDA:1,(anonymous_11)
DA:11,7
DA:16,7
DA:17,2
DA:20,1
DA:25,1
DA:27,7
DA:28,2
DA:31,1
DA:36,1
DA:38,1
DA:40,7
DA:41,2
DA:44,1
DA:49,1
DA:52,1
DA:53,1
DA:54,1
DA:57,1
DA:60,1
LF:19
LH:19
BRDA:54,0,0,1
BRDA:54,0,1,0
BRDA:57,1,0,1
BRDA:57,1,1,0
BRF:4
BRH:2
end_of_record
TN:
SF:/Users/opioemmanuelomona/Documents/Github/Ah-frontend-guardians/src/actions/articleActions/types.js
FNF:0
FNH:0
DA:1,11
DA:2,11
DA:3,11
DA:4,11
DA:5,11
DA:6,11
LF:6
LH:6
BRF:0
BRH:0
end_of_record
TN:
SF:/Users/opioemmanuelomona/Documents/Github/Ah-frontend-guardians/src/actions/signup/actionTypes.js
FNF:0
FNH:0
DA:1,9
DA:2,9
DA:3,9
LF:3
LH:3
BRF:0
BRH:0
end_of_record
TN:
SF:/Users/opioemmanuelomona/Documents/Github/Ah-frontend-guardians/src/actions/signup/signUpAction.js
FN:5,(anonymous_0)
FN:5,(anonymous_1)
FN:7,(anonymous_2)
FN:13,(anonymous_3)
FNF:4
FNH:4
FNDA:2,(anonymous_0)
FNDA:2,(anonymous_1)
FNDA:1,(anonymous_2)
FNDA:1,(anonymous_3)
DA:5,3
DA:6,2
DA:8,1
DA:9,1
DA:14,1
LF:5
LH:5
BRF:0
BRH:0
end_of_record
TN:
SF:/Users/opioemmanuelomona/Documents/Github/Ah-frontend-guardians/src/components/App.js
FN:7,(anonymous_0)
FNF:1
FNH:1
FNDA:1,(anonymous_0)
DA:8,1
LF:1
LH:1
BRF:0
BRH:0
end_of_record
TN:
SF:/Users/opioemmanuelomona/Documents/Github/Ah-frontend-guardians/src/components/Footer/Footer.js
FN:3,(anonymous_0)
FNF:1
FNH:1
FNDA:1,(anonymous_0)
DA:3,4
DA:4,1
LF:2
LH:2
BRF:0
BRH:0
end_of_record
TN:
SF:/Users/opioemmanuelomona/Documents/Github/Ah-frontend-guardians/src/components/MyArticles/DeleteButton.js
FN:7,(anonymous_0)
FN:12,(anonymous_1)
FN:20,(anonymous_2)
FN:27,(anonymous_3)
FN:42,(anonymous_4)
FNF:5
FNH:4
FNDA:1,(anonymous_0)
FNDA:1,(anonymous_1)
FNDA:0,(anonymous_2)
FNDA:1,(anonymous_3)
FNDA:1,(anonymous_4)
DA:8,1
DA:9,1
DA:13,1
DA:14,1
DA:21,0
DA:22,0
DA:28,1
DA:42,5
LF:8
LH:6
BRDA:21,0,0,0
BRDA:21,0,1,0
BRF:2
BRH:0
end_of_record
TN:
SF:/Users/opioemmanuelomona/Documents/Github/Ah-frontend-guardians/src/components/MyArticles/Edit Article.js
FN:11,(anonymous_0)
FN:29,(anonymous_1)
FN:35,(anonymous_2)
FN:38,(anonymous_3)
FN:50,(anonymous_4)
FN:57,(anonymous_5)
FN:65,(anonymous_6)
FN:71,(anonymous_7)
FN:77,(anonymous_8)
FN:128,(anonymous_9)
FNF:10
FNH:10
FNDA:2,(anonymous_0)
FNDA:1,(anonymous_1)
FNDA:2,(anonymous_2)
FNDA:2,(anonymous_3)
FNDA:1,(anonymous_4)
FNDA:1,(anonymous_5)
FNDA:1,(anonymous_6)
FNDA:1,(anonymous_7)
FNDA:6,(anonymous_8)
FNDA:1,(anonymous_9)
DA:12,2
DA:14,2
DA:24,2
DA:25,2
DA:26,2
DA:30,1
DA:31,1
DA:36,2
DA:38,2
DA:40,2
DA:51,1
DA:52,1
DA:54,1
DA:58,1
DA:60,1
DA:66,1
DA:72,1
DA:78,6
DA:128,1
LF:19
LH:19
BRDA:30,0,0,1
BRDA:30,0,1,0
BRF:2
BRH:1
end_of_record
TN:
SF:/Users/opioemmanuelomona/Documents/Github/Ah-frontend-guardians/src/components/MyArticles/EditButton.js
FN:6,(anonymous_0)
FN:10,(anonymous_1)
FN:27,(anonymous_2)
FNF:3
FNH:3
FNDA:1,(anonymous_0)
FNDA:1,(anonymous_1)
FNDA:1,(anonymous_2)
DA:7,1
DA:11,1
DA:12,1
DA:27,5
DA:28,1
LF:5
LH:5
BRF:0
BRH:0
end_of_record
TN:
SF:/Users/opioemmanuelomona/Documents/Github/Ah-frontend-guardians/src/components/MyArticles/MyArticles.js
FN:10,(anonymous_0)
FN:14,(anonymous_1)
FN:15,(anonymous_2)
FN:53,(anonymous_3)
FNF:4
FNH:4
FNDA:1,(anonymous_0)
FNDA:1,(anonymous_1)
FNDA:1,(anonymous_2)
FNDA:1,(anonymous_3)
DA:11,1
DA:15,1
DA:16,1
DA:45,1
DA:53,4
LF:5
LH:5
BRDA:47,0,0,0
BRDA:47,0,1,1
BRF:2
BRH:1
end_of_record
TN:
SF:/Users/opioemmanuelomona/Documents/Github/Ah-frontend-guardians/src/components/ProfileBanner/ProfileBanner.js
FN:5,(anonymous_0)
FN:14,(anonymous_1)
FN:25,(anonymous_2)
FNF:3
FNH:3
FNDA:1,(anonymous_0)
FNDA:1,(anonymous_1)
FNDA:3,(anonymous_2)
DA:6,1
DA:7,1
DA:15,1
DA:20,1
DA:26,3
LF:5
LH:5
BRF:0
BRH:0
end_of_record
TN:
SF:/Users/opioemmanuelomona/Documents/Github/Ah-frontend-guardians/src/components/SignUp/Input.js
FN:4,(anonymous_0)
FNF:1
FNH:1
FNDA:2,(anonymous_0)
DA:4,4
DA:5,2
DA:22,4
LF:3
LH:3
BRF:0
BRH:0
end_of_record
TN:
SF:/Users/opioemmanuelomona/Documents/Github/Ah-frontend-guardians/src/components/SignUp/SignUpForm.js
FN:7,(anonymous_0)
FNF:1
FNH:1
FNDA:5,(anonymous_0)
DA:7,3
DA:8,5
DA:9,5
DA:11,5
DA:30,3
LF:5
LH:5
BRDA:15,0,0,5
BRDA:15,0,1,1
BRDA:19,1,0,5
BRDA:19,1,1,1
BRDA:23,2,0,5
BRDA:23,2,1,1
BRF:6
BRH:6
end_of_record
TN:
SF:/Users/opioemmanuelomona/Documents/Github/Ah-frontend-guardians/src/components/SignUp/SocialLinks.js
FN:4,(anonymous_0)
FNF:1
FNH:1
FNDA:1,(anonymous_0)
DA:4,4
DA:5,1
LF:2
LH:2
BRF:0
BRH:0
end_of_record
TN:
SF:/Users/opioemmanuelomona/Documents/Github/Ah-frontend-guardians/src/components/navBar/NavBar.js
FN:7,(anonymous_0)
FN:35,(anonymous_1)
FNF:2
FNH:2
FNDA:1,(anonymous_0)
FNDA:1,(anonymous_1)
DA:8,1
DA:35,4
DA:36,1
LF:3
LH:3
BRDA:18,0,0,0
BRDA:18,0,1,1
BRF:2
BRH:1
end_of_record
TN:
SF:/Users/opioemmanuelomona/Documents/Github/Ah-frontend-guardians/src/components/presentational/login/login.js
FN:4,(anonymous_0)
FNF:1
FNH:1
FNDA:9,(anonymous_0)
DA:4,2
DA:5,9
DA:7,9
LF:3
LH:3
BRDA:11,0,0,4
BRDA:11,0,1,5
BRDA:15,1,0,4
BRDA:15,1,1,5
BRDA:18,2,0,4
BRDA:18,2,1,5
BRF:6
BRH:6
end_of_record
TN:
SF:/Users/opioemmanuelomona/Documents/Github/Ah-frontend-guardians/src/components/presentational/login/social_media_links.js
FN:3,(anonymous_0)
FNF:1
FNH:1
FNDA:1,(anonymous_0)
DA:3,3
DA:4,1
LF:2
LH:2
BRF:0
BRH:0
end_of_record
TN:
SF:/Users/opioemmanuelomona/Documents/Github/Ah-frontend-guardians/src/components/views/loginView/loginView.js
FN:13,(anonymous_0)
FN:15,(anonymous_1)
FN:21,(anonymous_2)
FN:31,(anonymous_3)
FN:40,(anonymous_4)
FN:55,(anonymous_5)
FNF:6
FNH:6
FNDA:7,(anonymous_0)
FNDA:2,(anonymous_1)
FNDA:3,(anonymous_2)
FNDA:2,(anonymous_3)
FNDA:12,(anonymous_4)
FNDA:1,(anonymous_5)
DA:16,2
DA:22,3
DA:23,3
DA:24,1
DA:25,2
DA:26,1
DA:27,1
DA:32,2
DA:33,2
DA:37,2
DA:41,12
DA:55,1
DA:57,1
LF:13
LH:13
BRDA:23,0,0,1
BRDA:23,0,1,2
BRDA:25,1,0,1
BRDA:25,1,1,1
BRF:4
BRH:4
end_of_record
TN:
SF:/Users/opioemmanuelomona/Documents/Github/Ah-frontend-guardians/src/components/views/signup/SignUpView.js
FN:12,(anonymous_0)
FN:26,(anonymous_1)
FN:38,(anonymous_2)
FN:44,(anonymous_3)
FN:56,(anonymous_4)
FN:78,(anonymous_5)
FNF:6
FNH:6
FNDA:3,(anonymous_0)
FNDA:2,(anonymous_1)
FNDA:3,(anonymous_2)
FNDA:1,(anonymous_3)
FNDA:8,(anonymous_4)
FNDA:1,(anonymous_5)
DA:13,3
DA:14,3
DA:27,2
DA:28,2
DA:29,1
DA:31,2
DA:32,1
DA:33,1
DA:34,1
DA:39,3
DA:45,1
DA:46,1
DA:52,1
DA:57,8
DA:78,2
LF:15
LH:15
BRDA:28,0,0,1
BRDA:28,0,1,1
BRDA:31,1,0,1
BRDA:31,1,1,1
BRF:4
BRH:4
end_of_record
TN:
SF:/Users/opioemmanuelomona/Documents/Github/Ah-frontend-guardians/src/reducers/loginReducer.js
FN:9,loginReducer
FNF:1
FNH:1
FNDA:18,loginReducer
DA:3,5
DA:10,18
DA:12,1
DA:19,1
DA:26,16
LF:5
LH:5
BRDA:9,0,0,16
BRDA:10,1,0,1
BRDA:10,1,1,1
BRDA:10,1,2,16
BRF:4
BRH:4
end_of_record
TN:
SF:/Users/opioemmanuelomona/Documents/Github/Ah-frontend-guardians/src/reducers/mainReducer.js
FNF:0
FNH:0
DA:7,5
LF:1
LH:1
BRF:0
BRH:0
end_of_record
TN:
SF:/Users/opioemmanuelomona/Documents/Github/Ah-frontend-guardians/src/reducers/navBarReducer.js
FN:3,(anonymous_0)
FNF:1
FNH:1
FNDA:15,(anonymous_0)
DA:3,5
DA:4,15
LF:2
LH:2
BRDA:3,0,0,15
BRF:1
BRH:1
end_of_record
TN:
SF:/Users/opioemmanuelomona/Documents/Github/Ah-frontend-guardians/src/reducers/articleReducers/articleReducer.js
FN:13,(anonymous_0)
FN:21,(anonymous_1)
FNF:2
FNH:2
FNDA:19,(anonymous_0)
FNDA:2,(anonymous_1)
DA:7,6
DA:14,19
DA:16,1
DA:21,1
DA:22,2
DA:24,1
DA:30,1
DA:35,16
LF:8
LH:8
BRDA:13,0,0,15
BRDA:14,1,0,1
BRDA:14,1,1,1
BRDA:14,1,2,1
BRDA:14,1,3,16
BRF:5
BRH:5
end_of_record
TN:
SF:/Users/opioemmanuelomona/Documents/Github/Ah-frontend-guardians/src/reducers/signup/signUpReducer.js
FN:11,signupReducer
FNF:1
FNH:1
FNDA:18,signupReducer
DA:5,6
DA:12,18
DA:14,1
DA:21,1
DA:29,16
LF:5
LH:5
BRDA:11,0,0,16
BRDA:12,1,0,1
BRDA:12,1,1,1
BRDA:12,1,2,16
BRF:4
BRH:4
end_of_record
TN:
SF:/Users/opioemmanuelomona/Documents/Github/Ah-frontend-guardians/src/store/combineStore.js
FNF:0
FNH:0
DA:6,4
DA:7,4
DA:15,4
LF:3
LH:3
BRF:0
BRH:0
end_of_record
TN:
SF:/Users/opioemmanuelomona/Documents/Github/Ah-frontend-guardians/src/views/Profile/ProfileBannerView.js
FN:6,(anonymous_0)
FNF:1
FNH:1
FNDA:1,(anonymous_0)
DA:7,1
LF:1
LH:1
BRF:0
BRH:0
end_of_record
TN:
SF:/Users/opioemmanuelomona/Documents/Github/Ah-frontend-guardians/src/views/Profile/ProfileView.js
FN:9,(anonymous_0)
FN:18,(anonymous_1)
FNF:2
FNH:2
FNDA:1,(anonymous_0)
FNDA:1,(anonymous_1)
DA:10,1
DA:18,1
LF:2
LH:2
BRF:0
BRH:0
end_of_record
